
20/10/2018 17:39:19 - Falha interna da função GetDeviceId
20/10/2018 17:39:19 - System.IndexOutOfRangeException: Não há linha na posição 0.
   em System.Data.RBTree`1.GetNodeByIndex(Int32 userIndex)
   em System.Data.DataRowCollection.get_Item(Int32 index)
   em MControl_OEE.Module1.GetDeviceId(String strMachineId, String& strDeviceId) na C:\OMNIVIEWER\v.1.7.4\VIEWER\omniViewer\MControl_OEE\Module1.vb:linha 527
20/10/2018 17:39:21 - Falha interna da função GetStatusComm
20/10/2018 17:39:21 - System.Data.SqlClient.SqlException (0x80131904): Sintaxe incorreta próxima a '='.
   em System.Data.SqlClient.SqlConnection.OnError(SqlException exception, Boolean breakConnection, Action`1 wrapCloseInAction)
   em System.Data.SqlClient.SqlInternalConnection.OnError(SqlException exception, Boolean breakConnection, Action`1 wrapCloseInAction)
   em System.Data.SqlClient.TdsParser.ThrowExceptionAndWarning(TdsParserStateObject stateObj, Boolean callerHasConnectionLock, Boolean asyncClose)
   em System.Data.SqlClient.TdsParser.TryRun(RunBehavior runBehavior, SqlCommand cmdHandler, SqlDataReader dataStream, BulkCopySimpleResultSet bulkCopyHandler, TdsParserStateObject stateObj, Boolean& dataReady)
   em System.Data.SqlClient.SqlDataReader.TryConsumeMetaData()
   em System.Data.SqlClient.SqlDataReader.get_MetaData()
   em System.Data.SqlClient.SqlCommand.FinishExecuteReader(SqlDataReader ds, RunBehavior runBehavior, String resetOptionsString, Boolean isInternal, Boolean forDescribeParameterEncryption)
   em System.Data.SqlClient.SqlCommand.RunExecuteReaderTds(CommandBehavior cmdBehavior, RunBehavior runBehavior, Boolean returnStream, Boolean async, Int32 timeout, Task& task, Boolean asyncWrite, Boolean inRetry, SqlDataReader ds, Boolean describeParameterEncryptionRequest)
   em System.Data.SqlClient.SqlCommand.RunExecuteReader(CommandBehavior cmdBehavior, RunBehavior runBehavior, Boolean returnStream, String method, TaskCompletionSource`1 completion, Int32 timeout, Task& task, Boolean& usedCache, Boolean asyncWrite, Boolean inRetry)
   em System.Data.SqlClient.SqlCommand.RunExecuteReader(CommandBehavior cmdBehavior, RunBehavior runBehavior, Boolean returnStream, String method)
   em System.Data.SqlClient.SqlCommand.ExecuteReader(CommandBehavior behavior, String method)
   em System.Data.SqlClient.SqlCommand.ExecuteDbDataReader(CommandBehavior behavior)
   em System.Data.Common.DbCommand.System.Data.IDbCommand.ExecuteReader(CommandBehavior behavior)
   em System.Data.Common.DbDataAdapter.FillInternal(DataSet dataset, DataTable[] datatables, Int32 startRecord, Int32 maxRecords, String srcTable, IDbCommand command, CommandBehavior behavior)
   em System.Data.Common.DbDataAdapter.Fill(DataSet dataSet, Int32 startRecord, Int32 maxRecords, String srcTable, IDbCommand command, CommandBehavior behavior)
   em System.Data.Common.DbDataAdapter.Fill(DataSet dataSet, String srcTable)
   em MControl_OEE.Module1.GetStatusComm(String strDeviceId, String& strStatus) na C:\OMNIVIEWER\v.1.7.4\VIEWER\omniViewer\MControl_OEE\Module1.vb:linha 484
ClientConnectionId:2efbdb08-0c5e-40c4-bfa3-ed562a81adc8
Error Number:102,State:1,Class:15
20/10/2018 17:39:26 - Falha interna da função GetStatusComm
20/10/2018 17:39:26 - System.Data.SqlClient.SqlException (0x80131904): Sintaxe incorreta próxima a '='.
   em System.Data.SqlClient.SqlConnection.OnError(SqlException exception, Boolean breakConnection, Action`1 wrapCloseInAction)
   em System.Data.SqlClient.SqlInternalConnection.OnError(SqlException exception, Boolean breakConnection, Action`1 wrapCloseInAction)
   em System.Data.SqlClient.TdsParser.ThrowExceptionAndWarning(TdsParserStateObject stateObj, Boolean callerHasConnectionLock, Boolean asyncClose)
   em System.Data.SqlClient.TdsParser.TryRun(RunBehavior runBehavior, SqlCommand cmdHandler, SqlDataReader dataStream, BulkCopySimpleResultSet bulkCopyHandler, TdsParserStateObject stateObj, Boolean& dataReady)
   em System.Data.SqlClient.SqlDataReader.TryConsumeMetaData()
   em System.Data.SqlClient.SqlDataReader.get_MetaData()
   em System.Data.SqlClient.SqlCommand.FinishExecuteReader(SqlDataReader ds, RunBehavior runBehavior, String resetOptionsString, Boolean isInternal, Boolean forDescribeParameterEncryption)
   em System.Data.SqlClient.SqlCommand.RunExecuteReaderTds(CommandBehavior cmdBehavior, RunBehavior runBehavior, Boolean returnStream, Boolean async, Int32 timeout, Task& task, Boolean asyncWrite, Boolean inRetry, SqlDataReader ds, Boolean describeParameterEncryptionRequest)
   em System.Data.SqlClient.SqlCommand.RunExecuteReader(CommandBehavior cmdBehavior, RunBehavior runBehavior, Boolean returnStream, String method, TaskCompletionSource`1 completion, Int32 timeout, Task& task, Boolean& usedCache, Boolean asyncWrite, Boolean inRetry)
   em System.Data.SqlClient.SqlCommand.RunExecuteReader(CommandBehavior cmdBehavior, RunBehavior runBehavior, Boolean returnStream, String method)
   em System.Data.SqlClient.SqlCommand.ExecuteReader(CommandBehavior behavior, String method)
   em System.Data.SqlClient.SqlCommand.ExecuteDbDataReader(CommandBehavior behavior)
   em System.Data.Common.DbCommand.System.Data.IDbCommand.ExecuteReader(CommandBehavior behavior)
   em System.Data.Common.DbDataAdapter.FillInternal(DataSet dataset, DataTable[] datatables, Int32 startRecord, Int32 maxRecords, String srcTable, IDbCommand command, CommandBehavior behavior)
   em System.Data.Common.DbDataAdapter.Fill(DataSet dataSet, Int32 startRecord, Int32 maxRecords, String srcTable, IDbCommand command, CommandBehavior behavior)
   em System.Data.Common.DbDataAdapter.Fill(DataSet dataSet, String srcTable)
   em MControl_OEE.Module1.GetStatusComm(String strDeviceId, String& strStatus) na C:\OMNIVIEWER\v.1.7.4\VIEWER\omniViewer\MControl_OEE\Module1.vb:linha 484
ClientConnectionId:8402e81d-f482-4371-b891-9318725f8b91
Error Number:102,State:1,Class:15
20/10/2018 19:07:49 - Falha interna da função GetDeviceId
20/10/2018 19:07:49 - System.IndexOutOfRangeException: Não há linha na posição 0.
   em System.Data.RBTree`1.GetNodeByIndex(Int32 userIndex)
   em System.Data.DataRowCollection.get_Item(Int32 index)
   em MControl_OEE.Module1.GetDeviceId(String strMachineId, String& strDeviceId) na C:\OMNIVIEWER\v.1.7.4\VIEWER\omniViewer\MControl_OEE\Module1.vb:linha 527
20/10/2018 19:39:35 - Falha interna da função GetEmptyStop
20/10/2018 19:39:35 - System.Data.SqlClient.SqlException (0x80131904): Nome de objeto 'dbo.exe_HistoricoParadas' inválido.
   em System.Data.SqlClient.SqlConnection.OnError(SqlException exception, Boolean breakConnection, Action`1 wrapCloseInAction)
   em System.Data.SqlClient.SqlInternalConnection.OnError(SqlException exception, Boolean breakConnection, Action`1 wrapCloseInAction)
   em System.Data.SqlClient.TdsParser.ThrowExceptionAndWarning(TdsParserStateObject stateObj, Boolean callerHasConnectionLock, Boolean asyncClose)
   em System.Data.SqlClient.TdsParser.TryRun(RunBehavior runBehavior, SqlCommand cmdHandler, SqlDataReader dataStream, BulkCopySimpleResultSet bulkCopyHandler, TdsParserStateObject stateObj, Boolean& dataReady)
   em System.Data.SqlClient.SqlDataReader.TryConsumeMetaData()
   em System.Data.SqlClient.SqlDataReader.get_MetaData()
   em System.Data.SqlClient.SqlCommand.FinishExecuteReader(SqlDataReader ds, RunBehavior runBehavior, String resetOptionsString, Boolean isInternal, Boolean forDescribeParameterEncryption)
   em System.Data.SqlClient.SqlCommand.RunExecuteReaderTds(CommandBehavior cmdBehavior, RunBehavior runBehavior, Boolean returnStream, Boolean async, Int32 timeout, Task& task, Boolean asyncWrite, Boolean inRetry, SqlDataReader ds, Boolean describeParameterEncryptionRequest)
   em System.Data.SqlClient.SqlCommand.RunExecuteReader(CommandBehavior cmdBehavior, RunBehavior runBehavior, Boolean returnStream, String method, TaskCompletionSource`1 completion, Int32 timeout, Task& task, Boolean& usedCache, Boolean asyncWrite, Boolean inRetry)
   em System.Data.SqlClient.SqlCommand.RunExecuteReader(CommandBehavior cmdBehavior, RunBehavior runBehavior, Boolean returnStream, String method)
   em System.Data.SqlClient.SqlCommand.ExecuteReader(CommandBehavior behavior, String method)
   em System.Data.SqlClient.SqlCommand.ExecuteDbDataReader(CommandBehavior behavior)
   em System.Data.Common.DbCommand.System.Data.IDbCommand.ExecuteReader(CommandBehavior behavior)
   em System.Data.Common.DbDataAdapter.FillInternal(DataSet dataset, DataTable[] datatables, Int32 startRecord, Int32 maxRecords, String srcTable, IDbCommand command, CommandBehavior behavior)
   em System.Data.Common.DbDataAdapter.Fill(DataSet dataSet, Int32 startRecord, Int32 maxRecords, String srcTable, IDbCommand command, CommandBehavior behavior)
   em System.Data.Common.DbDataAdapter.Fill(DataSet dataSet, String srcTable)
   em MControl_OEE.Module1.GetEmptyStop(String strMachineId, Boolean& bolEmpty) na C:\OMNIVIEWER\v.1.7.4\VIEWER\omniViewer\MControl_OEE\Module1.vb:linha 557
ClientConnectionId:59b71a0d-2101-4c57-b219-1a618e788f24
Error Number:208,State:1,Class:16
20/10/2018 19:39:40 - Falha interna da função GetEmptyStop
20/10/2018 19:39:40 - System.Data.SqlClient.SqlException (0x80131904): Nome de objeto 'dbo.exe_HistoricoParadas' inválido.
   em System.Data.SqlClient.SqlConnection.OnError(SqlException exception, Boolean breakConnection, Action`1 wrapCloseInAction)
   em System.Data.SqlClient.SqlInternalConnection.OnError(SqlException exception, Boolean breakConnection, Action`1 wrapCloseInAction)
   em System.Data.SqlClient.TdsParser.ThrowExceptionAndWarning(TdsParserStateObject stateObj, Boolean callerHasConnectionLock, Boolean asyncClose)
   em System.Data.SqlClient.TdsParser.TryRun(RunBehavior runBehavior, SqlCommand cmdHandler, SqlDataReader dataStream, BulkCopySimpleResultSet bulkCopyHandler, TdsParserStateObject stateObj, Boolean& dataReady)
   em System.Data.SqlClient.SqlDataReader.TryConsumeMetaData()
   em System.Data.SqlClient.SqlDataReader.get_MetaData()
   em System.Data.SqlClient.SqlCommand.FinishExecuteReader(SqlDataReader ds, RunBehavior runBehavior, String resetOptionsString, Boolean isInternal, Boolean forDescribeParameterEncryption)
   em System.Data.SqlClient.SqlCommand.RunExecuteReaderTds(CommandBehavior cmdBehavior, RunBehavior runBehavior, Boolean returnStream, Boolean async, Int32 timeout, Task& task, Boolean asyncWrite, Boolean inRetry, SqlDataReader ds, Boolean describeParameterEncryptionRequest)
   em System.Data.SqlClient.SqlCommand.RunExecuteReader(CommandBehavior cmdBehavior, RunBehavior runBehavior, Boolean returnStream, String method, TaskCompletionSource`1 completion, Int32 timeout, Task& task, Boolean& usedCache, Boolean asyncWrite, Boolean inRetry)
   em System.Data.SqlClient.SqlCommand.RunExecuteReader(CommandBehavior cmdBehavior, RunBehavior runBehavior, Boolean returnStream, String method)
   em System.Data.SqlClient.SqlCommand.ExecuteReader(CommandBehavior behavior, String method)
   em System.Data.SqlClient.SqlCommand.ExecuteDbDataReader(CommandBehavior behavior)
   em System.Data.Common.DbCommand.System.Data.IDbCommand.ExecuteReader(CommandBehavior behavior)
   em System.Data.Common.DbDataAdapter.FillInternal(DataSet dataset, DataTable[] datatables, Int32 startRecord, Int32 maxRecords, String srcTable, IDbCommand command, CommandBehavior behavior)
   em System.Data.Common.DbDataAdapter.Fill(DataSet dataSet, Int32 startRecord, Int32 maxRecords, String srcTable, IDbCommand command, CommandBehavior behavior)
   em System.Data.Common.DbDataAdapter.Fill(DataSet dataSet, String srcTable)
   em MControl_OEE.Module1.GetEmptyStop(String strMachineId, Boolean& bolEmpty) na C:\OMNIVIEWER\v.1.7.4\VIEWER\omniViewer\MControl_OEE\Module1.vb:linha 557
ClientConnectionId:5bd4f489-68d2-4428-b363-868716c8f813
Error Number:208,State:1,Class:16
20/10/2018 19:39:45 - Falha interna da função GetEmptyStop
20/10/2018 19:39:45 - System.Data.SqlClient.SqlException (0x80131904): Nome de objeto 'dbo.exe_HistoricoParadas' inválido.
   em System.Data.SqlClient.SqlConnection.OnError(SqlException exception, Boolean breakConnection, Action`1 wrapCloseInAction)
   em System.Data.SqlClient.SqlInternalConnection.OnError(SqlException exception, Boolean breakConnection, Action`1 wrapCloseInAction)
   em System.Data.SqlClient.TdsParser.ThrowExceptionAndWarning(TdsParserStateObject stateObj, Boolean callerHasConnectionLock, Boolean asyncClose)
   em System.Data.SqlClient.TdsParser.TryRun(RunBehavior runBehavior, SqlCommand cmdHandler, SqlDataReader dataStream, BulkCopySimpleResultSet bulkCopyHandler, TdsParserStateObject stateObj, Boolean& dataReady)
   em System.Data.SqlClient.SqlDataReader.TryConsumeMetaData()
   em System.Data.SqlClient.SqlDataReader.get_MetaData()
   em System.Data.SqlClient.SqlCommand.FinishExecuteReader(SqlDataReader ds, RunBehavior runBehavior, String resetOptionsString, Boolean isInternal, Boolean forDescribeParameterEncryption)
   em System.Data.SqlClient.SqlCommand.RunExecuteReaderTds(CommandBehavior cmdBehavior, RunBehavior runBehavior, Boolean returnStream, Boolean async, Int32 timeout, Task& task, Boolean asyncWrite, Boolean inRetry, SqlDataReader ds, Boolean describeParameterEncryptionRequest)
   em System.Data.SqlClient.SqlCommand.RunExecuteReader(CommandBehavior cmdBehavior, RunBehavior runBehavior, Boolean returnStream, String method, TaskCompletionSource`1 completion, Int32 timeout, Task& task, Boolean& usedCache, Boolean asyncWrite, Boolean inRetry)
   em System.Data.SqlClient.SqlCommand.RunExecuteReader(CommandBehavior cmdBehavior, RunBehavior runBehavior, Boolean returnStream, String method)
   em System.Data.SqlClient.SqlCommand.ExecuteReader(CommandBehavior behavior, String method)
   em System.Data.SqlClient.SqlCommand.ExecuteDbDataReader(CommandBehavior behavior)
   em System.Data.Common.DbCommand.System.Data.IDbCommand.ExecuteReader(CommandBehavior behavior)
   em System.Data.Common.DbDataAdapter.FillInternal(DataSet dataset, DataTable[] datatables, Int32 startRecord, Int32 maxRecords, String srcTable, IDbCommand command, CommandBehavior behavior)
   em System.Data.Common.DbDataAdapter.Fill(DataSet dataSet, Int32 startRecord, Int32 maxRecords, String srcTable, IDbCommand command, CommandBehavior behavior)
   em System.Data.Common.DbDataAdapter.Fill(DataSet dataSet, String srcTable)
   em MControl_OEE.Module1.GetEmptyStop(String strMachineId, Boolean& bolEmpty) na C:\OMNIVIEWER\v.1.7.4\VIEWER\omniViewer\MControl_OEE\Module1.vb:linha 557
ClientConnectionId:41c576a0-66a0-4dd2-894e-ba8f8cc40770
Error Number:208,State:1,Class:16
20/10/2018 19:40:48 - Falha interna da função GetEmptyStop
20/10/2018 19:40:48 - System.Data.SqlClient.SqlException (0x80131904): Nome de objeto 'dbo.exe_HistoricoParadas' inválido.
   em System.Data.SqlClient.SqlConnection.OnError(SqlException exception, Boolean breakConnection, Action`1 wrapCloseInAction)
   em System.Data.SqlClient.SqlInternalConnection.OnError(SqlException exception, Boolean breakConnection, Action`1 wrapCloseInAction)
   em System.Data.SqlClient.TdsParser.ThrowExceptionAndWarning(TdsParserStateObject stateObj, Boolean callerHasConnectionLock, Boolean asyncClose)
   em System.Data.SqlClient.TdsParser.TryRun(RunBehavior runBehavior, SqlCommand cmdHandler, SqlDataReader dataStream, BulkCopySimpleResultSet bulkCopyHandler, TdsParserStateObject stateObj, Boolean& dataReady)
   em System.Data.SqlClient.SqlDataReader.TryConsumeMetaData()
   em System.Data.SqlClient.SqlDataReader.get_MetaData()
   em System.Data.SqlClient.SqlCommand.FinishExecuteReader(SqlDataReader ds, RunBehavior runBehavior, String resetOptionsString, Boolean isInternal, Boolean forDescribeParameterEncryption)
   em System.Data.SqlClient.SqlCommand.RunExecuteReaderTds(CommandBehavior cmdBehavior, RunBehavior runBehavior, Boolean returnStream, Boolean async, Int32 timeout, Task& task, Boolean asyncWrite, Boolean inRetry, SqlDataReader ds, Boolean describeParameterEncryptionRequest)
   em System.Data.SqlClient.SqlCommand.RunExecuteReader(CommandBehavior cmdBehavior, RunBehavior runBehavior, Boolean returnStream, String method, TaskCompletionSource`1 completion, Int32 timeout, Task& task, Boolean& usedCache, Boolean asyncWrite, Boolean inRetry)
   em System.Data.SqlClient.SqlCommand.RunExecuteReader(CommandBehavior cmdBehavior, RunBehavior runBehavior, Boolean returnStream, String method)
   em System.Data.SqlClient.SqlCommand.ExecuteReader(CommandBehavior behavior, String method)
   em System.Data.SqlClient.SqlCommand.ExecuteDbDataReader(CommandBehavior behavior)
   em System.Data.Common.DbCommand.System.Data.IDbCommand.ExecuteReader(CommandBehavior behavior)
   em System.Data.Common.DbDataAdapter.FillInternal(DataSet dataset, DataTable[] datatables, Int32 startRecord, Int32 maxRecords, String srcTable, IDbCommand command, CommandBehavior behavior)
   em System.Data.Common.DbDataAdapter.Fill(DataSet dataSet, Int32 startRecord, Int32 maxRecords, String srcTable, IDbCommand command, CommandBehavior behavior)
   em System.Data.Common.DbDataAdapter.Fill(DataSet dataSet, String srcTable)
   em MControl_OEE.Module1.GetEmptyStop(String strMachineId, Boolean& bolEmpty) na C:\OMNIVIEWER\v.1.7.4\VIEWER\omniViewer\MControl_OEE\Module1.vb:linha 557
ClientConnectionId:e362748e-f3f5-47db-875a-b689a63f3612
Error Number:208,State:1,Class:16
20/10/2018 19:40:53 - Falha interna da função GetEmptyStop
20/10/2018 19:40:53 - System.Data.SqlClient.SqlException (0x80131904): Nome de objeto 'dbo.exe_HistoricoParadas' inválido.
   em System.Data.SqlClient.SqlConnection.OnError(SqlException exception, Boolean breakConnection, Action`1 wrapCloseInAction)
   em System.Data.SqlClient.SqlInternalConnection.OnError(SqlException exception, Boolean breakConnection, Action`1 wrapCloseInAction)
   em System.Data.SqlClient.TdsParser.ThrowExceptionAndWarning(TdsParserStateObject stateObj, Boolean callerHasConnectionLock, Boolean asyncClose)
   em System.Data.SqlClient.TdsParser.TryRun(RunBehavior runBehavior, SqlCommand cmdHandler, SqlDataReader dataStream, BulkCopySimpleResultSet bulkCopyHandler, TdsParserStateObject stateObj, Boolean& dataReady)
   em System.Data.SqlClient.SqlDataReader.TryConsumeMetaData()
   em System.Data.SqlClient.SqlDataReader.get_MetaData()
   em System.Data.SqlClient.SqlCommand.FinishExecuteReader(SqlDataReader ds, RunBehavior runBehavior, String resetOptionsString, Boolean isInternal, Boolean forDescribeParameterEncryption)
   em System.Data.SqlClient.SqlCommand.RunExecuteReaderTds(CommandBehavior cmdBehavior, RunBehavior runBehavior, Boolean returnStream, Boolean async, Int32 timeout, Task& task, Boolean asyncWrite, Boolean inRetry, SqlDataReader ds, Boolean describeParameterEncryptionRequest)
   em System.Data.SqlClient.SqlCommand.RunExecuteReader(CommandBehavior cmdBehavior, RunBehavior runBehavior, Boolean returnStream, String method, TaskCompletionSource`1 completion, Int32 timeout, Task& task, Boolean& usedCache, Boolean asyncWrite, Boolean inRetry)
   em System.Data.SqlClient.SqlCommand.RunExecuteReader(CommandBehavior cmdBehavior, RunBehavior runBehavior, Boolean returnStream, String method)
   em System.Data.SqlClient.SqlCommand.ExecuteReader(CommandBehavior behavior, String method)
   em System.Data.SqlClient.SqlCommand.ExecuteDbDataReader(CommandBehavior behavior)
   em System.Data.Common.DbCommand.System.Data.IDbCommand.ExecuteReader(CommandBehavior behavior)
   em System.Data.Common.DbDataAdapter.FillInternal(DataSet dataset, DataTable[] datatables, Int32 startRecord, Int32 maxRecords, String srcTable, IDbCommand command, CommandBehavior behavior)
   em System.Data.Common.DbDataAdapter.Fill(DataSet dataSet, Int32 startRecord, Int32 maxRecords, String srcTable, IDbCommand command, CommandBehavior behavior)
   em System.Data.Common.DbDataAdapter.Fill(DataSet dataSet, String srcTable)
   em MControl_OEE.Module1.GetEmptyStop(String strMachineId, Boolean& bolEmpty) na C:\OMNIVIEWER\v.1.7.4\VIEWER\omniViewer\MControl_OEE\Module1.vb:linha 557
ClientConnectionId:641ccc88-652e-4b79-8b9a-f9953579b369
Error Number:208,State:1,Class:16
20/10/2018 19:40:58 - Falha interna da função GetEmptyStop
20/10/2018 19:40:58 - System.Data.SqlClient.SqlException (0x80131904): Nome de objeto 'dbo.exe_HistoricoParadas' inválido.
   em System.Data.SqlClient.SqlConnection.OnError(SqlException exception, Boolean breakConnection, Action`1 wrapCloseInAction)
   em System.Data.SqlClient.SqlInternalConnection.OnError(SqlException exception, Boolean breakConnection, Action`1 wrapCloseInAction)
   em System.Data.SqlClient.TdsParser.ThrowExceptionAndWarning(TdsParserStateObject stateObj, Boolean callerHasConnectionLock, Boolean asyncClose)
   em System.Data.SqlClient.TdsParser.TryRun(RunBehavior runBehavior, SqlCommand cmdHandler, SqlDataReader dataStream, BulkCopySimpleResultSet bulkCopyHandler, TdsParserStateObject stateObj, Boolean& dataReady)
   em System.Data.SqlClient.SqlDataReader.TryConsumeMetaData()
   em System.Data.SqlClient.SqlDataReader.get_MetaData()
   em System.Data.SqlClient.SqlCommand.FinishExecuteReader(SqlDataReader ds, RunBehavior runBehavior, String resetOptionsString, Boolean isInternal, Boolean forDescribeParameterEncryption)
   em System.Data.SqlClient.SqlCommand.RunExecuteReaderTds(CommandBehavior cmdBehavior, RunBehavior runBehavior, Boolean returnStream, Boolean async, Int32 timeout, Task& task, Boolean asyncWrite, Boolean inRetry, SqlDataReader ds, Boolean describeParameterEncryptionRequest)
   em System.Data.SqlClient.SqlCommand.RunExecuteReader(CommandBehavior cmdBehavior, RunBehavior runBehavior, Boolean returnStream, String method, TaskCompletionSource`1 completion, Int32 timeout, Task& task, Boolean& usedCache, Boolean asyncWrite, Boolean inRetry)
   em System.Data.SqlClient.SqlCommand.RunExecuteReader(CommandBehavior cmdBehavior, RunBehavior runBehavior, Boolean returnStream, String method)
   em System.Data.SqlClient.SqlCommand.ExecuteReader(CommandBehavior behavior, String method)
   em System.Data.SqlClient.SqlCommand.ExecuteDbDataReader(CommandBehavior behavior)
   em System.Data.Common.DbCommand.System.Data.IDbCommand.ExecuteReader(CommandBehavior behavior)
   em System.Data.Common.DbDataAdapter.FillInternal(DataSet dataset, DataTable[] datatables, Int32 startRecord, Int32 maxRecords, String srcTable, IDbCommand command, CommandBehavior behavior)
   em System.Data.Common.DbDataAdapter.Fill(DataSet dataSet, Int32 startRecord, Int32 maxRecords, String srcTable, IDbCommand command, CommandBehavior behavior)
   em System.Data.Common.DbDataAdapter.Fill(DataSet dataSet, String srcTable)
   em MControl_OEE.Module1.GetEmptyStop(String strMachineId, Boolean& bolEmpty) na C:\OMNIVIEWER\v.1.7.4\VIEWER\omniViewer\MControl_OEE\Module1.vb:linha 557
ClientConnectionId:b2b18120-8dd8-4e86-bc32-e0ec0a9af8ce
Error Number:208,State:1,Class:16
20/10/2018 19:41:03 - Falha interna da função GetEmptyStop
20/10/2018 19:41:03 - System.Data.SqlClient.SqlException (0x80131904): Nome de objeto 'dbo.exe_HistoricoParadas' inválido.
   em System.Data.SqlClient.SqlConnection.OnError(SqlException exception, Boolean breakConnection, Action`1 wrapCloseInAction)
   em System.Data.SqlClient.SqlInternalConnection.OnError(SqlException exception, Boolean breakConnection, Action`1 wrapCloseInAction)
   em System.Data.SqlClient.TdsParser.ThrowExceptionAndWarning(TdsParserStateObject stateObj, Boolean callerHasConnectionLock, Boolean asyncClose)
   em System.Data.SqlClient.TdsParser.TryRun(RunBehavior runBehavior, SqlCommand cmdHandler, SqlDataReader dataStream, BulkCopySimpleResultSet bulkCopyHandler, TdsParserStateObject stateObj, Boolean& dataReady)
   em System.Data.SqlClient.SqlDataReader.TryConsumeMetaData()
   em System.Data.SqlClient.SqlDataReader.get_MetaData()
   em System.Data.SqlClient.SqlCommand.FinishExecuteReader(SqlDataReader ds, RunBehavior runBehavior, String resetOptionsString, Boolean isInternal, Boolean forDescribeParameterEncryption)
   em System.Data.SqlClient.SqlCommand.RunExecuteReaderTds(CommandBehavior cmdBehavior, RunBehavior runBehavior, Boolean returnStream, Boolean async, Int32 timeout, Task& task, Boolean asyncWrite, Boolean inRetry, SqlDataReader ds, Boolean describeParameterEncryptionRequest)
   em System.Data.SqlClient.SqlCommand.RunExecuteReader(CommandBehavior cmdBehavior, RunBehavior runBehavior, Boolean returnStream, String method, TaskCompletionSource`1 completion, Int32 timeout, Task& task, Boolean& usedCache, Boolean asyncWrite, Boolean inRetry)
   em System.Data.SqlClient.SqlCommand.RunExecuteReader(CommandBehavior cmdBehavior, RunBehavior runBehavior, Boolean returnStream, String method)
   em System.Data.SqlClient.SqlCommand.ExecuteReader(CommandBehavior behavior, String method)
   em System.Data.SqlClient.SqlCommand.ExecuteDbDataReader(CommandBehavior behavior)
   em System.Data.Common.DbCommand.System.Data.IDbCommand.ExecuteReader(CommandBehavior behavior)
   em System.Data.Common.DbDataAdapter.FillInternal(DataSet dataset, DataTable[] datatables, Int32 startRecord, Int32 maxRecords, String srcTable, IDbCommand command, CommandBehavior behavior)
   em System.Data.Common.DbDataAdapter.Fill(DataSet dataSet, Int32 startRecord, Int32 maxRecords, String srcTable, IDbCommand command, CommandBehavior behavior)
   em System.Data.Common.DbDataAdapter.Fill(DataSet dataSet, String srcTable)
   em MControl_OEE.Module1.GetEmptyStop(String strMachineId, Boolean& bolEmpty) na C:\OMNIVIEWER\v.1.7.4\VIEWER\omniViewer\MControl_OEE\Module1.vb:linha 557
ClientConnectionId:f5dd23b4-6c36-425e-956a-ee8323e6ebe5
Error Number:208,State:1,Class:16
20/10/2018 19:41:08 - Falha interna da função GetEmptyStop
20/10/2018 19:41:08 - System.Data.SqlClient.SqlException (0x80131904): Nome de objeto 'dbo.exe_HistoricoParadas' inválido.
   em System.Data.SqlClient.SqlConnection.OnError(SqlException exception, Boolean breakConnection, Action`1 wrapCloseInAction)
   em System.Data.SqlClient.SqlInternalConnection.OnError(SqlException exception, Boolean breakConnection, Action`1 wrapCloseInAction)
   em System.Data.SqlClient.TdsParser.ThrowExceptionAndWarning(TdsParserStateObject stateObj, Boolean callerHasConnectionLock, Boolean asyncClose)
   em System.Data.SqlClient.TdsParser.TryRun(RunBehavior runBehavior, SqlCommand cmdHandler, SqlDataReader dataStream, BulkCopySimpleResultSet bulkCopyHandler, TdsParserStateObject stateObj, Boolean& dataReady)
   em System.Data.SqlClient.SqlDataReader.TryConsumeMetaData()
   em System.Data.SqlClient.SqlDataReader.get_MetaData()
   em System.Data.SqlClient.SqlCommand.FinishExecuteReader(SqlDataReader ds, RunBehavior runBehavior, String resetOptionsString, Boolean isInternal, Boolean forDescribeParameterEncryption)
   em System.Data.SqlClient.SqlCommand.RunExecuteReaderTds(CommandBehavior cmdBehavior, RunBehavior runBehavior, Boolean returnStream, Boolean async, Int32 timeout, Task& task, Boolean asyncWrite, Boolean inRetry, SqlDataReader ds, Boolean describeParameterEncryptionRequest)
   em System.Data.SqlClient.SqlCommand.RunExecuteReader(CommandBehavior cmdBehavior, RunBehavior runBehavior, Boolean returnStream, String method, TaskCompletionSource`1 completion, Int32 timeout, Task& task, Boolean& usedCache, Boolean asyncWrite, Boolean inRetry)
   em System.Data.SqlClient.SqlCommand.RunExecuteReader(CommandBehavior cmdBehavior, RunBehavior runBehavior, Boolean returnStream, String method)
   em System.Data.SqlClient.SqlCommand.ExecuteReader(CommandBehavior behavior, String method)
   em System.Data.SqlClient.SqlCommand.ExecuteDbDataReader(CommandBehavior behavior)
   em System.Data.Common.DbCommand.System.Data.IDbCommand.ExecuteReader(CommandBehavior behavior)
   em System.Data.Common.DbDataAdapter.FillInternal(DataSet dataset, DataTable[] datatables, Int32 startRecord, Int32 maxRecords, String srcTable, IDbCommand command, CommandBehavior behavior)
   em System.Data.Common.DbDataAdapter.Fill(DataSet dataSet, Int32 startRecord, Int32 maxRecords, String srcTable, IDbCommand command, CommandBehavior behavior)
   em System.Data.Common.DbDataAdapter.Fill(DataSet dataSet, String srcTable)
   em MControl_OEE.Module1.GetEmptyStop(String strMachineId, Boolean& bolEmpty) na C:\OMNIVIEWER\v.1.7.4\VIEWER\omniViewer\MControl_OEE\Module1.vb:linha 557
ClientConnectionId:f2b49443-969c-44af-a2a0-98a1ad8ed189
Error Number:208,State:1,Class:16
20/10/2018 19:41:13 - Falha interna da função GetEmptyStop
20/10/2018 19:41:13 - System.Data.SqlClient.SqlException (0x80131904): Nome de objeto 'dbo.exe_HistoricoParadas' inválido.
   em System.Data.SqlClient.SqlConnection.OnError(SqlException exception, Boolean breakConnection, Action`1 wrapCloseInAction)
   em System.Data.SqlClient.SqlInternalConnection.OnError(SqlException exception, Boolean breakConnection, Action`1 wrapCloseInAction)
   em System.Data.SqlClient.TdsParser.ThrowExceptionAndWarning(TdsParserStateObject stateObj, Boolean callerHasConnectionLock, Boolean asyncClose)
   em System.Data.SqlClient.TdsParser.TryRun(RunBehavior runBehavior, SqlCommand cmdHandler, SqlDataReader dataStream, BulkCopySimpleResultSet bulkCopyHandler, TdsParserStateObject stateObj, Boolean& dataReady)
   em System.Data.SqlClient.SqlDataReader.TryConsumeMetaData()
   em System.Data.SqlClient.SqlDataReader.get_MetaData()
   em System.Data.SqlClient.SqlCommand.FinishExecuteReader(SqlDataReader ds, RunBehavior runBehavior, String resetOptionsString, Boolean isInternal, Boolean forDescribeParameterEncryption)
   em System.Data.SqlClient.SqlCommand.RunExecuteReaderTds(CommandBehavior cmdBehavior, RunBehavior runBehavior, Boolean returnStream, Boolean async, Int32 timeout, Task& task, Boolean asyncWrite, Boolean inRetry, SqlDataReader ds, Boolean describeParameterEncryptionRequest)
   em System.Data.SqlClient.SqlCommand.RunExecuteReader(CommandBehavior cmdBehavior, RunBehavior runBehavior, Boolean returnStream, String method, TaskCompletionSource`1 completion, Int32 timeout, Task& task, Boolean& usedCache, Boolean asyncWrite, Boolean inRetry)
   em System.Data.SqlClient.SqlCommand.RunExecuteReader(CommandBehavior cmdBehavior, RunBehavior runBehavior, Boolean returnStream, String method)
   em System.Data.SqlClient.SqlCommand.ExecuteReader(CommandBehavior behavior, String method)
   em System.Data.SqlClient.SqlCommand.ExecuteDbDataReader(CommandBehavior behavior)
   em System.Data.Common.DbCommand.System.Data.IDbCommand.ExecuteReader(CommandBehavior behavior)
   em System.Data.Common.DbDataAdapter.FillInternal(DataSet dataset, DataTable[] datatables, Int32 startRecord, Int32 maxRecords, String srcTable, IDbCommand command, CommandBehavior behavior)
   em System.Data.Common.DbDataAdapter.Fill(DataSet dataSet, Int32 startRecord, Int32 maxRecords, String srcTable, IDbCommand command, CommandBehavior behavior)
   em System.Data.Common.DbDataAdapter.Fill(DataSet dataSet, String srcTable)
   em MControl_OEE.Module1.GetEmptyStop(String strMachineId, Boolean& bolEmpty) na C:\OMNIVIEWER\v.1.7.4\VIEWER\omniViewer\MControl_OEE\Module1.vb:linha 557
ClientConnectionId:5868185d-f19f-4d6f-9446-1904a992f851
Error Number:208,State:1,Class:16
20/10/2018 19:41:18 - Falha interna da função GetEmptyStop
20/10/2018 19:41:18 - System.Data.SqlClient.SqlException (0x80131904): Nome de objeto 'dbo.exe_HistoricoParadas' inválido.
   em System.Data.SqlClient.SqlConnection.OnError(SqlException exception, Boolean breakConnection, Action`1 wrapCloseInAction)
   em System.Data.SqlClient.SqlInternalConnection.OnError(SqlException exception, Boolean breakConnection, Action`1 wrapCloseInAction)
   em System.Data.SqlClient.TdsParser.ThrowExceptionAndWarning(TdsParserStateObject stateObj, Boolean callerHasConnectionLock, Boolean asyncClose)
   em System.Data.SqlClient.TdsParser.TryRun(RunBehavior runBehavior, SqlCommand cmdHandler, SqlDataReader dataStream, BulkCopySimpleResultSet bulkCopyHandler, TdsParserStateObject stateObj, Boolean& dataReady)
   em System.Data.SqlClient.SqlDataReader.TryConsumeMetaData()
   em System.Data.SqlClient.SqlDataReader.get_MetaData()
   em System.Data.SqlClient.SqlCommand.FinishExecuteReader(SqlDataReader ds, RunBehavior runBehavior, String resetOptionsString, Boolean isInternal, Boolean forDescribeParameterEncryption)
   em System.Data.SqlClient.SqlCommand.RunExecuteReaderTds(CommandBehavior cmdBehavior, RunBehavior runBehavior, Boolean returnStream, Boolean async, Int32 timeout, Task& task, Boolean asyncWrite, Boolean inRetry, SqlDataReader ds, Boolean describeParameterEncryptionRequest)
   em System.Data.SqlClient.SqlCommand.RunExecuteReader(CommandBehavior cmdBehavior, RunBehavior runBehavior, Boolean returnStream, String method, TaskCompletionSource`1 completion, Int32 timeout, Task& task, Boolean& usedCache, Boolean asyncWrite, Boolean inRetry)
   em System.Data.SqlClient.SqlCommand.RunExecuteReader(CommandBehavior cmdBehavior, RunBehavior runBehavior, Boolean returnStream, String method)
   em System.Data.SqlClient.SqlCommand.ExecuteReader(CommandBehavior behavior, String method)
   em System.Data.SqlClient.SqlCommand.ExecuteDbDataReader(CommandBehavior behavior)
   em System.Data.Common.DbCommand.System.Data.IDbCommand.ExecuteReader(CommandBehavior behavior)
   em System.Data.Common.DbDataAdapter.FillInternal(DataSet dataset, DataTable[] datatables, Int32 startRecord, Int32 maxRecords, String srcTable, IDbCommand command, CommandBehavior behavior)
   em System.Data.Common.DbDataAdapter.Fill(DataSet dataSet, Int32 startRecord, Int32 maxRecords, String srcTable, IDbCommand command, CommandBehavior behavior)
   em System.Data.Common.DbDataAdapter.Fill(DataSet dataSet, String srcTable)
   em MControl_OEE.Module1.GetEmptyStop(String strMachineId, Boolean& bolEmpty) na C:\OMNIVIEWER\v.1.7.4\VIEWER\omniViewer\MControl_OEE\Module1.vb:linha 557
ClientConnectionId:aadaa41b-6275-4cae-8e58-03ed6d69e528
Error Number:208,State:1,Class:16
20/10/2018 19:41:54 - Falha interna da função GetEmptyStop
20/10/2018 19:41:54 - System.Data.SqlClient.SqlException (0x80131904): Nome de objeto 'dbo.exe_HistoricoParadas' inválido.
   em System.Data.SqlClient.SqlConnection.OnError(SqlException exception, Boolean breakConnection, Action`1 wrapCloseInAction)
   em System.Data.SqlClient.SqlInternalConnection.OnError(SqlException exception, Boolean breakConnection, Action`1 wrapCloseInAction)
   em System.Data.SqlClient.TdsParser.ThrowExceptionAndWarning(TdsParserStateObject stateObj, Boolean callerHasConnectionLock, Boolean asyncClose)
   em System.Data.SqlClient.TdsParser.TryRun(RunBehavior runBehavior, SqlCommand cmdHandler, SqlDataReader dataStream, BulkCopySimpleResultSet bulkCopyHandler, TdsParserStateObject stateObj, Boolean& dataReady)
   em System.Data.SqlClient.SqlDataReader.TryConsumeMetaData()
   em System.Data.SqlClient.SqlDataReader.get_MetaData()
   em System.Data.SqlClient.SqlCommand.FinishExecuteReader(SqlDataReader ds, RunBehavior runBehavior, String resetOptionsString, Boolean isInternal, Boolean forDescribeParameterEncryption)
   em System.Data.SqlClient.SqlCommand.RunExecuteReaderTds(CommandBehavior cmdBehavior, RunBehavior runBehavior, Boolean returnStream, Boolean async, Int32 timeout, Task& task, Boolean asyncWrite, Boolean inRetry, SqlDataReader ds, Boolean describeParameterEncryptionRequest)
   em System.Data.SqlClient.SqlCommand.RunExecuteReader(CommandBehavior cmdBehavior, RunBehavior runBehavior, Boolean returnStream, String method, TaskCompletionSource`1 completion, Int32 timeout, Task& task, Boolean& usedCache, Boolean asyncWrite, Boolean inRetry)
   em System.Data.SqlClient.SqlCommand.RunExecuteReader(CommandBehavior cmdBehavior, RunBehavior runBehavior, Boolean returnStream, String method)
   em System.Data.SqlClient.SqlCommand.ExecuteReader(CommandBehavior behavior, String method)
   em System.Data.SqlClient.SqlCommand.ExecuteDbDataReader(CommandBehavior behavior)
   em System.Data.Common.DbCommand.System.Data.IDbCommand.ExecuteReader(CommandBehavior behavior)
   em System.Data.Common.DbDataAdapter.FillInternal(DataSet dataset, DataTable[] datatables, Int32 startRecord, Int32 maxRecords, String srcTable, IDbCommand command, CommandBehavior behavior)
   em System.Data.Common.DbDataAdapter.Fill(DataSet dataSet, Int32 startRecord, Int32 maxRecords, String srcTable, IDbCommand command, CommandBehavior behavior)
   em System.Data.Common.DbDataAdapter.Fill(DataSet dataSet, String srcTable)
   em MControl_OEE.Module1.GetEmptyStop(String strMachineId, Boolean& bolEmpty)
ClientConnectionId:87c27a96-eede-4d2b-8d87-c20d43aec6b8
Error Number:208,State:1,Class:16