
29/10/2018 17:10:32 - Falha interna da função GetHorarioParada
29/10/2018 17:10:32 - System.ArgumentException: A coluna 'OPNumber' não pertence à tabela Machines.
   em System.Data.DataRow.GetDataColumn(String columnName)
   em System.Data.DataRow.get_Item(String columnName)
   em MControl_OEE.Module1.CheckMotivoRegistrado(String strMachineId, String& strMotivoId, String& strOrdem, Boolean& bolAlreadyRegistred) na C:\OMNIVIEWER\v.1.7.4\VIEWER\omniViewer\MControl_OEE\Module1.vb:linha 365
29/10/2018 17:13:14 - Falha interna da função GetHorarioParada
29/10/2018 17:13:14 - System.ArgumentException: A coluna 'OPNumber' não pertence à tabela Machines.
   em System.Data.DataRow.GetDataColumn(String columnName)
   em System.Data.DataRow.get_Item(String columnName)
   em MControl_OEE.Module1.CheckMotivoRegistrado(String strMachineId, String& strMotivoId, String& strOrdem, Boolean& bolAlreadyRegistred) na C:\OMNIVIEWER\v.1.7.4\VIEWER\omniViewer\MControl_OEE\Module1.vb:linha 365
29/10/2018 17:15:45 - Falha interna da função GetHorarioParada
29/10/2018 17:15:46 - System.ArgumentException: A coluna 'OPNumber' não pertence à tabela Machines.
   em System.Data.DataRow.GetDataColumn(String columnName)
   em System.Data.DataRow.get_Item(String columnName)
   em MControl_OEE.Module1.CheckMotivoRegistrado(String strMachineId, String& strMotivoId, String& strOrdem, Boolean& bolAlreadyRegistred) na C:\OMNIVIEWER\v.1.7.4\VIEWER\omniViewer\MControl_OEE\Module1.vb:linha 365
29/10/2018 17:35:22 - Falha interna da função GetOrdem
29/10/2018 17:35:22 - System.Data.SqlClient.SqlException (0x80131904): Sintaxe incorreta próxima à palavra-chave 'WHERE'.
   em System.Data.SqlClient.SqlConnection.OnError(SqlException exception, Boolean breakConnection, Action`1 wrapCloseInAction)
   em System.Data.SqlClient.SqlInternalConnection.OnError(SqlException exception, Boolean breakConnection, Action`1 wrapCloseInAction)
   em System.Data.SqlClient.TdsParser.ThrowExceptionAndWarning(TdsParserStateObject stateObj, Boolean callerHasConnectionLock, Boolean asyncClose)
   em System.Data.SqlClient.TdsParser.TryRun(RunBehavior runBehavior, SqlCommand cmdHandler, SqlDataReader dataStream, BulkCopySimpleResultSet bulkCopyHandler, TdsParserStateObject stateObj, Boolean& dataReady)
   em System.Data.SqlClient.SqlDataReader.TryConsumeMetaData()
   em System.Data.SqlClient.SqlDataReader.get_MetaData()
   em System.Data.SqlClient.SqlCommand.FinishExecuteReader(SqlDataReader ds, RunBehavior runBehavior, String resetOptionsString, Boolean isInternal, Boolean forDescribeParameterEncryption)
   em System.Data.SqlClient.SqlCommand.RunExecuteReaderTds(CommandBehavior cmdBehavior, RunBehavior runBehavior, Boolean returnStream, Boolean async, Int32 timeout, Task& task, Boolean asyncWrite, Boolean inRetry, SqlDataReader ds, Boolean describeParameterEncryptionRequest)
   em System.Data.SqlClient.SqlCommand.RunExecuteReader(CommandBehavior cmdBehavior, RunBehavior runBehavior, Boolean returnStream, String method, TaskCompletionSource`1 completion, Int32 timeout, Task& task, Boolean& usedCache, Boolean asyncWrite, Boolean inRetry)
   em System.Data.SqlClient.SqlCommand.RunExecuteReader(CommandBehavior cmdBehavior, RunBehavior runBehavior, Boolean returnStream, String method)
   em System.Data.SqlClient.SqlCommand.ExecuteReader(CommandBehavior behavior, String method)
   em System.Data.SqlClient.SqlCommand.ExecuteDbDataReader(CommandBehavior behavior)
   em System.Data.Common.DbCommand.System.Data.IDbCommand.ExecuteReader(CommandBehavior behavior)
   em System.Data.Common.DbDataAdapter.FillInternal(DataSet dataset, DataTable[] datatables, Int32 startRecord, Int32 maxRecords, String srcTable, IDbCommand command, CommandBehavior behavior)
   em System.Data.Common.DbDataAdapter.Fill(DataSet dataSet, Int32 startRecord, Int32 maxRecords, String srcTable, IDbCommand command, CommandBehavior behavior)
   em System.Data.Common.DbDataAdapter.Fill(DataSet dataSet, String srcTable)
   em MControl_OEE.Module1.GetOrdem(String strMachineId, String& strOrdem) na C:\OMNIVIEWER\v.1.7.4\VIEWER\omniViewer\MControl_OEE\Module1.vb:linha 792
ClientConnectionId:4b22b4e0-a5de-4bee-aaf7-2b2b96faaba6
Error Number:156,State:1,Class:15
29/10/2018 17:36:56 - Falha interna da função GetOrdem
29/10/2018 17:36:56 - System.Data.SqlClient.SqlException (0x80131904): Sintaxe incorreta próxima à palavra-chave 'WHERE'.
   em System.Data.SqlClient.SqlConnection.OnError(SqlException exception, Boolean breakConnection, Action`1 wrapCloseInAction)
   em System.Data.SqlClient.SqlInternalConnection.OnError(SqlException exception, Boolean breakConnection, Action`1 wrapCloseInAction)
   em System.Data.SqlClient.TdsParser.ThrowExceptionAndWarning(TdsParserStateObject stateObj, Boolean callerHasConnectionLock, Boolean asyncClose)
   em System.Data.SqlClient.TdsParser.TryRun(RunBehavior runBehavior, SqlCommand cmdHandler, SqlDataReader dataStream, BulkCopySimpleResultSet bulkCopyHandler, TdsParserStateObject stateObj, Boolean& dataReady)
   em System.Data.SqlClient.SqlDataReader.TryConsumeMetaData()
   em System.Data.SqlClient.SqlDataReader.get_MetaData()
   em System.Data.SqlClient.SqlCommand.FinishExecuteReader(SqlDataReader ds, RunBehavior runBehavior, String resetOptionsString, Boolean isInternal, Boolean forDescribeParameterEncryption)
   em System.Data.SqlClient.SqlCommand.RunExecuteReaderTds(CommandBehavior cmdBehavior, RunBehavior runBehavior, Boolean returnStream, Boolean async, Int32 timeout, Task& task, Boolean asyncWrite, Boolean inRetry, SqlDataReader ds, Boolean describeParameterEncryptionRequest)
   em System.Data.SqlClient.SqlCommand.RunExecuteReader(CommandBehavior cmdBehavior, RunBehavior runBehavior, Boolean returnStream, String method, TaskCompletionSource`1 completion, Int32 timeout, Task& task, Boolean& usedCache, Boolean asyncWrite, Boolean inRetry)
   em System.Data.SqlClient.SqlCommand.RunExecuteReader(CommandBehavior cmdBehavior, RunBehavior runBehavior, Boolean returnStream, String method)
   em System.Data.SqlClient.SqlCommand.ExecuteReader(CommandBehavior behavior, String method)
   em System.Data.SqlClient.SqlCommand.ExecuteDbDataReader(CommandBehavior behavior)
   em System.Data.Common.DbCommand.System.Data.IDbCommand.ExecuteReader(CommandBehavior behavior)
   em System.Data.Common.DbDataAdapter.FillInternal(DataSet dataset, DataTable[] datatables, Int32 startRecord, Int32 maxRecords, String srcTable, IDbCommand command, CommandBehavior behavior)
   em System.Data.Common.DbDataAdapter.Fill(DataSet dataSet, Int32 startRecord, Int32 maxRecords, String srcTable, IDbCommand command, CommandBehavior behavior)
   em System.Data.Common.DbDataAdapter.Fill(DataSet dataSet, String srcTable)
   em MControl_OEE.Module1.GetOrdem(String strMachineId, String& strOrdem) na C:\OMNIVIEWER\v.1.7.4\VIEWER\omniViewer\MControl_OEE\Module1.vb:linha 792
ClientConnectionId:3c9ea78c-730b-4ac5-8240-5aec2982b6d1
Error Number:156,State:1,Class:15
29/10/2018 17:57:02 - Falha interna da função GetEmptyOrdem
29/10/2018 17:57:02 - System.Data.SqlClient.SqlException (0x80131904): Sintaxe incorreta próxima a '='.
   em System.Data.SqlClient.SqlConnection.OnError(SqlException exception, Boolean breakConnection, Action`1 wrapCloseInAction)
   em System.Data.SqlClient.SqlInternalConnection.OnError(SqlException exception, Boolean breakConnection, Action`1 wrapCloseInAction)
   em System.Data.SqlClient.TdsParser.ThrowExceptionAndWarning(TdsParserStateObject stateObj, Boolean callerHasConnectionLock, Boolean asyncClose)
   em System.Data.SqlClient.TdsParser.TryRun(RunBehavior runBehavior, SqlCommand cmdHandler, SqlDataReader dataStream, BulkCopySimpleResultSet bulkCopyHandler, TdsParserStateObject stateObj, Boolean& dataReady)
   em System.Data.SqlClient.SqlDataReader.TryConsumeMetaData()
   em System.Data.SqlClient.SqlDataReader.get_MetaData()
   em System.Data.SqlClient.SqlCommand.FinishExecuteReader(SqlDataReader ds, RunBehavior runBehavior, String resetOptionsString, Boolean isInternal, Boolean forDescribeParameterEncryption)
   em System.Data.SqlClient.SqlCommand.RunExecuteReaderTds(CommandBehavior cmdBehavior, RunBehavior runBehavior, Boolean returnStream, Boolean async, Int32 timeout, Task& task, Boolean asyncWrite, Boolean inRetry, SqlDataReader ds, Boolean describeParameterEncryptionRequest)
   em System.Data.SqlClient.SqlCommand.RunExecuteReader(CommandBehavior cmdBehavior, RunBehavior runBehavior, Boolean returnStream, String method, TaskCompletionSource`1 completion, Int32 timeout, Task& task, Boolean& usedCache, Boolean asyncWrite, Boolean inRetry)
   em System.Data.SqlClient.SqlCommand.RunExecuteReader(CommandBehavior cmdBehavior, RunBehavior runBehavior, Boolean returnStream, String method)
   em System.Data.SqlClient.SqlCommand.ExecuteReader(CommandBehavior behavior, String method)
   em System.Data.SqlClient.SqlCommand.ExecuteDbDataReader(CommandBehavior behavior)
   em System.Data.Common.DbCommand.System.Data.IDbCommand.ExecuteReader(CommandBehavior behavior)
   em System.Data.Common.DbDataAdapter.FillInternal(DataSet dataset, DataTable[] datatables, Int32 startRecord, Int32 maxRecords, String srcTable, IDbCommand command, CommandBehavior behavior)
   em System.Data.Common.DbDataAdapter.Fill(DataSet dataSet, Int32 startRecord, Int32 maxRecords, String srcTable, IDbCommand command, CommandBehavior behavior)
   em System.Data.Common.DbDataAdapter.Fill(DataSet dataSet, String srcTable)
   em MControl_OEE.Module1.GetEmptyOrdem(Boolean bolEmpty, String strMachineId) na C:\OMNIVIEWER\v.1.7.4\VIEWER\omniViewer\MControl_OEE\Module1.vb:linha 828
ClientConnectionId:e1b1daee-571f-484c-b236-01780c92ee18
Error Number:102,State:1,Class:15
29/10/2018 17:57:07 - Falha interna da função GetEmptyOrdem
29/10/2018 17:57:07 - System.Data.SqlClient.SqlException (0x80131904): Sintaxe incorreta próxima a '='.
   em System.Data.SqlClient.SqlConnection.OnError(SqlException exception, Boolean breakConnection, Action`1 wrapCloseInAction)
   em System.Data.SqlClient.SqlInternalConnection.OnError(SqlException exception, Boolean breakConnection, Action`1 wrapCloseInAction)
   em System.Data.SqlClient.TdsParser.ThrowExceptionAndWarning(TdsParserStateObject stateObj, Boolean callerHasConnectionLock, Boolean asyncClose)
   em System.Data.SqlClient.TdsParser.TryRun(RunBehavior runBehavior, SqlCommand cmdHandler, SqlDataReader dataStream, BulkCopySimpleResultSet bulkCopyHandler, TdsParserStateObject stateObj, Boolean& dataReady)
   em System.Data.SqlClient.SqlDataReader.TryConsumeMetaData()
   em System.Data.SqlClient.SqlDataReader.get_MetaData()
   em System.Data.SqlClient.SqlCommand.FinishExecuteReader(SqlDataReader ds, RunBehavior runBehavior, String resetOptionsString, Boolean isInternal, Boolean forDescribeParameterEncryption)
   em System.Data.SqlClient.SqlCommand.RunExecuteReaderTds(CommandBehavior cmdBehavior, RunBehavior runBehavior, Boolean returnStream, Boolean async, Int32 timeout, Task& task, Boolean asyncWrite, Boolean inRetry, SqlDataReader ds, Boolean describeParameterEncryptionRequest)
   em System.Data.SqlClient.SqlCommand.RunExecuteReader(CommandBehavior cmdBehavior, RunBehavior runBehavior, Boolean returnStream, String method, TaskCompletionSource`1 completion, Int32 timeout, Task& task, Boolean& usedCache, Boolean asyncWrite, Boolean inRetry)
   em System.Data.SqlClient.SqlCommand.RunExecuteReader(CommandBehavior cmdBehavior, RunBehavior runBehavior, Boolean returnStream, String method)
   em System.Data.SqlClient.SqlCommand.ExecuteReader(CommandBehavior behavior, String method)
   em System.Data.SqlClient.SqlCommand.ExecuteDbDataReader(CommandBehavior behavior)
   em System.Data.Common.DbCommand.System.Data.IDbCommand.ExecuteReader(CommandBehavior behavior)
   em System.Data.Common.DbDataAdapter.FillInternal(DataSet dataset, DataTable[] datatables, Int32 startRecord, Int32 maxRecords, String srcTable, IDbCommand command, CommandBehavior behavior)
   em System.Data.Common.DbDataAdapter.Fill(DataSet dataSet, Int32 startRecord, Int32 maxRecords, String srcTable, IDbCommand command, CommandBehavior behavior)
   em System.Data.Common.DbDataAdapter.Fill(DataSet dataSet, String srcTable)
   em MControl_OEE.Module1.GetEmptyOrdem(Boolean bolEmpty, String strMachineId) na C:\OMNIVIEWER\v.1.7.4\VIEWER\omniViewer\MControl_OEE\Module1.vb:linha 828
ClientConnectionId:a786be2b-33f2-4c15-b5a6-c304f490f432
Error Number:102,State:1,Class:15
29/10/2018 17:57:12 - Falha interna da função GetEmptyOrdem
29/10/2018 17:57:12 - System.Data.SqlClient.SqlException (0x80131904): Sintaxe incorreta próxima a '='.
   em System.Data.SqlClient.SqlConnection.OnError(SqlException exception, Boolean breakConnection, Action`1 wrapCloseInAction)
   em System.Data.SqlClient.SqlInternalConnection.OnError(SqlException exception, Boolean breakConnection, Action`1 wrapCloseInAction)
   em System.Data.SqlClient.TdsParser.ThrowExceptionAndWarning(TdsParserStateObject stateObj, Boolean callerHasConnectionLock, Boolean asyncClose)
   em System.Data.SqlClient.TdsParser.TryRun(RunBehavior runBehavior, SqlCommand cmdHandler, SqlDataReader dataStream, BulkCopySimpleResultSet bulkCopyHandler, TdsParserStateObject stateObj, Boolean& dataReady)
   em System.Data.SqlClient.SqlDataReader.TryConsumeMetaData()
   em System.Data.SqlClient.SqlDataReader.get_MetaData()
   em System.Data.SqlClient.SqlCommand.FinishExecuteReader(SqlDataReader ds, RunBehavior runBehavior, String resetOptionsString, Boolean isInternal, Boolean forDescribeParameterEncryption)
   em System.Data.SqlClient.SqlCommand.RunExecuteReaderTds(CommandBehavior cmdBehavior, RunBehavior runBehavior, Boolean returnStream, Boolean async, Int32 timeout, Task& task, Boolean asyncWrite, Boolean inRetry, SqlDataReader ds, Boolean describeParameterEncryptionRequest)
   em System.Data.SqlClient.SqlCommand.RunExecuteReader(CommandBehavior cmdBehavior, RunBehavior runBehavior, Boolean returnStream, String method, TaskCompletionSource`1 completion, Int32 timeout, Task& task, Boolean& usedCache, Boolean asyncWrite, Boolean inRetry)
   em System.Data.SqlClient.SqlCommand.RunExecuteReader(CommandBehavior cmdBehavior, RunBehavior runBehavior, Boolean returnStream, String method)
   em System.Data.SqlClient.SqlCommand.ExecuteReader(CommandBehavior behavior, String method)
   em System.Data.SqlClient.SqlCommand.ExecuteDbDataReader(CommandBehavior behavior)
   em System.Data.Common.DbCommand.System.Data.IDbCommand.ExecuteReader(CommandBehavior behavior)
   em System.Data.Common.DbDataAdapter.FillInternal(DataSet dataset, DataTable[] datatables, Int32 startRecord, Int32 maxRecords, String srcTable, IDbCommand command, CommandBehavior behavior)
   em System.Data.Common.DbDataAdapter.Fill(DataSet dataSet, Int32 startRecord, Int32 maxRecords, String srcTable, IDbCommand command, CommandBehavior behavior)
   em System.Data.Common.DbDataAdapter.Fill(DataSet dataSet, String srcTable)
   em MControl_OEE.Module1.GetEmptyOrdem(Boolean bolEmpty, String strMachineId) na C:\OMNIVIEWER\v.1.7.4\VIEWER\omniViewer\MControl_OEE\Module1.vb:linha 828
ClientConnectionId:a786be2b-33f2-4c15-b5a6-c304f490f432
Error Number:102,State:1,Class:15
29/10/2018 17:58:43 - Falha interna da função GetEmptyOrdem
29/10/2018 17:58:43 - System.Data.SqlClient.SqlException (0x80131904): Sintaxe incorreta próxima a '='.
   em System.Data.SqlClient.SqlConnection.OnError(SqlException exception, Boolean breakConnection, Action`1 wrapCloseInAction)
   em System.Data.SqlClient.SqlInternalConnection.OnError(SqlException exception, Boolean breakConnection, Action`1 wrapCloseInAction)
   em System.Data.SqlClient.TdsParser.ThrowExceptionAndWarning(TdsParserStateObject stateObj, Boolean callerHasConnectionLock, Boolean asyncClose)
   em System.Data.SqlClient.TdsParser.TryRun(RunBehavior runBehavior, SqlCommand cmdHandler, SqlDataReader dataStream, BulkCopySimpleResultSet bulkCopyHandler, TdsParserStateObject stateObj, Boolean& dataReady)
   em System.Data.SqlClient.SqlDataReader.TryConsumeMetaData()
   em System.Data.SqlClient.SqlDataReader.get_MetaData()
   em System.Data.SqlClient.SqlCommand.FinishExecuteReader(SqlDataReader ds, RunBehavior runBehavior, String resetOptionsString, Boolean isInternal, Boolean forDescribeParameterEncryption)
   em System.Data.SqlClient.SqlCommand.RunExecuteReaderTds(CommandBehavior cmdBehavior, RunBehavior runBehavior, Boolean returnStream, Boolean async, Int32 timeout, Task& task, Boolean asyncWrite, Boolean inRetry, SqlDataReader ds, Boolean describeParameterEncryptionRequest)
   em System.Data.SqlClient.SqlCommand.RunExecuteReader(CommandBehavior cmdBehavior, RunBehavior runBehavior, Boolean returnStream, String method, TaskCompletionSource`1 completion, Int32 timeout, Task& task, Boolean& usedCache, Boolean asyncWrite, Boolean inRetry)
   em System.Data.SqlClient.SqlCommand.RunExecuteReader(CommandBehavior cmdBehavior, RunBehavior runBehavior, Boolean returnStream, String method)
   em System.Data.SqlClient.SqlCommand.ExecuteReader(CommandBehavior behavior, String method)
   em System.Data.SqlClient.SqlCommand.ExecuteDbDataReader(CommandBehavior behavior)
   em System.Data.Common.DbCommand.System.Data.IDbCommand.ExecuteReader(CommandBehavior behavior)
   em System.Data.Common.DbDataAdapter.FillInternal(DataSet dataset, DataTable[] datatables, Int32 startRecord, Int32 maxRecords, String srcTable, IDbCommand command, CommandBehavior behavior)
   em System.Data.Common.DbDataAdapter.Fill(DataSet dataSet, Int32 startRecord, Int32 maxRecords, String srcTable, IDbCommand command, CommandBehavior behavior)
   em System.Data.Common.DbDataAdapter.Fill(DataSet dataSet, String srcTable)
   em MControl_OEE.Module1.GetEmptyOrdem(Boolean bolEmpty, String strMachineId) na C:\OMNIVIEWER\v.1.7.4\VIEWER\omniViewer\MControl_OEE\Module1.vb:linha 828
ClientConnectionId:b3efb90b-d8cb-4cee-abe3-a4960f8b62de
Error Number:102,State:1,Class:15
29/10/2018 17:58:48 - Falha interna da função GetEmptyOrdem
29/10/2018 17:58:48 - System.Data.SqlClient.SqlException (0x80131904): Sintaxe incorreta próxima a '='.
   em System.Data.SqlClient.SqlConnection.OnError(SqlException exception, Boolean breakConnection, Action`1 wrapCloseInAction)
   em System.Data.SqlClient.SqlInternalConnection.OnError(SqlException exception, Boolean breakConnection, Action`1 wrapCloseInAction)
   em System.Data.SqlClient.TdsParser.ThrowExceptionAndWarning(TdsParserStateObject stateObj, Boolean callerHasConnectionLock, Boolean asyncClose)
   em System.Data.SqlClient.TdsParser.TryRun(RunBehavior runBehavior, SqlCommand cmdHandler, SqlDataReader dataStream, BulkCopySimpleResultSet bulkCopyHandler, TdsParserStateObject stateObj, Boolean& dataReady)
   em System.Data.SqlClient.SqlDataReader.TryConsumeMetaData()
   em System.Data.SqlClient.SqlDataReader.get_MetaData()
   em System.Data.SqlClient.SqlCommand.FinishExecuteReader(SqlDataReader ds, RunBehavior runBehavior, String resetOptionsString, Boolean isInternal, Boolean forDescribeParameterEncryption)
   em System.Data.SqlClient.SqlCommand.RunExecuteReaderTds(CommandBehavior cmdBehavior, RunBehavior runBehavior, Boolean returnStream, Boolean async, Int32 timeout, Task& task, Boolean asyncWrite, Boolean inRetry, SqlDataReader ds, Boolean describeParameterEncryptionRequest)
   em System.Data.SqlClient.SqlCommand.RunExecuteReader(CommandBehavior cmdBehavior, RunBehavior runBehavior, Boolean returnStream, String method, TaskCompletionSource`1 completion, Int32 timeout, Task& task, Boolean& usedCache, Boolean asyncWrite, Boolean inRetry)
   em System.Data.SqlClient.SqlCommand.RunExecuteReader(CommandBehavior cmdBehavior, RunBehavior runBehavior, Boolean returnStream, String method)
   em System.Data.SqlClient.SqlCommand.ExecuteReader(CommandBehavior behavior, String method)
   em System.Data.SqlClient.SqlCommand.ExecuteDbDataReader(CommandBehavior behavior)
   em System.Data.Common.DbCommand.System.Data.IDbCommand.ExecuteReader(CommandBehavior behavior)
   em System.Data.Common.DbDataAdapter.FillInternal(DataSet dataset, DataTable[] datatables, Int32 startRecord, Int32 maxRecords, String srcTable, IDbCommand command, CommandBehavior behavior)
   em System.Data.Common.DbDataAdapter.Fill(DataSet dataSet, Int32 startRecord, Int32 maxRecords, String srcTable, IDbCommand command, CommandBehavior behavior)
   em System.Data.Common.DbDataAdapter.Fill(DataSet dataSet, String srcTable)
   em MControl_OEE.Module1.GetEmptyOrdem(Boolean bolEmpty, String strMachineId) na C:\OMNIVIEWER\v.1.7.4\VIEWER\omniViewer\MControl_OEE\Module1.vb:linha 828
ClientConnectionId:200d6e63-28d0-48e9-8671-66fc6bfa92f5
Error Number:102,State:1,Class:15
29/10/2018 17:58:53 - Falha interna da função GetEmptyOrdem
29/10/2018 17:58:53 - System.Data.SqlClient.SqlException (0x80131904): Sintaxe incorreta próxima a '='.
   em System.Data.SqlClient.SqlConnection.OnError(SqlException exception, Boolean breakConnection, Action`1 wrapCloseInAction)
   em System.Data.SqlClient.SqlInternalConnection.OnError(SqlException exception, Boolean breakConnection, Action`1 wrapCloseInAction)
   em System.Data.SqlClient.TdsParser.ThrowExceptionAndWarning(TdsParserStateObject stateObj, Boolean callerHasConnectionLock, Boolean asyncClose)
   em System.Data.SqlClient.TdsParser.TryRun(RunBehavior runBehavior, SqlCommand cmdHandler, SqlDataReader dataStream, BulkCopySimpleResultSet bulkCopyHandler, TdsParserStateObject stateObj, Boolean& dataReady)
   em System.Data.SqlClient.SqlDataReader.TryConsumeMetaData()
   em System.Data.SqlClient.SqlDataReader.get_MetaData()
   em System.Data.SqlClient.SqlCommand.FinishExecuteReader(SqlDataReader ds, RunBehavior runBehavior, String resetOptionsString, Boolean isInternal, Boolean forDescribeParameterEncryption)
   em System.Data.SqlClient.SqlCommand.RunExecuteReaderTds(CommandBehavior cmdBehavior, RunBehavior runBehavior, Boolean returnStream, Boolean async, Int32 timeout, Task& task, Boolean asyncWrite, Boolean inRetry, SqlDataReader ds, Boolean describeParameterEncryptionRequest)
   em System.Data.SqlClient.SqlCommand.RunExecuteReader(CommandBehavior cmdBehavior, RunBehavior runBehavior, Boolean returnStream, String method, TaskCompletionSource`1 completion, Int32 timeout, Task& task, Boolean& usedCache, Boolean asyncWrite, Boolean inRetry)
   em System.Data.SqlClient.SqlCommand.RunExecuteReader(CommandBehavior cmdBehavior, RunBehavior runBehavior, Boolean returnStream, String method)
   em System.Data.SqlClient.SqlCommand.ExecuteReader(CommandBehavior behavior, String method)
   em System.Data.SqlClient.SqlCommand.ExecuteDbDataReader(CommandBehavior behavior)
   em System.Data.Common.DbCommand.System.Data.IDbCommand.ExecuteReader(CommandBehavior behavior)
   em System.Data.Common.DbDataAdapter.FillInternal(DataSet dataset, DataTable[] datatables, Int32 startRecord, Int32 maxRecords, String srcTable, IDbCommand command, CommandBehavior behavior)
   em System.Data.Common.DbDataAdapter.Fill(DataSet dataSet, Int32 startRecord, Int32 maxRecords, String srcTable, IDbCommand command, CommandBehavior behavior)
   em System.Data.Common.DbDataAdapter.Fill(DataSet dataSet, String srcTable)
   em MControl_OEE.Module1.GetEmptyOrdem(Boolean bolEmpty, String strMachineId) na C:\OMNIVIEWER\v.1.7.4\VIEWER\omniViewer\MControl_OEE\Module1.vb:linha 828
ClientConnectionId:200d6e63-28d0-48e9-8671-66fc6bfa92f5
Error Number:102,State:1,Class:15
29/10/2018 17:58:58 - Falha interna da função GetEmptyOrdem
29/10/2018 17:58:58 - System.Data.SqlClient.SqlException (0x80131904): Sintaxe incorreta próxima a '='.
   em System.Data.SqlClient.SqlConnection.OnError(SqlException exception, Boolean breakConnection, Action`1 wrapCloseInAction)
   em System.Data.SqlClient.SqlInternalConnection.OnError(SqlException exception, Boolean breakConnection, Action`1 wrapCloseInAction)
   em System.Data.SqlClient.TdsParser.ThrowExceptionAndWarning(TdsParserStateObject stateObj, Boolean callerHasConnectionLock, Boolean asyncClose)
   em System.Data.SqlClient.TdsParser.TryRun(RunBehavior runBehavior, SqlCommand cmdHandler, SqlDataReader dataStream, BulkCopySimpleResultSet bulkCopyHandler, TdsParserStateObject stateObj, Boolean& dataReady)
   em System.Data.SqlClient.SqlDataReader.TryConsumeMetaData()
   em System.Data.SqlClient.SqlDataReader.get_MetaData()
   em System.Data.SqlClient.SqlCommand.FinishExecuteReader(SqlDataReader ds, RunBehavior runBehavior, String resetOptionsString, Boolean isInternal, Boolean forDescribeParameterEncryption)
   em System.Data.SqlClient.SqlCommand.RunExecuteReaderTds(CommandBehavior cmdBehavior, RunBehavior runBehavior, Boolean returnStream, Boolean async, Int32 timeout, Task& task, Boolean asyncWrite, Boolean inRetry, SqlDataReader ds, Boolean describeParameterEncryptionRequest)
   em System.Data.SqlClient.SqlCommand.RunExecuteReader(CommandBehavior cmdBehavior, RunBehavior runBehavior, Boolean returnStream, String method, TaskCompletionSource`1 completion, Int32 timeout, Task& task, Boolean& usedCache, Boolean asyncWrite, Boolean inRetry)
   em System.Data.SqlClient.SqlCommand.RunExecuteReader(CommandBehavior cmdBehavior, RunBehavior runBehavior, Boolean returnStream, String method)
   em System.Data.SqlClient.SqlCommand.ExecuteReader(CommandBehavior behavior, String method)
   em System.Data.SqlClient.SqlCommand.ExecuteDbDataReader(CommandBehavior behavior)
   em System.Data.Common.DbCommand.System.Data.IDbCommand.ExecuteReader(CommandBehavior behavior)
   em System.Data.Common.DbDataAdapter.FillInternal(DataSet dataset, DataTable[] datatables, Int32 startRecord, Int32 maxRecords, String srcTable, IDbCommand command, CommandBehavior behavior)
   em System.Data.Common.DbDataAdapter.Fill(DataSet dataSet, Int32 startRecord, Int32 maxRecords, String srcTable, IDbCommand command, CommandBehavior behavior)
   em System.Data.Common.DbDataAdapter.Fill(DataSet dataSet, String srcTable)
   em MControl_OEE.Module1.GetEmptyOrdem(Boolean bolEmpty, String strMachineId) na C:\OMNIVIEWER\v.1.7.4\VIEWER\omniViewer\MControl_OEE\Module1.vb:linha 828
ClientConnectionId:b3efb90b-d8cb-4cee-abe3-a4960f8b62de
Error Number:102,State:1,Class:15
29/10/2018 23:53:55 - Falha interna da função GetEmptyOrdem
29/10/2018 23:53:55 - System.Data.SqlClient.SqlException (0x80131904): Sintaxe incorreta próxima a '='.
   em System.Data.SqlClient.SqlConnection.OnError(SqlException exception, Boolean breakConnection, Action`1 wrapCloseInAction)
   em System.Data.SqlClient.SqlInternalConnection.OnError(SqlException exception, Boolean breakConnection, Action`1 wrapCloseInAction)
   em System.Data.SqlClient.TdsParser.ThrowExceptionAndWarning(TdsParserStateObject stateObj, Boolean callerHasConnectionLock, Boolean asyncClose)
   em System.Data.SqlClient.TdsParser.TryRun(RunBehavior runBehavior, SqlCommand cmdHandler, SqlDataReader dataStream, BulkCopySimpleResultSet bulkCopyHandler, TdsParserStateObject stateObj, Boolean& dataReady)
   em System.Data.SqlClient.SqlDataReader.TryConsumeMetaData()
   em System.Data.SqlClient.SqlDataReader.get_MetaData()
   em System.Data.SqlClient.SqlCommand.FinishExecuteReader(SqlDataReader ds, RunBehavior runBehavior, String resetOptionsString, Boolean isInternal, Boolean forDescribeParameterEncryption)
   em System.Data.SqlClient.SqlCommand.RunExecuteReaderTds(CommandBehavior cmdBehavior, RunBehavior runBehavior, Boolean returnStream, Boolean async, Int32 timeout, Task& task, Boolean asyncWrite, Boolean inRetry, SqlDataReader ds, Boolean describeParameterEncryptionRequest)
   em System.Data.SqlClient.SqlCommand.RunExecuteReader(CommandBehavior cmdBehavior, RunBehavior runBehavior, Boolean returnStream, String method, TaskCompletionSource`1 completion, Int32 timeout, Task& task, Boolean& usedCache, Boolean asyncWrite, Boolean inRetry)
   em System.Data.SqlClient.SqlCommand.RunExecuteReader(CommandBehavior cmdBehavior, RunBehavior runBehavior, Boolean returnStream, String method)
   em System.Data.SqlClient.SqlCommand.ExecuteReader(CommandBehavior behavior, String method)
   em System.Data.SqlClient.SqlCommand.ExecuteDbDataReader(CommandBehavior behavior)
   em System.Data.Common.DbCommand.System.Data.IDbCommand.ExecuteReader(CommandBehavior behavior)
   em System.Data.Common.DbDataAdapter.FillInternal(DataSet dataset, DataTable[] datatables, Int32 startRecord, Int32 maxRecords, String srcTable, IDbCommand command, CommandBehavior behavior)
   em System.Data.Common.DbDataAdapter.Fill(DataSet dataSet, Int32 startRecord, Int32 maxRecords, String srcTable, IDbCommand command, CommandBehavior behavior)
   em System.Data.Common.DbDataAdapter.Fill(DataSet dataSet, String srcTable)
   em MControl_OEE.Module1.GetEmptyOrdem(Boolean bolEmpty, String strMachineId) na C:\OMNIVIEWER\v.1.7.4\VIEWER\omniViewer\MControl_OEE\Module1.vb:linha 828
ClientConnectionId:77c2f3da-25e1-42da-afba-d470e88bf8a8
Error Number:102,State:1,Class:15
29/10/2018 23:54:00 - Falha interna da função GetEmptyOrdem
29/10/2018 23:54:00 - System.Data.SqlClient.SqlException (0x80131904): Sintaxe incorreta próxima a '='.
   em System.Data.SqlClient.SqlConnection.OnError(SqlException exception, Boolean breakConnection, Action`1 wrapCloseInAction)
   em System.Data.SqlClient.SqlInternalConnection.OnError(SqlException exception, Boolean breakConnection, Action`1 wrapCloseInAction)
   em System.Data.SqlClient.TdsParser.ThrowExceptionAndWarning(TdsParserStateObject stateObj, Boolean callerHasConnectionLock, Boolean asyncClose)
   em System.Data.SqlClient.TdsParser.TryRun(RunBehavior runBehavior, SqlCommand cmdHandler, SqlDataReader dataStream, BulkCopySimpleResultSet bulkCopyHandler, TdsParserStateObject stateObj, Boolean& dataReady)
   em System.Data.SqlClient.SqlDataReader.TryConsumeMetaData()
   em System.Data.SqlClient.SqlDataReader.get_MetaData()
   em System.Data.SqlClient.SqlCommand.FinishExecuteReader(SqlDataReader ds, RunBehavior runBehavior, String resetOptionsString, Boolean isInternal, Boolean forDescribeParameterEncryption)
   em System.Data.SqlClient.SqlCommand.RunExecuteReaderTds(CommandBehavior cmdBehavior, RunBehavior runBehavior, Boolean returnStream, Boolean async, Int32 timeout, Task& task, Boolean asyncWrite, Boolean inRetry, SqlDataReader ds, Boolean describeParameterEncryptionRequest)
   em System.Data.SqlClient.SqlCommand.RunExecuteReader(CommandBehavior cmdBehavior, RunBehavior runBehavior, Boolean returnStream, String method, TaskCompletionSource`1 completion, Int32 timeout, Task& task, Boolean& usedCache, Boolean asyncWrite, Boolean inRetry)
   em System.Data.SqlClient.SqlCommand.RunExecuteReader(CommandBehavior cmdBehavior, RunBehavior runBehavior, Boolean returnStream, String method)
   em System.Data.SqlClient.SqlCommand.ExecuteReader(CommandBehavior behavior, String method)
   em System.Data.SqlClient.SqlCommand.ExecuteDbDataReader(CommandBehavior behavior)
   em System.Data.Common.DbCommand.System.Data.IDbCommand.ExecuteReader(CommandBehavior behavior)
   em System.Data.Common.DbDataAdapter.FillInternal(DataSet dataset, DataTable[] datatables, Int32 startRecord, Int32 maxRecords, String srcTable, IDbCommand command, CommandBehavior behavior)
   em System.Data.Common.DbDataAdapter.Fill(DataSet dataSet, Int32 startRecord, Int32 maxRecords, String srcTable, IDbCommand command, CommandBehavior behavior)
   em System.Data.Common.DbDataAdapter.Fill(DataSet dataSet, String srcTable)
   em MControl_OEE.Module1.GetEmptyOrdem(Boolean bolEmpty, String strMachineId) na C:\OMNIVIEWER\v.1.7.4\VIEWER\omniViewer\MControl_OEE\Module1.vb:linha 828
ClientConnectionId:ac690f47-1164-4827-a343-8c208cd9acab
Error Number:102,State:1,Class:15
29/10/2018 23:58:33 - Falha interna da função GetEmptyOrdem
29/10/2018 23:58:33 - System.Data.SqlClient.SqlException (0x80131904): Sintaxe incorreta próxima a '='.
   em System.Data.SqlClient.SqlConnection.OnError(SqlException exception, Boolean breakConnection, Action`1 wrapCloseInAction)
   em System.Data.SqlClient.SqlInternalConnection.OnError(SqlException exception, Boolean breakConnection, Action`1 wrapCloseInAction)
   em System.Data.SqlClient.TdsParser.ThrowExceptionAndWarning(TdsParserStateObject stateObj, Boolean callerHasConnectionLock, Boolean asyncClose)
   em System.Data.SqlClient.TdsParser.TryRun(RunBehavior runBehavior, SqlCommand cmdHandler, SqlDataReader dataStream, BulkCopySimpleResultSet bulkCopyHandler, TdsParserStateObject stateObj, Boolean& dataReady)
   em System.Data.SqlClient.SqlDataReader.TryConsumeMetaData()
   em System.Data.SqlClient.SqlDataReader.get_MetaData()
   em System.Data.SqlClient.SqlCommand.FinishExecuteReader(SqlDataReader ds, RunBehavior runBehavior, String resetOptionsString, Boolean isInternal, Boolean forDescribeParameterEncryption)
   em System.Data.SqlClient.SqlCommand.RunExecuteReaderTds(CommandBehavior cmdBehavior, RunBehavior runBehavior, Boolean returnStream, Boolean async, Int32 timeout, Task& task, Boolean asyncWrite, Boolean inRetry, SqlDataReader ds, Boolean describeParameterEncryptionRequest)
   em System.Data.SqlClient.SqlCommand.RunExecuteReader(CommandBehavior cmdBehavior, RunBehavior runBehavior, Boolean returnStream, String method, TaskCompletionSource`1 completion, Int32 timeout, Task& task, Boolean& usedCache, Boolean asyncWrite, Boolean inRetry)
   em System.Data.SqlClient.SqlCommand.RunExecuteReader(CommandBehavior cmdBehavior, RunBehavior runBehavior, Boolean returnStream, String method)
   em System.Data.SqlClient.SqlCommand.ExecuteReader(CommandBehavior behavior, String method)
   em System.Data.SqlClient.SqlCommand.ExecuteDbDataReader(CommandBehavior behavior)
   em System.Data.Common.DbCommand.System.Data.IDbCommand.ExecuteReader(CommandBehavior behavior)
   em System.Data.Common.DbDataAdapter.FillInternal(DataSet dataset, DataTable[] datatables, Int32 startRecord, Int32 maxRecords, String srcTable, IDbCommand command, CommandBehavior behavior)
   em System.Data.Common.DbDataAdapter.Fill(DataSet dataSet, Int32 startRecord, Int32 maxRecords, String srcTable, IDbCommand command, CommandBehavior behavior)
   em System.Data.Common.DbDataAdapter.Fill(DataSet dataSet, String srcTable)
   em MControl_OEE.Module1.GetEmptyOrdem(Boolean bolEmpty, String strMachineId) na C:\OMNIVIEWER\v.1.7.4\VIEWER\omniViewer\MControl_OEE\Module1.vb:linha 828
ClientConnectionId:54b6e7e8-5a83-4579-9b8d-c69b6432784b
Error Number:102,State:1,Class:15
29/10/2018 23:58:42 - Falha interna da função GetEmptyOrdem
29/10/2018 23:58:42 - System.Data.SqlClient.SqlException (0x80131904): Sintaxe incorreta próxima a '='.
   em System.Data.SqlClient.SqlConnection.OnError(SqlException exception, Boolean breakConnection, Action`1 wrapCloseInAction)
   em System.Data.SqlClient.SqlInternalConnection.OnError(SqlException exception, Boolean breakConnection, Action`1 wrapCloseInAction)
   em System.Data.SqlClient.TdsParser.ThrowExceptionAndWarning(TdsParserStateObject stateObj, Boolean callerHasConnectionLock, Boolean asyncClose)
   em System.Data.SqlClient.TdsParser.TryRun(RunBehavior runBehavior, SqlCommand cmdHandler, SqlDataReader dataStream, BulkCopySimpleResultSet bulkCopyHandler, TdsParserStateObject stateObj, Boolean& dataReady)
   em System.Data.SqlClient.SqlDataReader.TryConsumeMetaData()
   em System.Data.SqlClient.SqlDataReader.get_MetaData()
   em System.Data.SqlClient.SqlCommand.FinishExecuteReader(SqlDataReader ds, RunBehavior runBehavior, String resetOptionsString, Boolean isInternal, Boolean forDescribeParameterEncryption)
   em System.Data.SqlClient.SqlCommand.RunExecuteReaderTds(CommandBehavior cmdBehavior, RunBehavior runBehavior, Boolean returnStream, Boolean async, Int32 timeout, Task& task, Boolean asyncWrite, Boolean inRetry, SqlDataReader ds, Boolean describeParameterEncryptionRequest)
   em System.Data.SqlClient.SqlCommand.RunExecuteReader(CommandBehavior cmdBehavior, RunBehavior runBehavior, Boolean returnStream, String method, TaskCompletionSource`1 completion, Int32 timeout, Task& task, Boolean& usedCache, Boolean asyncWrite, Boolean inRetry)
   em System.Data.SqlClient.SqlCommand.RunExecuteReader(CommandBehavior cmdBehavior, RunBehavior runBehavior, Boolean returnStream, String method)
   em System.Data.SqlClient.SqlCommand.ExecuteReader(CommandBehavior behavior, String method)
   em System.Data.SqlClient.SqlCommand.ExecuteDbDataReader(CommandBehavior behavior)
   em System.Data.Common.DbCommand.System.Data.IDbCommand.ExecuteReader(CommandBehavior behavior)
   em System.Data.Common.DbDataAdapter.FillInternal(DataSet dataset, DataTable[] datatables, Int32 startRecord, Int32 maxRecords, String srcTable, IDbCommand command, CommandBehavior behavior)
   em System.Data.Common.DbDataAdapter.Fill(DataSet dataSet, Int32 startRecord, Int32 maxRecords, String srcTable, IDbCommand command, CommandBehavior behavior)
   em System.Data.Common.DbDataAdapter.Fill(DataSet dataSet, String srcTable)
   em MControl_OEE.Module1.GetEmptyOrdem(Boolean bolEmpty, String strMachineId) na C:\OMNIVIEWER\v.1.7.4\VIEWER\omniViewer\MControl_OEE\Module1.vb:linha 828
ClientConnectionId:6cf8036c-c777-456b-8683-d6ecc20265f4
Error Number:102,State:1,Class:15
29/10/2018 23:58:47 - Falha interna da função GetEmptyOrdem
29/10/2018 23:58:47 - System.Data.SqlClient.SqlException (0x80131904): Sintaxe incorreta próxima a '='.
   em System.Data.SqlClient.SqlConnection.OnError(SqlException exception, Boolean breakConnection, Action`1 wrapCloseInAction)
   em System.Data.SqlClient.SqlInternalConnection.OnError(SqlException exception, Boolean breakConnection, Action`1 wrapCloseInAction)
   em System.Data.SqlClient.TdsParser.ThrowExceptionAndWarning(TdsParserStateObject stateObj, Boolean callerHasConnectionLock, Boolean asyncClose)
   em System.Data.SqlClient.TdsParser.TryRun(RunBehavior runBehavior, SqlCommand cmdHandler, SqlDataReader dataStream, BulkCopySimpleResultSet bulkCopyHandler, TdsParserStateObject stateObj, Boolean& dataReady)
   em System.Data.SqlClient.SqlDataReader.TryConsumeMetaData()
   em System.Data.SqlClient.SqlDataReader.get_MetaData()
   em System.Data.SqlClient.SqlCommand.FinishExecuteReader(SqlDataReader ds, RunBehavior runBehavior, String resetOptionsString, Boolean isInternal, Boolean forDescribeParameterEncryption)
   em System.Data.SqlClient.SqlCommand.RunExecuteReaderTds(CommandBehavior cmdBehavior, RunBehavior runBehavior, Boolean returnStream, Boolean async, Int32 timeout, Task& task, Boolean asyncWrite, Boolean inRetry, SqlDataReader ds, Boolean describeParameterEncryptionRequest)
   em System.Data.SqlClient.SqlCommand.RunExecuteReader(CommandBehavior cmdBehavior, RunBehavior runBehavior, Boolean returnStream, String method, TaskCompletionSource`1 completion, Int32 timeout, Task& task, Boolean& usedCache, Boolean asyncWrite, Boolean inRetry)
   em System.Data.SqlClient.SqlCommand.RunExecuteReader(CommandBehavior cmdBehavior, RunBehavior runBehavior, Boolean returnStream, String method)
   em System.Data.SqlClient.SqlCommand.ExecuteReader(CommandBehavior behavior, String method)
   em System.Data.SqlClient.SqlCommand.ExecuteDbDataReader(CommandBehavior behavior)
   em System.Data.Common.DbCommand.System.Data.IDbCommand.ExecuteReader(CommandBehavior behavior)
   em System.Data.Common.DbDataAdapter.FillInternal(DataSet dataset, DataTable[] datatables, Int32 startRecord, Int32 maxRecords, String srcTable, IDbCommand command, CommandBehavior behavior)
   em System.Data.Common.DbDataAdapter.Fill(DataSet dataSet, Int32 startRecord, Int32 maxRecords, String srcTable, IDbCommand command, CommandBehavior behavior)
   em System.Data.Common.DbDataAdapter.Fill(DataSet dataSet, String srcTable)
   em MControl_OEE.Module1.GetEmptyOrdem(Boolean bolEmpty, String strMachineId) na C:\OMNIVIEWER\v.1.7.4\VIEWER\omniViewer\MControl_OEE\Module1.vb:linha 828
ClientConnectionId:6cf8036c-c777-456b-8683-d6ecc20265f4
Error Number:102,State:1,Class:15