
05/12/2019 11:39:51 - Falha interna da função GetMotivosEmpty
05/12/2019 11:39:51 - System.Data.SqlClient.SqlException (0x80131904): Incorrect syntax near '='.
   em System.Data.SqlClient.SqlConnection.OnError(SqlException exception, Boolean breakConnection, Action`1 wrapCloseInAction)
   em System.Data.SqlClient.SqlInternalConnection.OnError(SqlException exception, Boolean breakConnection, Action`1 wrapCloseInAction)
   em System.Data.SqlClient.TdsParser.ThrowExceptionAndWarning(TdsParserStateObject stateObj, Boolean callerHasConnectionLock, Boolean asyncClose)
   em System.Data.SqlClient.TdsParser.TryRun(RunBehavior runBehavior, SqlCommand cmdHandler, SqlDataReader dataStream, BulkCopySimpleResultSet bulkCopyHandler, TdsParserStateObject stateObj, Boolean& dataReady)
   em System.Data.SqlClient.SqlDataReader.TryConsumeMetaData()
   em System.Data.SqlClient.SqlDataReader.get_MetaData()
   em System.Data.SqlClient.SqlCommand.FinishExecuteReader(SqlDataReader ds, RunBehavior runBehavior, String resetOptionsString, Boolean isInternal, Boolean forDescribeParameterEncryption, Boolean shouldCacheForAlwaysEncrypted)
   em System.Data.SqlClient.SqlCommand.RunExecuteReaderTds(CommandBehavior cmdBehavior, RunBehavior runBehavior, Boolean returnStream, Boolean async, Int32 timeout, Task& task, Boolean asyncWrite, Boolean inRetry, SqlDataReader ds, Boolean describeParameterEncryptionRequest)
   em System.Data.SqlClient.SqlCommand.RunExecuteReader(CommandBehavior cmdBehavior, RunBehavior runBehavior, Boolean returnStream, String method, TaskCompletionSource`1 completion, Int32 timeout, Task& task, Boolean& usedCache, Boolean asyncWrite, Boolean inRetry)
   em System.Data.SqlClient.SqlCommand.RunExecuteReader(CommandBehavior cmdBehavior, RunBehavior runBehavior, Boolean returnStream, String method)
   em System.Data.SqlClient.SqlCommand.ExecuteReader(CommandBehavior behavior, String method)
   em System.Data.SqlClient.SqlCommand.ExecuteDbDataReader(CommandBehavior behavior)
   em System.Data.Common.DbCommand.System.Data.IDbCommand.ExecuteReader(CommandBehavior behavior)
   em System.Data.Common.DbDataAdapter.FillInternal(DataSet dataset, DataTable[] datatables, Int32 startRecord, Int32 maxRecords, String srcTable, IDbCommand command, CommandBehavior behavior)
   em System.Data.Common.DbDataAdapter.Fill(DataSet dataSet, Int32 startRecord, Int32 maxRecords, String srcTable, IDbCommand command, CommandBehavior behavior)
   em System.Data.Common.DbDataAdapter.Fill(DataSet dataSet, String srcTable)
   em MControl_OEE.Module1.GetMotivosEmpty(String strMachineId, String[,]& strMotivos, Int32& intMotivos, DataGridViewX& dgvMotivos) na C:\OMNIVIEWER-DEV\VIEWER\omniViewer\MControl_OEE\Module1.vb:linha 605
ClientConnectionId:3e512917-019c-499d-9323-fb0d8536a455
Error Number:102,State:1,Class:15
05/12/2019 11:44:31 - Falha interna da função GetMotivosEmpty
05/12/2019 11:44:31 - System.Data.SqlClient.SqlException (0x80131904): Incorrect syntax near '='.
   em System.Data.SqlClient.SqlConnection.OnError(SqlException exception, Boolean breakConnection, Action`1 wrapCloseInAction)
   em System.Data.SqlClient.SqlInternalConnection.OnError(SqlException exception, Boolean breakConnection, Action`1 wrapCloseInAction)
   em System.Data.SqlClient.TdsParser.ThrowExceptionAndWarning(TdsParserStateObject stateObj, Boolean callerHasConnectionLock, Boolean asyncClose)
   em System.Data.SqlClient.TdsParser.TryRun(RunBehavior runBehavior, SqlCommand cmdHandler, SqlDataReader dataStream, BulkCopySimpleResultSet bulkCopyHandler, TdsParserStateObject stateObj, Boolean& dataReady)
   em System.Data.SqlClient.SqlDataReader.TryConsumeMetaData()
   em System.Data.SqlClient.SqlDataReader.get_MetaData()
   em System.Data.SqlClient.SqlCommand.FinishExecuteReader(SqlDataReader ds, RunBehavior runBehavior, String resetOptionsString, Boolean isInternal, Boolean forDescribeParameterEncryption, Boolean shouldCacheForAlwaysEncrypted)
   em System.Data.SqlClient.SqlCommand.RunExecuteReaderTds(CommandBehavior cmdBehavior, RunBehavior runBehavior, Boolean returnStream, Boolean async, Int32 timeout, Task& task, Boolean asyncWrite, Boolean inRetry, SqlDataReader ds, Boolean describeParameterEncryptionRequest)
   em System.Data.SqlClient.SqlCommand.RunExecuteReader(CommandBehavior cmdBehavior, RunBehavior runBehavior, Boolean returnStream, String method, TaskCompletionSource`1 completion, Int32 timeout, Task& task, Boolean& usedCache, Boolean asyncWrite, Boolean inRetry)
   em System.Data.SqlClient.SqlCommand.RunExecuteReader(CommandBehavior cmdBehavior, RunBehavior runBehavior, Boolean returnStream, String method)
   em System.Data.SqlClient.SqlCommand.ExecuteReader(CommandBehavior behavior, String method)
   em System.Data.SqlClient.SqlCommand.ExecuteDbDataReader(CommandBehavior behavior)
   em System.Data.Common.DbCommand.System.Data.IDbCommand.ExecuteReader(CommandBehavior behavior)
   em System.Data.Common.DbDataAdapter.FillInternal(DataSet dataset, DataTable[] datatables, Int32 startRecord, Int32 maxRecords, String srcTable, IDbCommand command, CommandBehavior behavior)
   em System.Data.Common.DbDataAdapter.Fill(DataSet dataSet, Int32 startRecord, Int32 maxRecords, String srcTable, IDbCommand command, CommandBehavior behavior)
   em System.Data.Common.DbDataAdapter.Fill(DataSet dataSet, String srcTable)
   em MControl_OEE.Module1.GetMotivosEmpty(String strMachineId, String[,]& strMotivos, Int32& intMotivos, DataGridViewX& dgvMotivos) na C:\OMNIVIEWER-DEV\VIEWER\omniViewer\MControl_OEE\Module1.vb:linha 605
ClientConnectionId:55ce8d18-d490-4284-bff5-bb5dfe3e0c98
Error Number:102,State:1,Class:15
05/12/2019 11:51:08 - Falha interna da função GetMotivosEmpty
05/12/2019 11:51:08 - System.Data.SqlClient.SqlException (0x80131904): Incorrect syntax near '='.
   em System.Data.SqlClient.SqlConnection.OnError(SqlException exception, Boolean breakConnection, Action`1 wrapCloseInAction)
   em System.Data.SqlClient.SqlInternalConnection.OnError(SqlException exception, Boolean breakConnection, Action`1 wrapCloseInAction)
   em System.Data.SqlClient.TdsParser.ThrowExceptionAndWarning(TdsParserStateObject stateObj, Boolean callerHasConnectionLock, Boolean asyncClose)
   em System.Data.SqlClient.TdsParser.TryRun(RunBehavior runBehavior, SqlCommand cmdHandler, SqlDataReader dataStream, BulkCopySimpleResultSet bulkCopyHandler, TdsParserStateObject stateObj, Boolean& dataReady)
   em System.Data.SqlClient.SqlDataReader.TryConsumeMetaData()
   em System.Data.SqlClient.SqlDataReader.get_MetaData()
   em System.Data.SqlClient.SqlCommand.FinishExecuteReader(SqlDataReader ds, RunBehavior runBehavior, String resetOptionsString, Boolean isInternal, Boolean forDescribeParameterEncryption, Boolean shouldCacheForAlwaysEncrypted)
   em System.Data.SqlClient.SqlCommand.RunExecuteReaderTds(CommandBehavior cmdBehavior, RunBehavior runBehavior, Boolean returnStream, Boolean async, Int32 timeout, Task& task, Boolean asyncWrite, Boolean inRetry, SqlDataReader ds, Boolean describeParameterEncryptionRequest)
   em System.Data.SqlClient.SqlCommand.RunExecuteReader(CommandBehavior cmdBehavior, RunBehavior runBehavior, Boolean returnStream, String method, TaskCompletionSource`1 completion, Int32 timeout, Task& task, Boolean& usedCache, Boolean asyncWrite, Boolean inRetry)
   em System.Data.SqlClient.SqlCommand.RunExecuteReader(CommandBehavior cmdBehavior, RunBehavior runBehavior, Boolean returnStream, String method)
   em System.Data.SqlClient.SqlCommand.ExecuteReader(CommandBehavior behavior, String method)
   em System.Data.SqlClient.SqlCommand.ExecuteDbDataReader(CommandBehavior behavior)
   em System.Data.Common.DbCommand.System.Data.IDbCommand.ExecuteReader(CommandBehavior behavior)
   em System.Data.Common.DbDataAdapter.FillInternal(DataSet dataset, DataTable[] datatables, Int32 startRecord, Int32 maxRecords, String srcTable, IDbCommand command, CommandBehavior behavior)
   em System.Data.Common.DbDataAdapter.Fill(DataSet dataSet, Int32 startRecord, Int32 maxRecords, String srcTable, IDbCommand command, CommandBehavior behavior)
   em System.Data.Common.DbDataAdapter.Fill(DataSet dataSet, String srcTable)
   em MControl_OEE.Module1.GetMotivosEmpty(String strMachineId, String[,]& strMotivos, Int32& intMotivos, DataGridViewX& dgvMotivos) na C:\OMNIVIEWER-DEV\VIEWER\omniViewer\MControl_OEE\Module1.vb:linha 605
ClientConnectionId:025589a5-b090-40d8-81de-f0982a9f3389
Error Number:102,State:1,Class:15
05/12/2019 11:54:20 - Falha interna da função GetMotivosEmpty
05/12/2019 11:54:20 - System.Data.SqlClient.SqlException (0x80131904): Invalid column name 'MachineId'.
   em System.Data.SqlClient.SqlConnection.OnError(SqlException exception, Boolean breakConnection, Action`1 wrapCloseInAction)
   em System.Data.SqlClient.SqlInternalConnection.OnError(SqlException exception, Boolean breakConnection, Action`1 wrapCloseInAction)
   em System.Data.SqlClient.TdsParser.ThrowExceptionAndWarning(TdsParserStateObject stateObj, Boolean callerHasConnectionLock, Boolean asyncClose)
   em System.Data.SqlClient.TdsParser.TryRun(RunBehavior runBehavior, SqlCommand cmdHandler, SqlDataReader dataStream, BulkCopySimpleResultSet bulkCopyHandler, TdsParserStateObject stateObj, Boolean& dataReady)
   em System.Data.SqlClient.SqlDataReader.TryConsumeMetaData()
   em System.Data.SqlClient.SqlDataReader.get_MetaData()
   em System.Data.SqlClient.SqlCommand.FinishExecuteReader(SqlDataReader ds, RunBehavior runBehavior, String resetOptionsString, Boolean isInternal, Boolean forDescribeParameterEncryption, Boolean shouldCacheForAlwaysEncrypted)
   em System.Data.SqlClient.SqlCommand.RunExecuteReaderTds(CommandBehavior cmdBehavior, RunBehavior runBehavior, Boolean returnStream, Boolean async, Int32 timeout, Task& task, Boolean asyncWrite, Boolean inRetry, SqlDataReader ds, Boolean describeParameterEncryptionRequest)
   em System.Data.SqlClient.SqlCommand.RunExecuteReader(CommandBehavior cmdBehavior, RunBehavior runBehavior, Boolean returnStream, String method, TaskCompletionSource`1 completion, Int32 timeout, Task& task, Boolean& usedCache, Boolean asyncWrite, Boolean inRetry)
   em System.Data.SqlClient.SqlCommand.RunExecuteReader(CommandBehavior cmdBehavior, RunBehavior runBehavior, Boolean returnStream, String method)
   em System.Data.SqlClient.SqlCommand.ExecuteReader(CommandBehavior behavior, String method)
   em System.Data.SqlClient.SqlCommand.ExecuteDbDataReader(CommandBehavior behavior)
   em System.Data.Common.DbCommand.System.Data.IDbCommand.ExecuteReader(CommandBehavior behavior)
   em System.Data.Common.DbDataAdapter.FillInternal(DataSet dataset, DataTable[] datatables, Int32 startRecord, Int32 maxRecords, String srcTable, IDbCommand command, CommandBehavior behavior)
   em System.Data.Common.DbDataAdapter.Fill(DataSet dataSet, Int32 startRecord, Int32 maxRecords, String srcTable, IDbCommand command, CommandBehavior behavior)
   em System.Data.Common.DbDataAdapter.Fill(DataSet dataSet, String srcTable)
   em MControl_OEE.Module1.GetMotivosEmpty(String strMachineId, String[,]& strMotivos, Int32& intMotivos, DataGridViewX& dgvMotivos)
ClientConnectionId:9d87ea1b-9671-4dfa-aeaf-ac0d2c78f829
Error Number:207,State:1,Class:16
05/12/2019 13:58:44 - Falha interna da função GetMotivosEmpty
05/12/2019 13:58:44 - System.Data.SqlClient.SqlException (0x80131904): Invalid column name 'motinonivel1'.
   em System.Data.SqlClient.SqlConnection.OnError(SqlException exception, Boolean breakConnection, Action`1 wrapCloseInAction)
   em System.Data.SqlClient.SqlInternalConnection.OnError(SqlException exception, Boolean breakConnection, Action`1 wrapCloseInAction)
   em System.Data.SqlClient.TdsParser.ThrowExceptionAndWarning(TdsParserStateObject stateObj, Boolean callerHasConnectionLock, Boolean asyncClose)
   em System.Data.SqlClient.TdsParser.TryRun(RunBehavior runBehavior, SqlCommand cmdHandler, SqlDataReader dataStream, BulkCopySimpleResultSet bulkCopyHandler, TdsParserStateObject stateObj, Boolean& dataReady)
   em System.Data.SqlClient.SqlDataReader.TryConsumeMetaData()
   em System.Data.SqlClient.SqlDataReader.get_MetaData()
   em System.Data.SqlClient.SqlCommand.FinishExecuteReader(SqlDataReader ds, RunBehavior runBehavior, String resetOptionsString, Boolean isInternal, Boolean forDescribeParameterEncryption, Boolean shouldCacheForAlwaysEncrypted)
   em System.Data.SqlClient.SqlCommand.RunExecuteReaderTds(CommandBehavior cmdBehavior, RunBehavior runBehavior, Boolean returnStream, Boolean async, Int32 timeout, Task& task, Boolean asyncWrite, Boolean inRetry, SqlDataReader ds, Boolean describeParameterEncryptionRequest)
   em System.Data.SqlClient.SqlCommand.RunExecuteReader(CommandBehavior cmdBehavior, RunBehavior runBehavior, Boolean returnStream, String method, TaskCompletionSource`1 completion, Int32 timeout, Task& task, Boolean& usedCache, Boolean asyncWrite, Boolean inRetry)
   em System.Data.SqlClient.SqlCommand.RunExecuteReader(CommandBehavior cmdBehavior, RunBehavior runBehavior, Boolean returnStream, String method)
   em System.Data.SqlClient.SqlCommand.ExecuteReader(CommandBehavior behavior, String method)
   em System.Data.SqlClient.SqlCommand.ExecuteDbDataReader(CommandBehavior behavior)
   em System.Data.Common.DbCommand.System.Data.IDbCommand.ExecuteReader(CommandBehavior behavior)
   em System.Data.Common.DbDataAdapter.FillInternal(DataSet dataset, DataTable[] datatables, Int32 startRecord, Int32 maxRecords, String srcTable, IDbCommand command, CommandBehavior behavior)
   em System.Data.Common.DbDataAdapter.Fill(DataSet dataSet, Int32 startRecord, Int32 maxRecords, String srcTable, IDbCommand command, CommandBehavior behavior)
   em System.Data.Common.DbDataAdapter.Fill(DataSet dataSet, String srcTable)
   em MControl_OEE.Module1.GetMotivos2(Int32 intMOTIVONIVEL1, DataGridViewComboBoxColumn& cbMOTIVONIVEL2, String[]& strMOTIVONIVEL2) na C:\OMNIVIEWER-DEV\VIEWER\omniViewer\MControl_OEE\Module1.vb:linha 656
ClientConnectionId:43abc13c-fd35-47d6-bff6-e3fadf835bb5
Error Number:207,State:1,Class:16
05/12/2019 15:12:11 - Falha interna da função SaveMotivos
05/12/2019 15:12:11 - System.Data.SqlClient.SqlException (0x80131904): Incorrect syntax near ','.
   em System.Data.SqlClient.SqlConnection.OnError(SqlException exception, Boolean breakConnection, Action`1 wrapCloseInAction)
   em System.Data.SqlClient.SqlInternalConnection.OnError(SqlException exception, Boolean breakConnection, Action`1 wrapCloseInAction)
   em System.Data.SqlClient.TdsParser.ThrowExceptionAndWarning(TdsParserStateObject stateObj, Boolean callerHasConnectionLock, Boolean asyncClose)
   em System.Data.SqlClient.TdsParser.TryRun(RunBehavior runBehavior, SqlCommand cmdHandler, SqlDataReader dataStream, BulkCopySimpleResultSet bulkCopyHandler, TdsParserStateObject stateObj, Boolean& dataReady)
   em System.Data.SqlClient.SqlCommand.RunExecuteNonQueryTds(String methodName, Boolean async, Int32 timeout, Boolean asyncWrite)
   em System.Data.SqlClient.SqlCommand.InternalExecuteNonQuery(TaskCompletionSource`1 completion, String methodName, Boolean sendToPipe, Int32 timeout, Boolean& usedCache, Boolean asyncWrite, Boolean inRetry)
   em System.Data.SqlClient.SqlCommand.ExecuteNonQuery()
   em MControl_OEE.Module1.SaveMotivos(String strMachineId, String[] strMOTIVON1ID, Int32 intNI1INDEX, String[] strMOTIVON2ID, Int32 intN2INDEX, String[] strMOTIVON3ID, Int32 intN3INDEX, DataGridViewX& dgvMOTIVOS) na C:\OMNIVIEWER-DEV\VIEWER\omniViewer\MControl_OEE\Module1.vb:linha 764
ClientConnectionId:38cb964f-926c-4d15-b436-b48bed58e938
Error Number:102,State:1,Class:15