
25/11/2019 19:21:17 - Falha interna da função ReadDBGETMOTIVOS
25/11/2019 19:21:17 - System.InvalidCastException: O operador '=' não está definido para tipo 'DBNull' e tipo 'Integer'.
   em Microsoft.VisualBasic.CompilerServices.Operators.ConditionalCompareObjectEqual(Object Left, Object Right, Boolean TextCompare)
   em MCONTROL_OEE.mod_OEE.ReadDBGETMOTIVOSPARADA(Int32 intPARADAID, ComboBox& cbNIVEL1, ComboBox& cbNIVEL2, ComboBox& cbNIVEL3, String& strERROR) na C:\VOESTALPINE - DEV\MCONTROL_OEE\MCONTROL_OEE\mod_OEE.vb:linha 951
25/11/2019 19:24:27 - Falha interna da função ReadDBGETMOTIVOS
25/11/2019 19:24:27 - System.InvalidCastException: O operador '=' não está definido para tipo 'DBNull' e tipo 'Integer'.
   em Microsoft.VisualBasic.CompilerServices.Operators.ConditionalCompareObjectEqual(Object Left, Object Right, Boolean TextCompare)
   em MCONTROL_OEE.mod_OEE.ReadDBGETMOTIVOSPARADA(Int32 intPARADAID, ComboBox& cbNIVEL1, ComboBox& cbNIVEL2, ComboBox& cbNIVEL3, String& strERROR)
25/11/2019 19:24:54 - Falha interna da função ReadDBGETMOTIVOS
25/11/2019 19:24:54 - System.NullReferenceException: Referência de objeto não definida para uma instância de um objeto.
   em MCONTROL_OEE.mod_OEE.ReadDBGETMOTIVOSPARADA(Int32 intPARADAID, ComboBox& cbNIVEL1, ComboBox& cbNIVEL2, ComboBox& cbNIVEL3, String& strERROR) na C:\VOESTALPINE - DEV\MCONTROL_OEE\MCONTROL_OEE\mod_OEE.vb:linha 962
25/11/2019 19:27:40 - Falha interna da função ReadDBGETMOTIVOS
25/11/2019 19:27:40 - System.NullReferenceException: Referência de objeto não definida para uma instância de um objeto.
   em MCONTROL_OEE.mod_OEE.ReadDBGETMOTIVOSPARADA(Int32 intPARADAID, ComboBox& cbNIVEL1, ComboBox& cbNIVEL2, ComboBox& cbNIVEL3, String& strERROR) na C:\VOESTALPINE - DEV\MCONTROL_OEE\MCONTROL_OEE\mod_OEE.vb:linha 962
25/11/2019 19:58:58 - Falha interna da função ReadDBGETPARADAS
25/11/2019 19:58:59 - System.Data.SqlClient.SqlException (0x80131904): Nome de objeto 'dbo.MCONTROL_OEE_Operadores' inválido.
   em System.Data.SqlClient.SqlConnection.OnError(SqlException exception, Boolean breakConnection, Action`1 wrapCloseInAction)
   em System.Data.SqlClient.SqlInternalConnection.OnError(SqlException exception, Boolean breakConnection, Action`1 wrapCloseInAction)
   em System.Data.SqlClient.TdsParser.ThrowExceptionAndWarning(TdsParserStateObject stateObj, Boolean callerHasConnectionLock, Boolean asyncClose)
   em System.Data.SqlClient.TdsParser.TryRun(RunBehavior runBehavior, SqlCommand cmdHandler, SqlDataReader dataStream, BulkCopySimpleResultSet bulkCopyHandler, TdsParserStateObject stateObj, Boolean& dataReady)
   em System.Data.SqlClient.SqlDataReader.TryConsumeMetaData()
   em System.Data.SqlClient.SqlDataReader.get_MetaData()
   em System.Data.SqlClient.SqlCommand.FinishExecuteReader(SqlDataReader ds, RunBehavior runBehavior, String resetOptionsString, Boolean isInternal, Boolean forDescribeParameterEncryption, Boolean shouldCacheForAlwaysEncrypted)
   em System.Data.SqlClient.SqlCommand.RunExecuteReaderTds(CommandBehavior cmdBehavior, RunBehavior runBehavior, Boolean returnStream, Boolean async, Int32 timeout, Task& task, Boolean asyncWrite, Boolean inRetry, SqlDataReader ds, Boolean describeParameterEncryptionRequest)
   em System.Data.SqlClient.SqlCommand.RunExecuteReader(CommandBehavior cmdBehavior, RunBehavior runBehavior, Boolean returnStream, String method, TaskCompletionSource`1 completion, Int32 timeout, Task& task, Boolean& usedCache, Boolean asyncWrite, Boolean inRetry)
   em System.Data.SqlClient.SqlCommand.RunExecuteReader(CommandBehavior cmdBehavior, RunBehavior runBehavior, Boolean returnStream, String method)
   em System.Data.SqlClient.SqlCommand.ExecuteReader(CommandBehavior behavior, String method)
   em System.Data.SqlClient.SqlCommand.ExecuteDbDataReader(CommandBehavior behavior)
   em System.Data.Common.DbCommand.System.Data.IDbCommand.ExecuteReader(CommandBehavior behavior)
   em System.Data.Common.DbDataAdapter.FillInternal(DataSet dataset, DataTable[] datatables, Int32 startRecord, Int32 maxRecords, String srcTable, IDbCommand command, CommandBehavior behavior)
   em System.Data.Common.DbDataAdapter.Fill(DataSet dataSet, Int32 startRecord, Int32 maxRecords, String srcTable, IDbCommand command, CommandBehavior behavior)
   em System.Data.Common.DbDataAdapter.Fill(DataSet dataSet, String srcTable)
   em MCONTROL_OEE.mod_OEE.ReadDBGETPARADAS(String strDataInicial, String strDataFinal, String strMachineId, DataGridViewX& dgvPARADAS, String& strERROR) na C:\VOESTALPINE - DEV\MCONTROL_OEE\MCONTROL_OEE\mod_OEE.vb:linha 1697
ClientConnectionId:1ef1278a-50cb-496b-be8a-b03911b61495
Error Number:208,State:1,Class:16
25/11/2019 20:00:04 - Falha interna da função ReadDBGETPARADAS
25/11/2019 20:00:04 - System.Data.SqlClient.SqlException (0x80131904): Nome de objeto 'dbo.MCONTROL_OEE_Operadores' inválido.
   em System.Data.SqlClient.SqlConnection.OnError(SqlException exception, Boolean breakConnection, Action`1 wrapCloseInAction)
   em System.Data.SqlClient.SqlInternalConnection.OnError(SqlException exception, Boolean breakConnection, Action`1 wrapCloseInAction)
   em System.Data.SqlClient.TdsParser.ThrowExceptionAndWarning(TdsParserStateObject stateObj, Boolean callerHasConnectionLock, Boolean asyncClose)
   em System.Data.SqlClient.TdsParser.TryRun(RunBehavior runBehavior, SqlCommand cmdHandler, SqlDataReader dataStream, BulkCopySimpleResultSet bulkCopyHandler, TdsParserStateObject stateObj, Boolean& dataReady)
   em System.Data.SqlClient.SqlDataReader.TryConsumeMetaData()
   em System.Data.SqlClient.SqlDataReader.get_MetaData()
   em System.Data.SqlClient.SqlCommand.FinishExecuteReader(SqlDataReader ds, RunBehavior runBehavior, String resetOptionsString, Boolean isInternal, Boolean forDescribeParameterEncryption, Boolean shouldCacheForAlwaysEncrypted)
   em System.Data.SqlClient.SqlCommand.RunExecuteReaderTds(CommandBehavior cmdBehavior, RunBehavior runBehavior, Boolean returnStream, Boolean async, Int32 timeout, Task& task, Boolean asyncWrite, Boolean inRetry, SqlDataReader ds, Boolean describeParameterEncryptionRequest)
   em System.Data.SqlClient.SqlCommand.RunExecuteReader(CommandBehavior cmdBehavior, RunBehavior runBehavior, Boolean returnStream, String method, TaskCompletionSource`1 completion, Int32 timeout, Task& task, Boolean& usedCache, Boolean asyncWrite, Boolean inRetry)
   em System.Data.SqlClient.SqlCommand.RunExecuteReader(CommandBehavior cmdBehavior, RunBehavior runBehavior, Boolean returnStream, String method)
   em System.Data.SqlClient.SqlCommand.ExecuteReader(CommandBehavior behavior, String method)
   em System.Data.SqlClient.SqlCommand.ExecuteDbDataReader(CommandBehavior behavior)
   em System.Data.Common.DbCommand.System.Data.IDbCommand.ExecuteReader(CommandBehavior behavior)
   em System.Data.Common.DbDataAdapter.FillInternal(DataSet dataset, DataTable[] datatables, Int32 startRecord, Int32 maxRecords, String srcTable, IDbCommand command, CommandBehavior behavior)
   em System.Data.Common.DbDataAdapter.Fill(DataSet dataSet, Int32 startRecord, Int32 maxRecords, String srcTable, IDbCommand command, CommandBehavior behavior)
   em System.Data.Common.DbDataAdapter.Fill(DataSet dataSet, String srcTable)
   em MCONTROL_OEE.mod_OEE.ReadDBGETPARADAS(String strDataInicial, String strDataFinal, String strMachineId, DataGridViewX& dgvPARADAS, String& strERROR)
ClientConnectionId:80b25ca6-c794-42e2-aa2a-85bf17119ca9
Error Number:208,State:1,Class:16