
19/12/2019 08:24:25 - Falha interna da função ReadDBGETMOTIVOS
19/12/2019 08:24:25 - System.ArgumentException: A coluna 'testes' não pertence à tabela Devices.
   em System.Data.DataRow.GetDataColumn(String columnName)
   em System.Data.DataRow.get_Item(String columnName)
   em MCONTROL_OEE.mod_OEE.ReadDBGETMOTIVOS(DataGridViewX& dgvMOTIVOS, String& strErro) na C:\VOESTALPINE - DEV\MCONTROL_OEE\MCONTROL_OEE\mod_OEE.vb:linha 1062
19/12/2019 08:41:07 - Falha interna da função WriteDBSAVEMOTIVOS
19/12/2019 08:41:07 - System.InvalidCastException: O operador '=' não está definido para tipo 'DBNull' e tipo 'Boolean'.
   em Microsoft.VisualBasic.CompilerServices.Operators.ConditionalCompareObjectEqual(Object Left, Object Right, Boolean TextCompare)
   em MCONTROL_OEE.mod_OEE.WriteDBSAVEMOTIVOS(DataGridViewX dgvMOTIVOS, Int32 intNIVEL, String& strERROR) na C:\VOESTALPINE - DEV\MCONTROL_OEE\MCONTROL_OEE\mod_OEE.vb:linha 1118
19/12/2019 08:41:40 - Falha interna da função WriteDBSAVEMOTIVOS
19/12/2019 08:41:40 - System.InvalidCastException: O operador '=' não está definido para tipo 'DBNull' e tipo 'Boolean'.
   em Microsoft.VisualBasic.CompilerServices.Operators.ConditionalCompareObjectEqual(Object Left, Object Right, Boolean TextCompare)
   em MCONTROL_OEE.mod_OEE.WriteDBSAVEMOTIVOS(DataGridViewX dgvMOTIVOS, Int32 intNIVEL, String& strERROR) na C:\VOESTALPINE - DEV\MCONTROL_OEE\MCONTROL_OEE\mod_OEE.vb:linha 1118
19/12/2019 08:47:25 - Falha interna da função ReadDBCHECKUSOMOTIVO
19/12/2019 08:47:25 - System.InvalidOperationException: ExecuteReader: propriedade CommandText não foi inicializada
   em System.Data.SqlClient.SqlCommand.ValidateCommand(String method, Boolean async)
   em System.Data.SqlClient.SqlCommand.RunExecuteReader(CommandBehavior cmdBehavior, RunBehavior runBehavior, Boolean returnStream, String method, TaskCompletionSource`1 completion, Int32 timeout, Task& task, Boolean& usedCache, Boolean asyncWrite, Boolean inRetry)
   em System.Data.SqlClient.SqlCommand.RunExecuteReader(CommandBehavior cmdBehavior, RunBehavior runBehavior, Boolean returnStream, String method)
   em System.Data.SqlClient.SqlCommand.ExecuteReader(CommandBehavior behavior, String method)
   em System.Data.SqlClient.SqlCommand.ExecuteDbDataReader(CommandBehavior behavior)
   em System.Data.Common.DbCommand.System.Data.IDbCommand.ExecuteReader(CommandBehavior behavior)
   em System.Data.Common.DbDataAdapter.FillInternal(DataSet dataset, DataTable[] datatables, Int32 startRecord, Int32 maxRecords, String srcTable, IDbCommand command, CommandBehavior behavior)
   em System.Data.Common.DbDataAdapter.Fill(DataSet dataSet, Int32 startRecord, Int32 maxRecords, String srcTable, IDbCommand command, CommandBehavior behavior)
   em System.Data.Common.DbDataAdapter.Fill(DataSet dataSet, String srcTable)
   em MCONTROL_OEE.mod_OEE.ReadDBCHECKUSOMOTIVO(Int32 intMOTIVOID, Int32 intMOTIVONIVEL, Boolean& bolUSED, String& strERROR) na C:\VOESTALPINE - DEV\MCONTROL_OEE\MCONTROL_OEE\mod_OEE.vb:linha 1575
19/12/2019 08:48:05 - Falha interna da função ReadDBCHECKUSOMOTIVO
19/12/2019 08:48:05 - System.InvalidOperationException: ExecuteReader: propriedade CommandText não foi inicializada
   em System.Data.SqlClient.SqlCommand.ValidateCommand(String method, Boolean async)
   em System.Data.SqlClient.SqlCommand.RunExecuteReader(CommandBehavior cmdBehavior, RunBehavior runBehavior, Boolean returnStream, String method, TaskCompletionSource`1 completion, Int32 timeout, Task& task, Boolean& usedCache, Boolean asyncWrite, Boolean inRetry)
   em System.Data.SqlClient.SqlCommand.RunExecuteReader(CommandBehavior cmdBehavior, RunBehavior runBehavior, Boolean returnStream, String method)
   em System.Data.SqlClient.SqlCommand.ExecuteReader(CommandBehavior behavior, String method)
   em System.Data.SqlClient.SqlCommand.ExecuteDbDataReader(CommandBehavior behavior)
   em System.Data.Common.DbCommand.System.Data.IDbCommand.ExecuteReader(CommandBehavior behavior)
   em System.Data.Common.DbDataAdapter.FillInternal(DataSet dataset, DataTable[] datatables, Int32 startRecord, Int32 maxRecords, String srcTable, IDbCommand command, CommandBehavior behavior)
   em System.Data.Common.DbDataAdapter.Fill(DataSet dataSet, Int32 startRecord, Int32 maxRecords, String srcTable, IDbCommand command, CommandBehavior behavior)
   em System.Data.Common.DbDataAdapter.Fill(DataSet dataSet, String srcTable)
   em MCONTROL_OEE.mod_OEE.ReadDBCHECKUSOMOTIVO(Int32 intMOTIVOID, Int32 intMOTIVONIVEL, Boolean& bolUSED, String& strERROR) na C:\VOESTALPINE - DEV\MCONTROL_OEE\MCONTROL_OEE\mod_OEE.vb:linha 1575
19/12/2019 13:15:26 - Falha interna da função ReadDBCHART_PARETO
19/12/2019 13:15:26 - System.InvalidCastException: O operador '=' não está definido para cadeia de caracteres "1" e tipo 'DBNull'.
   em Microsoft.VisualBasic.CompilerServices.Operators.ConditionalCompareObjectEqual(Object Left, Object Right, Boolean TextCompare)
   em MCONTROL_OEE.mod_OEE.ReadDBCHART_PARETO(String strDATAINICIAL, String strHORAINICIAL, String strDATAFINAL, String strHORAFINAL, ListBoxAdv lbMAQUINASID, ListBoxAdv lbNIVEL1ID, ListBoxAdv lbNIVEL2ID, ListBoxAdv lbNIVEL3ID, ListBoxAdv lbTURNOID, ChartXy& Chart, PieChart& PieChart, String& strERROR) na C:\VOESTALPINE - DEV\MCONTROL_OEE\MCONTROL_OEE\mod_OEE.vb:linha 4785
19/12/2019 13:17:40 - Falha interna da função ReadDBGETPARADAS
19/12/2019 13:17:40 - System.Data.SqlClient.SqlException (0x80131904): The conversion of a varchar data type to a datetime data type resulted in an out-of-range value.
   em System.Data.SqlClient.SqlConnection.OnError(SqlException exception, Boolean breakConnection, Action`1 wrapCloseInAction)
   em System.Data.SqlClient.SqlInternalConnection.OnError(SqlException exception, Boolean breakConnection, Action`1 wrapCloseInAction)
   em System.Data.SqlClient.TdsParser.ThrowExceptionAndWarning(TdsParserStateObject stateObj, Boolean callerHasConnectionLock, Boolean asyncClose)
   em System.Data.SqlClient.TdsParser.TryRun(RunBehavior runBehavior, SqlCommand cmdHandler, SqlDataReader dataStream, BulkCopySimpleResultSet bulkCopyHandler, TdsParserStateObject stateObj, Boolean& dataReady)
   em System.Data.SqlClient.SqlDataReader.TryHasMoreRows(Boolean& moreRows)
   em System.Data.SqlClient.SqlDataReader.TryReadInternal(Boolean setTimeout, Boolean& more)
   em System.Data.SqlClient.SqlDataReader.Read()
   em System.Data.Common.DataAdapter.FillLoadDataRow(SchemaMapping mapping)
   em System.Data.Common.DataAdapter.FillFromReader(DataSet dataset, DataTable datatable, String srcTable, DataReaderContainer dataReader, Int32 startRecord, Int32 maxRecords, DataColumn parentChapterColumn, Object parentChapterValue)
   em System.Data.Common.DataAdapter.Fill(DataSet dataSet, String srcTable, IDataReader dataReader, Int32 startRecord, Int32 maxRecords)
   em System.Data.Common.DbDataAdapter.FillInternal(DataSet dataset, DataTable[] datatables, Int32 startRecord, Int32 maxRecords, String srcTable, IDbCommand command, CommandBehavior behavior)
   em System.Data.Common.DbDataAdapter.Fill(DataSet dataSet, Int32 startRecord, Int32 maxRecords, String srcTable, IDbCommand command, CommandBehavior behavior)
   em System.Data.Common.DbDataAdapter.Fill(DataSet dataSet, String srcTable)
   em MCONTROL_OEE.mod_OEE.WriteDBREPORTPRODUTIVIDADE(Int32 intMACHINEID, String strDATAINICIAL, String strDATAFINAL, String strHORAINICIAL, String strHORAFINAL, String& strERROR) na C:\VOESTALPINE - DEV\MCONTROL_OEE\MCONTROL_OEE\mod_OEE.vb:linha 5110
ClientConnectionId:0444acee-2322-4e8f-ac7d-3797ca101c19
Error Number:242,State:3,Class:16
19/12/2019 13:19:04 - Falha interna da função ReadDBGETPARADAS
19/12/2019 13:19:04 - System.Data.SqlClient.SqlException (0x80131904): The conversion of a varchar data type to a datetime data type resulted in an out-of-range value.
   em System.Data.SqlClient.SqlConnection.OnError(SqlException exception, Boolean breakConnection, Action`1 wrapCloseInAction)
   em System.Data.SqlClient.SqlInternalConnection.OnError(SqlException exception, Boolean breakConnection, Action`1 wrapCloseInAction)
   em System.Data.SqlClient.TdsParser.ThrowExceptionAndWarning(TdsParserStateObject stateObj, Boolean callerHasConnectionLock, Boolean asyncClose)
   em System.Data.SqlClient.TdsParser.TryRun(RunBehavior runBehavior, SqlCommand cmdHandler, SqlDataReader dataStream, BulkCopySimpleResultSet bulkCopyHandler, TdsParserStateObject stateObj, Boolean& dataReady)
   em System.Data.SqlClient.SqlDataReader.TryHasMoreRows(Boolean& moreRows)
   em System.Data.SqlClient.SqlDataReader.TryReadInternal(Boolean setTimeout, Boolean& more)
   em System.Data.SqlClient.SqlDataReader.Read()
   em System.Data.Common.DataAdapter.FillLoadDataRow(SchemaMapping mapping)
   em System.Data.Common.DataAdapter.FillFromReader(DataSet dataset, DataTable datatable, String srcTable, DataReaderContainer dataReader, Int32 startRecord, Int32 maxRecords, DataColumn parentChapterColumn, Object parentChapterValue)
   em System.Data.Common.DataAdapter.Fill(DataSet dataSet, String srcTable, IDataReader dataReader, Int32 startRecord, Int32 maxRecords)
   em System.Data.Common.DbDataAdapter.FillInternal(DataSet dataset, DataTable[] datatables, Int32 startRecord, Int32 maxRecords, String srcTable, IDbCommand command, CommandBehavior behavior)
   em System.Data.Common.DbDataAdapter.Fill(DataSet dataSet, Int32 startRecord, Int32 maxRecords, String srcTable, IDbCommand command, CommandBehavior behavior)
   em System.Data.Common.DbDataAdapter.Fill(DataSet dataSet, String srcTable)
   em MCONTROL_OEE.mod_OEE.WriteDBREPORTPRODUTIVIDADE(Int32 intMACHINEID, String strDATAINICIAL, String strDATAFINAL, String strHORAINICIAL, String strHORAFINAL, String& strERROR) na C:\VOESTALPINE - DEV\MCONTROL_OEE\MCONTROL_OEE\mod_OEE.vb:linha 5110
ClientConnectionId:e307804c-c805-4ce0-8b3a-02f57f06a771
Error Number:242,State:3,Class:16
19/12/2019 13:24:05 - Falha interna da função ReadDBGETPARADAS
19/12/2019 13:24:05 - System.InvalidCastException: O operador '=' não está definido para tipo 'DBNull' e cadeia de caracteres "1".
   em Microsoft.VisualBasic.CompilerServices.Operators.ConditionalCompareObjectEqual(Object Left, Object Right, Boolean TextCompare)
   em MCONTROL_OEE.mod_OEE.WriteDBREPORTPRODUTIVIDADE(Int32 intMACHINEID, String strDATAINICIAL, String strDATAFINAL, String strHORAINICIAL, String strHORAFINAL, String& strERROR) na C:\VOESTALPINE - DEV\MCONTROL_OEE\MCONTROL_OEE\mod_OEE.vb:linha 5123
19/12/2019 13:26:04 - Falha interna da função ReadDBGETPARADAS
19/12/2019 13:26:04 - System.InvalidCastException: O operador '=' não está definido para tipo 'DBNull' e cadeia de caracteres "1".
   em Microsoft.VisualBasic.CompilerServices.Operators.ConditionalCompareObjectEqual(Object Left, Object Right, Boolean TextCompare)
   em MCONTROL_OEE.mod_OEE.WriteDBREPORTPRODUTIVIDADE(Int32 intMACHINEID, String strDATAINICIAL, String strDATAFINAL, String strHORAINICIAL, String strHORAFINAL, String& strERROR) na C:\VOESTALPINE - DEV\MCONTROL_OEE\MCONTROL_OEE\mod_OEE.vb:linha 5123
19/12/2019 13:26:55 - Falha interna da função ReadDBGETPARADAS
19/12/2019 13:26:55 - System.InvalidCastException: O operador '=' não está definido para tipo 'DBNull' e cadeia de caracteres "1".
   em Microsoft.VisualBasic.CompilerServices.Operators.ConditionalCompareObjectEqual(Object Left, Object Right, Boolean TextCompare)
   em MCONTROL_OEE.mod_OEE.WriteDBREPORTPRODUTIVIDADE(Int32 intMACHINEID, String strDATAINICIAL, String strDATAFINAL, String strHORAINICIAL, String strHORAFINAL, String& strERROR) na C:\VOESTALPINE - DEV\MCONTROL_OEE\MCONTROL_OEE\mod_OEE.vb:linha 5123
19/12/2019 13:29:20 - Falha interna da função ReadDBGETPARADAS
19/12/2019 13:29:20 - System.OverflowException: Valor era muito grande ou muito pequeno para Decimal.
   em System.Decimal..ctor(Double value)
   em MCONTROL_OEE.mod_OEE.WriteDBREPORTPRODUTIVIDADE(Int32 intMACHINEID, String strDATAINICIAL, String strDATAFINAL, String strHORAINICIAL, String strHORAFINAL, String& strERROR) na C:\VOESTALPINE - DEV\MCONTROL_OEE\MCONTROL_OEE\mod_OEE.vb:linha 5215
19/12/2019 13:34:32 - Falha interna da função ReadDBGETPARADAS
19/12/2019 13:34:32 - System.Data.SqlClient.SqlException (0x80131904): Incorrect syntax near '∞'.
   em System.Data.SqlClient.SqlConnection.OnError(SqlException exception, Boolean breakConnection, Action`1 wrapCloseInAction)
   em System.Data.SqlClient.SqlInternalConnection.OnError(SqlException exception, Boolean breakConnection, Action`1 wrapCloseInAction)
   em System.Data.SqlClient.TdsParser.ThrowExceptionAndWarning(TdsParserStateObject stateObj, Boolean callerHasConnectionLock, Boolean asyncClose)
   em System.Data.SqlClient.TdsParser.TryRun(RunBehavior runBehavior, SqlCommand cmdHandler, SqlDataReader dataStream, BulkCopySimpleResultSet bulkCopyHandler, TdsParserStateObject stateObj, Boolean& dataReady)
   em System.Data.SqlClient.SqlCommand.RunExecuteNonQueryTds(String methodName, Boolean async, Int32 timeout, Boolean asyncWrite)
   em System.Data.SqlClient.SqlCommand.InternalExecuteNonQuery(TaskCompletionSource`1 completion, String methodName, Boolean sendToPipe, Int32 timeout, Boolean& usedCache, Boolean asyncWrite, Boolean inRetry)
   em System.Data.SqlClient.SqlCommand.ExecuteNonQuery()
   em MCONTROL_OEE.mod_OEE.WriteDBREPORTPRODUTIVIDADE(Int32 intMACHINEID, String strDATAINICIAL, String strDATAFINAL, String strHORAINICIAL, String strHORAFINAL, String& strERROR) na C:\VOESTALPINE - DEV\MCONTROL_OEE\MCONTROL_OEE\mod_OEE.vb:linha 5247
ClientConnectionId:f7df8729-f9d9-4db6-b92f-b3d1b50e61d4
Error Number:102,State:1,Class:15
19/12/2019 13:34:53 - Falha interna da função ReadDBGETPARADAS
19/12/2019 13:34:53 - System.Data.SqlClient.SqlException (0x80131904): Incorrect syntax near '∞'.
   em System.Data.SqlClient.SqlConnection.OnError(SqlException exception, Boolean breakConnection, Action`1 wrapCloseInAction)
   em System.Data.SqlClient.SqlInternalConnection.OnError(SqlException exception, Boolean breakConnection, Action`1 wrapCloseInAction)
   em System.Data.SqlClient.TdsParser.ThrowExceptionAndWarning(TdsParserStateObject stateObj, Boolean callerHasConnectionLock, Boolean asyncClose)
   em System.Data.SqlClient.TdsParser.TryRun(RunBehavior runBehavior, SqlCommand cmdHandler, SqlDataReader dataStream, BulkCopySimpleResultSet bulkCopyHandler, TdsParserStateObject stateObj, Boolean& dataReady)
   em System.Data.SqlClient.SqlCommand.RunExecuteNonQueryTds(String methodName, Boolean async, Int32 timeout, Boolean asyncWrite)
   em System.Data.SqlClient.SqlCommand.InternalExecuteNonQuery(TaskCompletionSource`1 completion, String methodName, Boolean sendToPipe, Int32 timeout, Boolean& usedCache, Boolean asyncWrite, Boolean inRetry)
   em System.Data.SqlClient.SqlCommand.ExecuteNonQuery()
   em MCONTROL_OEE.mod_OEE.WriteDBREPORTPRODUTIVIDADE(Int32 intMACHINEID, String strDATAINICIAL, String strDATAFINAL, String strHORAINICIAL, String strHORAFINAL, String& strERROR) na C:\VOESTALPINE - DEV\MCONTROL_OEE\MCONTROL_OEE\mod_OEE.vb:linha 5247
ClientConnectionId:a340b051-3d81-44f2-9160-ca7b3986cf35
Error Number:102,State:1,Class:15
19/12/2019 13:37:24 - Falha interna da função ReadDBGETPARADAS
19/12/2019 13:37:24 - System.Data.SqlClient.SqlException (0x80131904): The conversion of a varchar data type to a datetime data type resulted in an out-of-range value.
   em System.Data.SqlClient.SqlConnection.OnError(SqlException exception, Boolean breakConnection, Action`1 wrapCloseInAction)
   em System.Data.SqlClient.SqlInternalConnection.OnError(SqlException exception, Boolean breakConnection, Action`1 wrapCloseInAction)
   em System.Data.SqlClient.TdsParser.ThrowExceptionAndWarning(TdsParserStateObject stateObj, Boolean callerHasConnectionLock, Boolean asyncClose)
   em System.Data.SqlClient.TdsParser.TryRun(RunBehavior runBehavior, SqlCommand cmdHandler, SqlDataReader dataStream, BulkCopySimpleResultSet bulkCopyHandler, TdsParserStateObject stateObj, Boolean& dataReady)
   em System.Data.SqlClient.SqlDataReader.TryHasMoreRows(Boolean& moreRows)
   em System.Data.SqlClient.SqlDataReader.TryReadInternal(Boolean setTimeout, Boolean& more)
   em System.Data.SqlClient.SqlDataReader.Read()
   em System.Data.Common.DataAdapter.FillLoadDataRow(SchemaMapping mapping)
   em System.Data.Common.DataAdapter.FillFromReader(DataSet dataset, DataTable datatable, String srcTable, DataReaderContainer dataReader, Int32 startRecord, Int32 maxRecords, DataColumn parentChapterColumn, Object parentChapterValue)
   em System.Data.Common.DataAdapter.Fill(DataSet dataSet, String srcTable, IDataReader dataReader, Int32 startRecord, Int32 maxRecords)
   em System.Data.Common.DbDataAdapter.FillInternal(DataSet dataset, DataTable[] datatables, Int32 startRecord, Int32 maxRecords, String srcTable, IDbCommand command, CommandBehavior behavior)
   em System.Data.Common.DbDataAdapter.Fill(DataSet dataSet, Int32 startRecord, Int32 maxRecords, String srcTable, IDbCommand command, CommandBehavior behavior)
   em System.Data.Common.DbDataAdapter.Fill(DataSet dataSet, String srcTable)
   em MCONTROL_OEE.mod_OEE.WriteDBREPORTMANUTENCAO(Int32 intMACHINEID, String strDATAINICIAL, String strDATAFINAL, String strHORAINICIAL, String strHORAFINAL, String& strERROR) na C:\VOESTALPINE - DEV\MCONTROL_OEE\MCONTROL_OEE\mod_OEE.vb:linha 5382
ClientConnectionId:22cf15fb-cbde-4432-b887-7eb00beb74e6
Error Number:242,State:3,Class:16
19/12/2019 13:42:30 - Falha interna da função ReadDBGETPARADAS
19/12/2019 13:42:30 - System.Data.SqlClient.SqlException (0x80131904): The conversion of a varchar data type to a datetime data type resulted in an out-of-range value.
   em System.Data.SqlClient.SqlConnection.OnError(SqlException exception, Boolean breakConnection, Action`1 wrapCloseInAction)
   em System.Data.SqlClient.SqlInternalConnection.OnError(SqlException exception, Boolean breakConnection, Action`1 wrapCloseInAction)
   em System.Data.SqlClient.TdsParser.ThrowExceptionAndWarning(TdsParserStateObject stateObj, Boolean callerHasConnectionLock, Boolean asyncClose)
   em System.Data.SqlClient.TdsParser.TryRun(RunBehavior runBehavior, SqlCommand cmdHandler, SqlDataReader dataStream, BulkCopySimpleResultSet bulkCopyHandler, TdsParserStateObject stateObj, Boolean& dataReady)
   em System.Data.SqlClient.SqlDataReader.TryHasMoreRows(Boolean& moreRows)
   em System.Data.SqlClient.SqlDataReader.TryReadInternal(Boolean setTimeout, Boolean& more)
   em System.Data.SqlClient.SqlDataReader.Read()
   em System.Data.Common.DataAdapter.FillLoadDataRow(SchemaMapping mapping)
   em System.Data.Common.DataAdapter.FillFromReader(DataSet dataset, DataTable datatable, String srcTable, DataReaderContainer dataReader, Int32 startRecord, Int32 maxRecords, DataColumn parentChapterColumn, Object parentChapterValue)
   em System.Data.Common.DataAdapter.Fill(DataSet dataSet, String srcTable, IDataReader dataReader, Int32 startRecord, Int32 maxRecords)
   em System.Data.Common.DbDataAdapter.FillInternal(DataSet dataset, DataTable[] datatables, Int32 startRecord, Int32 maxRecords, String srcTable, IDbCommand command, CommandBehavior behavior)
   em System.Data.Common.DbDataAdapter.Fill(DataSet dataSet, Int32 startRecord, Int32 maxRecords, String srcTable, IDbCommand command, CommandBehavior behavior)
   em System.Data.Common.DbDataAdapter.Fill(DataSet dataSet, String srcTable)
   em MCONTROL_OEE.mod_OEE.WriteDBREPORTMANUTENCAO(Int32 intMACHINEID, String strDATAINICIAL, String strDATAFINAL, String strHORAINICIAL, String strHORAFINAL, String& strERROR)
ClientConnectionId:cc1289c9-95d6-41ea-88db-97412c6cb4bc
Error Number:242,State:3,Class:16
19/12/2019 13:43:39 - Falha interna da função ReadDBGETPARADAS
19/12/2019 13:43:39 - System.Data.SqlClient.SqlException (0x80131904): The conversion of a varchar data type to a datetime data type resulted in an out-of-range value.
   em System.Data.SqlClient.SqlConnection.OnError(SqlException exception, Boolean breakConnection, Action`1 wrapCloseInAction)
   em System.Data.SqlClient.SqlInternalConnection.OnError(SqlException exception, Boolean breakConnection, Action`1 wrapCloseInAction)
   em System.Data.SqlClient.TdsParser.ThrowExceptionAndWarning(TdsParserStateObject stateObj, Boolean callerHasConnectionLock, Boolean asyncClose)
   em System.Data.SqlClient.TdsParser.TryRun(RunBehavior runBehavior, SqlCommand cmdHandler, SqlDataReader dataStream, BulkCopySimpleResultSet bulkCopyHandler, TdsParserStateObject stateObj, Boolean& dataReady)
   em System.Data.SqlClient.SqlDataReader.TryHasMoreRows(Boolean& moreRows)
   em System.Data.SqlClient.SqlDataReader.TryReadInternal(Boolean setTimeout, Boolean& more)
   em System.Data.SqlClient.SqlDataReader.Read()
   em System.Data.Common.DataAdapter.FillLoadDataRow(SchemaMapping mapping)
   em System.Data.Common.DataAdapter.FillFromReader(DataSet dataset, DataTable datatable, String srcTable, DataReaderContainer dataReader, Int32 startRecord, Int32 maxRecords, DataColumn parentChapterColumn, Object parentChapterValue)
   em System.Data.Common.DataAdapter.Fill(DataSet dataSet, String srcTable, IDataReader dataReader, Int32 startRecord, Int32 maxRecords)
   em System.Data.Common.DbDataAdapter.FillInternal(DataSet dataset, DataTable[] datatables, Int32 startRecord, Int32 maxRecords, String srcTable, IDbCommand command, CommandBehavior behavior)
   em System.Data.Common.DbDataAdapter.Fill(DataSet dataSet, Int32 startRecord, Int32 maxRecords, String srcTable, IDbCommand command, CommandBehavior behavior)
   em System.Data.Common.DbDataAdapter.Fill(DataSet dataSet, String srcTable)
   em MCONTROL_OEE.mod_OEE.WriteDBREPORTMANUTENCAO(Int32 intMACHINEID, String strDATAINICIAL, String strDATAFINAL, String strHORAINICIAL, String strHORAFINAL, String& strERROR) na C:\VOESTALPINE - DEV\MCONTROL_OEE\MCONTROL_OEE\mod_OEE.vb:linha 5382
ClientConnectionId:393f6190-e7a2-4286-8dd0-2afb3d17e276
Error Number:242,State:3,Class:16
19/12/2019 13:43:57 - Falha interna da função ReadDBGETPARADAS
19/12/2019 13:43:57 - System.Data.SqlClient.SqlException (0x80131904): The conversion of a varchar data type to a datetime data type resulted in an out-of-range value.
   em System.Data.SqlClient.SqlConnection.OnError(SqlException exception, Boolean breakConnection, Action`1 wrapCloseInAction)
   em System.Data.SqlClient.SqlInternalConnection.OnError(SqlException exception, Boolean breakConnection, Action`1 wrapCloseInAction)
   em System.Data.SqlClient.TdsParser.ThrowExceptionAndWarning(TdsParserStateObject stateObj, Boolean callerHasConnectionLock, Boolean asyncClose)
   em System.Data.SqlClient.TdsParser.TryRun(RunBehavior runBehavior, SqlCommand cmdHandler, SqlDataReader dataStream, BulkCopySimpleResultSet bulkCopyHandler, TdsParserStateObject stateObj, Boolean& dataReady)
   em System.Data.SqlClient.SqlDataReader.TryHasMoreRows(Boolean& moreRows)
   em System.Data.SqlClient.SqlDataReader.TryReadInternal(Boolean setTimeout, Boolean& more)
   em System.Data.SqlClient.SqlDataReader.Read()
   em System.Data.Common.DataAdapter.FillLoadDataRow(SchemaMapping mapping)
   em System.Data.Common.DataAdapter.FillFromReader(DataSet dataset, DataTable datatable, String srcTable, DataReaderContainer dataReader, Int32 startRecord, Int32 maxRecords, DataColumn parentChapterColumn, Object parentChapterValue)
   em System.Data.Common.DataAdapter.Fill(DataSet dataSet, String srcTable, IDataReader dataReader, Int32 startRecord, Int32 maxRecords)
   em System.Data.Common.DbDataAdapter.FillInternal(DataSet dataset, DataTable[] datatables, Int32 startRecord, Int32 maxRecords, String srcTable, IDbCommand command, CommandBehavior behavior)
   em System.Data.Common.DbDataAdapter.Fill(DataSet dataSet, Int32 startRecord, Int32 maxRecords, String srcTable, IDbCommand command, CommandBehavior behavior)
   em System.Data.Common.DbDataAdapter.Fill(DataSet dataSet, String srcTable)
   em MCONTROL_OEE.mod_OEE.WriteDBREPORTMANUTENCAO(Int32 intMACHINEID, String strDATAINICIAL, String strDATAFINAL, String strHORAINICIAL, String strHORAFINAL, String& strERROR) na C:\VOESTALPINE - DEV\MCONTROL_OEE\MCONTROL_OEE\mod_OEE.vb:linha 5382
ClientConnectionId:56ef9695-1f17-48a8-8876-7410771a2620
Error Number:242,State:3,Class:16
19/12/2019 13:44:38 - Falha interna da função ReadDBGETPARADAS
19/12/2019 13:44:38 - System.Data.SqlClient.SqlException (0x80131904): The conversion of a varchar data type to a datetime data type resulted in an out-of-range value.
   em System.Data.SqlClient.SqlConnection.OnError(SqlException exception, Boolean breakConnection, Action`1 wrapCloseInAction)
   em System.Data.SqlClient.SqlInternalConnection.OnError(SqlException exception, Boolean breakConnection, Action`1 wrapCloseInAction)
   em System.Data.SqlClient.TdsParser.ThrowExceptionAndWarning(TdsParserStateObject stateObj, Boolean callerHasConnectionLock, Boolean asyncClose)
   em System.Data.SqlClient.TdsParser.TryRun(RunBehavior runBehavior, SqlCommand cmdHandler, SqlDataReader dataStream, BulkCopySimpleResultSet bulkCopyHandler, TdsParserStateObject stateObj, Boolean& dataReady)
   em System.Data.SqlClient.SqlDataReader.TryHasMoreRows(Boolean& moreRows)
   em System.Data.SqlClient.SqlDataReader.TryReadInternal(Boolean setTimeout, Boolean& more)
   em System.Data.SqlClient.SqlDataReader.Read()
   em System.Data.Common.DataAdapter.FillLoadDataRow(SchemaMapping mapping)
   em System.Data.Common.DataAdapter.FillFromReader(DataSet dataset, DataTable datatable, String srcTable, DataReaderContainer dataReader, Int32 startRecord, Int32 maxRecords, DataColumn parentChapterColumn, Object parentChapterValue)
   em System.Data.Common.DataAdapter.Fill(DataSet dataSet, String srcTable, IDataReader dataReader, Int32 startRecord, Int32 maxRecords)
   em System.Data.Common.DbDataAdapter.FillInternal(DataSet dataset, DataTable[] datatables, Int32 startRecord, Int32 maxRecords, String srcTable, IDbCommand command, CommandBehavior behavior)
   em System.Data.Common.DbDataAdapter.Fill(DataSet dataSet, Int32 startRecord, Int32 maxRecords, String srcTable, IDbCommand command, CommandBehavior behavior)
   em System.Data.Common.DbDataAdapter.Fill(DataSet dataSet, String srcTable)
   em MCONTROL_OEE.mod_OEE.WriteDBREPORTMANUTENCAO(Int32 intMACHINEID, String strDATAINICIAL, String strDATAFINAL, String strHORAINICIAL, String strHORAFINAL, String& strERROR) na C:\VOESTALPINE - DEV\MCONTROL_OEE\MCONTROL_OEE\mod_OEE.vb:linha 5382
ClientConnectionId:f171436d-3ae8-4914-b44d-c6faaae8e98d
Error Number:242,State:3,Class:16
19/12/2019 13:48:25 - Falha interna da função WriteDBREPORTMANUTENCAO
19/12/2019 13:48:25 - System.InvalidCastException: O operador '=' não está definido para tipo 'Integer' e tipo 'DBNull'.
   em Microsoft.VisualBasic.CompilerServices.Operators.ConditionalCompareObjectEqual(Object Left, Object Right, Boolean TextCompare)
   em MCONTROL_OEE.mod_OEE.WriteDBREPORTMANUTENCAO(Int32 intMACHINEID, String strDATAINICIAL, String strDATAFINAL, String strHORAINICIAL, String strHORAFINAL, String& strERROR) na C:\VOESTALPINE - DEV\MCONTROL_OEE\MCONTROL_OEE\mod_OEE.vb:linha 5389
19/12/2019 14:38:19 - Falha interna da função ReadDBCHART_PARETO
19/12/2019 14:38:19 - System.InvalidCastException: O operador '=' não está definido para cadeia de caracteres "1" e tipo 'DBNull'.
   em Microsoft.VisualBasic.CompilerServices.Operators.ConditionalCompareObjectEqual(Object Left, Object Right, Boolean TextCompare)
   em MCONTROL_OEE.mod_OEE.ReadDBCHART_PARETO(String strDATAINICIAL, String strHORAINICIAL, String strDATAFINAL, String strHORAFINAL, ListBoxAdv lbMAQUINASID, ListBoxAdv lbNIVEL1ID, ListBoxAdv lbNIVEL2ID, ListBoxAdv lbNIVEL3ID, ListBoxAdv lbTURNOID, ChartXy& Chart, PieChart& PieChart, String& strERROR) na C:\VOESTALPINE - DEV\MCONTROL_OEE\MCONTROL_OEE\mod_OEE.vb:linha 4785
19/12/2019 14:53:35 - Falha interna da função ReadDBCHART_PARETO
19/12/2019 14:53:35 - System.InvalidCastException: O operador '=' não está definido para cadeia de caracteres "1" e tipo 'DBNull'.
   em Microsoft.VisualBasic.CompilerServices.Operators.ConditionalCompareObjectEqual(Object Left, Object Right, Boolean TextCompare)
   em MCONTROL_OEE.mod_OEE.ReadDBCHART_PARETO(String strDATAINICIAL, String strHORAINICIAL, String strDATAFINAL, String strHORAFINAL, ListBoxAdv lbMAQUINASID, ListBoxAdv lbNIVEL1ID, ListBoxAdv lbNIVEL2ID, ListBoxAdv lbNIVEL3ID, ListBoxAdv lbTURNOID, ChartXy& Chart, PieChart& PieChart, String& strERROR) na C:\VOESTALPINE - DEV\MCONTROL_OEE\MCONTROL_OEE\mod_OEE.vb:linha 4784
19/12/2019 14:58:09 - Falha interna da função ReadDBGETPARADAS
19/12/2019 14:58:09 - System.Data.SqlClient.SqlException (0x80131904): The conversion of a varchar data type to a smalldatetime data type resulted in an out-of-range value.
The statement has been terminated.
   em System.Data.SqlClient.SqlConnection.OnError(SqlException exception, Boolean breakConnection, Action`1 wrapCloseInAction)
   em System.Data.SqlClient.SqlInternalConnection.OnError(SqlException exception, Boolean breakConnection, Action`1 wrapCloseInAction)
   em System.Data.SqlClient.TdsParser.ThrowExceptionAndWarning(TdsParserStateObject stateObj, Boolean callerHasConnectionLock, Boolean asyncClose)
   em System.Data.SqlClient.TdsParser.TryRun(RunBehavior runBehavior, SqlCommand cmdHandler, SqlDataReader dataStream, BulkCopySimpleResultSet bulkCopyHandler, TdsParserStateObject stateObj, Boolean& dataReady)
   em System.Data.SqlClient.SqlCommand.RunExecuteNonQueryTds(String methodName, Boolean async, Int32 timeout, Boolean asyncWrite)
   em System.Data.SqlClient.SqlCommand.InternalExecuteNonQuery(TaskCompletionSource`1 completion, String methodName, Boolean sendToPipe, Int32 timeout, Boolean& usedCache, Boolean asyncWrite, Boolean inRetry)
   em System.Data.SqlClient.SqlCommand.ExecuteNonQuery()
   em MCONTROL_OEE.mod_OEE.WriteDBREPORTPARADAS(Int32 intMACHINEID, String strDATAINICIAL, String strHORAINICIAL, String strDATAFINAL, String strHORAFINAL, String& strERROR) na C:\VOESTALPINE - DEV\MCONTROL_OEE\MCONTROL_OEE\mod_OEE.vb:linha 4974
ClientConnectionId:68fc5207-3a8b-492d-b811-b7a251e6a563
Error Number:242,State:3,Class:16
19/12/2019 15:01:26 - Falha interna da função ReadDBGETPARADAS
19/12/2019 15:01:26 - System.Data.SqlClient.SqlException (0x80131904): The conversion of a varchar data type to a smalldatetime data type resulted in an out-of-range value.
The statement has been terminated.
   em System.Data.SqlClient.SqlConnection.OnError(SqlException exception, Boolean breakConnection, Action`1 wrapCloseInAction)
   em System.Data.SqlClient.SqlInternalConnection.OnError(SqlException exception, Boolean breakConnection, Action`1 wrapCloseInAction)
   em System.Data.SqlClient.TdsParser.ThrowExceptionAndWarning(TdsParserStateObject stateObj, Boolean callerHasConnectionLock, Boolean asyncClose)
   em System.Data.SqlClient.TdsParser.TryRun(RunBehavior runBehavior, SqlCommand cmdHandler, SqlDataReader dataStream, BulkCopySimpleResultSet bulkCopyHandler, TdsParserStateObject stateObj, Boolean& dataReady)
   em System.Data.SqlClient.SqlCommand.RunExecuteNonQueryTds(String methodName, Boolean async, Int32 timeout, Boolean asyncWrite)
   em System.Data.SqlClient.SqlCommand.InternalExecuteNonQuery(TaskCompletionSource`1 completion, String methodName, Boolean sendToPipe, Int32 timeout, Boolean& usedCache, Boolean asyncWrite, Boolean inRetry)
   em System.Data.SqlClient.SqlCommand.ExecuteNonQuery()
   em MCONTROL_OEE.mod_OEE.WriteDBREPORTPARADAS(Int32 intMACHINEID, String strDATAINICIAL, String strHORAINICIAL, String strDATAFINAL, String strHORAFINAL, String& strERROR) na C:\VOESTALPINE - DEV\MCONTROL_OEE\MCONTROL_OEE\mod_OEE.vb:linha 4975
ClientConnectionId:9947fb2d-886b-4d42-959a-b29ece23f3ff
Error Number:242,State:3,Class:16