
04/12/2019 06:41:44 - Falha interna da função ReadDBGETNIVEL1
04/12/2019 06:41:44 - System.ArgumentException: A coluna 'descriacao' não pertence à tabela Turnos.
   em System.Data.DataRow.GetDataColumn(String columnName)
   em System.Data.DataRow.get_Item(String columnName)
   em MCONTROL_OEE.mod_OEE.ReadDBGETNIVEL1(ListBoxAdv& lbNIVEL1, ListBoxAdv& lbNIVEL1ID, String& strERROR) na C:\VOESTALPINE - DEV\MCONTROL_OEE\MCONTROL_OEE\mod_OEE.vb:linha 4077
04/12/2019 06:44:37 - Falha interna da função ReadDBGETNIVEL1
04/12/2019 06:44:37 - System.ArgumentException: A coluna 'descriacao' não pertence à tabela Nivel1.
   em System.Data.DataRow.GetDataColumn(String columnName)
   em System.Data.DataRow.get_Item(String columnName)
   em MCONTROL_OEE.mod_OEE.ReadDBGETNIVEL1(ListBoxAdv& lbNIVEL1, ListBoxAdv& lbNIVEL1ID, String& strERROR) na C:\VOESTALPINE - DEV\MCONTROL_OEE\MCONTROL_OEE\mod_OEE.vb:linha 4077
04/12/2019 06:45:14 - Falha interna da função ReadDBGETNIVEL1
04/12/2019 06:45:14 - System.ArgumentException: A coluna 'descriacao' não pertence à tabela Nivel1.
   em System.Data.DataRow.GetDataColumn(String columnName)
   em System.Data.DataRow.get_Item(String columnName)
   em MCONTROL_OEE.mod_OEE.ReadDBGETNIVEL1(ListBoxAdv& lbNIVEL1, ListBoxAdv& lbNIVEL1ID, String& strERROR) na C:\VOESTALPINE - DEV\MCONTROL_OEE\MCONTROL_OEE\mod_OEE.vb:linha 4077
04/12/2019 09:21:29 - Falha interna da função ReadDBGETNIVEL2
04/12/2019 09:21:29 - System.InvalidCastException: Falha na resolução de sobrecarga porque nenhum Public '=' pode ser chamado com estes argumentos:
    'Public Shared Operator =(a As String, b As String) As Boolean':
        O argumento correspondente ao parâmetro 'b' não pode converter de 'ListBoxItem' em 'String'.
   em Microsoft.VisualBasic.CompilerServices.OverloadResolution.ResolveOverloadedCall(String MethodName, List`1 Candidates, Object[] Arguments, String[] ArgumentNames, Type[] TypeArguments, BindingFlags LookupFlags, Boolean ReportErrors, ResolutionFailure& Failure)
   em Microsoft.VisualBasic.CompilerServices.Operators.ResolveUserDefinedOperator(UserDefinedOperator Op, Object[] Arguments, Boolean ReportErrors)
   em Microsoft.VisualBasic.CompilerServices.Operators.InvokeObjectUserDefinedOperator(UserDefinedOperator Op, Object[] Arguments)
   em Microsoft.VisualBasic.CompilerServices.Operators.InvokeUserDefinedOperator(UserDefinedOperator Op, Object[] Arguments)
   em Microsoft.VisualBasic.CompilerServices.Operators.ConditionalCompareObjectEqual(Object Left, Object Right, Boolean TextCompare)
   em MCONTROL_OEE.mod_OEE.ReadDBGETNIVEL2(ListBoxAdv lbNIVEL1ID, ListBoxAdv& lbNIVEL2, ListBoxAdv& lbNIVEL2ID, String& strERROR) na C:\VOESTALPINE - DEV\MCONTROL_OEE\MCONTROL_OEE\mod_OEE.vb:linha 4127
04/12/2019 09:21:32 - Falha interna da função ReadDBGETNIVEL2
04/12/2019 09:21:32 - System.InvalidCastException: Falha na resolução de sobrecarga porque nenhum Public '=' pode ser chamado com estes argumentos:
    'Public Shared Operator =(a As String, b As String) As Boolean':
        O argumento correspondente ao parâmetro 'b' não pode converter de 'ListBoxItem' em 'String'.
   em Microsoft.VisualBasic.CompilerServices.OverloadResolution.ResolveOverloadedCall(String MethodName, List`1 Candidates, Object[] Arguments, String[] ArgumentNames, Type[] TypeArguments, BindingFlags LookupFlags, Boolean ReportErrors, ResolutionFailure& Failure)
   em Microsoft.VisualBasic.CompilerServices.Operators.ResolveUserDefinedOperator(UserDefinedOperator Op, Object[] Arguments, Boolean ReportErrors)
   em Microsoft.VisualBasic.CompilerServices.Operators.InvokeObjectUserDefinedOperator(UserDefinedOperator Op, Object[] Arguments)
   em Microsoft.VisualBasic.CompilerServices.Operators.InvokeUserDefinedOperator(UserDefinedOperator Op, Object[] Arguments)
   em Microsoft.VisualBasic.CompilerServices.Operators.ConditionalCompareObjectEqual(Object Left, Object Right, Boolean TextCompare)
   em MCONTROL_OEE.mod_OEE.ReadDBGETNIVEL2(ListBoxAdv lbNIVEL1ID, ListBoxAdv& lbNIVEL2, ListBoxAdv& lbNIVEL2ID, String& strERROR) na C:\VOESTALPINE - DEV\MCONTROL_OEE\MCONTROL_OEE\mod_OEE.vb:linha 4127
04/12/2019 09:22:35 - Falha interna da função ReadDBGETNIVEL2
04/12/2019 09:22:35 - System.InvalidCastException: Falha na resolução de sobrecarga porque nenhum Public '=' pode ser chamado com estes argumentos:
    'Public Shared Operator =(a As String, b As String) As Boolean':
        O argumento correspondente ao parâmetro 'b' não pode converter de 'ListBoxItem' em 'String'.
   em Microsoft.VisualBasic.CompilerServices.OverloadResolution.ResolveOverloadedCall(String MethodName, List`1 Candidates, Object[] Arguments, String[] ArgumentNames, Type[] TypeArguments, BindingFlags LookupFlags, Boolean ReportErrors, ResolutionFailure& Failure)
   em Microsoft.VisualBasic.CompilerServices.Operators.ResolveUserDefinedOperator(UserDefinedOperator Op, Object[] Arguments, Boolean ReportErrors)
   em Microsoft.VisualBasic.CompilerServices.Operators.InvokeObjectUserDefinedOperator(UserDefinedOperator Op, Object[] Arguments)
   em Microsoft.VisualBasic.CompilerServices.Operators.InvokeUserDefinedOperator(UserDefinedOperator Op, Object[] Arguments)
   em Microsoft.VisualBasic.CompilerServices.Operators.ConditionalCompareObjectEqual(Object Left, Object Right, Boolean TextCompare)
   em MCONTROL_OEE.mod_OEE.ReadDBGETNIVEL2(ListBoxAdv lbNIVEL1ID, ListBoxAdv& lbNIVEL2, ListBoxAdv& lbNIVEL2ID, String& strERROR) na C:\VOESTALPINE - DEV\MCONTROL_OEE\MCONTROL_OEE\mod_OEE.vb:linha 4127
04/12/2019 09:22:40 - Falha interna da função ReadDBGETNIVEL2
04/12/2019 09:22:40 - System.InvalidCastException: Falha na resolução de sobrecarga porque nenhum Public '=' pode ser chamado com estes argumentos:
    'Public Shared Operator =(a As String, b As String) As Boolean':
        O argumento correspondente ao parâmetro 'b' não pode converter de 'ListBoxItem' em 'String'.
   em Microsoft.VisualBasic.CompilerServices.OverloadResolution.ResolveOverloadedCall(String MethodName, List`1 Candidates, Object[] Arguments, String[] ArgumentNames, Type[] TypeArguments, BindingFlags LookupFlags, Boolean ReportErrors, ResolutionFailure& Failure)
   em Microsoft.VisualBasic.CompilerServices.Operators.ResolveUserDefinedOperator(UserDefinedOperator Op, Object[] Arguments, Boolean ReportErrors)
   em Microsoft.VisualBasic.CompilerServices.Operators.InvokeObjectUserDefinedOperator(UserDefinedOperator Op, Object[] Arguments)
   em Microsoft.VisualBasic.CompilerServices.Operators.InvokeUserDefinedOperator(UserDefinedOperator Op, Object[] Arguments)
   em Microsoft.VisualBasic.CompilerServices.Operators.ConditionalCompareObjectEqual(Object Left, Object Right, Boolean TextCompare)
   em MCONTROL_OEE.mod_OEE.ReadDBGETNIVEL2(ListBoxAdv lbNIVEL1ID, ListBoxAdv& lbNIVEL2, ListBoxAdv& lbNIVEL2ID, String& strERROR) na C:\VOESTALPINE - DEV\MCONTROL_OEE\MCONTROL_OEE\mod_OEE.vb:linha 4127
04/12/2019 09:23:20 - Falha interna da função ReadDBGETNIVEL2
04/12/2019 09:23:20 - System.InvalidCastException: Falha na resolução de sobrecarga porque nenhum Public '=' pode ser chamado com estes argumentos:
    'Public Shared Operator =(a As String, b As String) As Boolean':
        O argumento correspondente ao parâmetro 'b' não pode converter de 'ListBoxItem' em 'String'.
   em Microsoft.VisualBasic.CompilerServices.OverloadResolution.ResolveOverloadedCall(String MethodName, List`1 Candidates, Object[] Arguments, String[] ArgumentNames, Type[] TypeArguments, BindingFlags LookupFlags, Boolean ReportErrors, ResolutionFailure& Failure)
   em Microsoft.VisualBasic.CompilerServices.Operators.ResolveUserDefinedOperator(UserDefinedOperator Op, Object[] Arguments, Boolean ReportErrors)
   em Microsoft.VisualBasic.CompilerServices.Operators.InvokeObjectUserDefinedOperator(UserDefinedOperator Op, Object[] Arguments)
   em Microsoft.VisualBasic.CompilerServices.Operators.InvokeUserDefinedOperator(UserDefinedOperator Op, Object[] Arguments)
   em Microsoft.VisualBasic.CompilerServices.Operators.ConditionalCompareObjectEqual(Object Left, Object Right, Boolean TextCompare)
   em MCONTROL_OEE.mod_OEE.ReadDBGETNIVEL2(ListBoxAdv lbNIVEL1ID, ListBoxAdv& lbNIVEL2, ListBoxAdv& lbNIVEL2ID, String& strERROR) na C:\VOESTALPINE - DEV\MCONTROL_OEE\MCONTROL_OEE\mod_OEE.vb:linha 4127
04/12/2019 09:59:48 - Falha interna da função ReadDBGETNIVEL3
04/12/2019 09:59:48 - System.Data.SqlClient.SqlException (0x80131904): Sintaxe incorreta próxima a '#4'.
   em System.Data.SqlClient.SqlConnection.OnError(SqlException exception, Boolean breakConnection, Action`1 wrapCloseInAction)
   em System.Data.SqlClient.SqlInternalConnection.OnError(SqlException exception, Boolean breakConnection, Action`1 wrapCloseInAction)
   em System.Data.SqlClient.TdsParser.ThrowExceptionAndWarning(TdsParserStateObject stateObj, Boolean callerHasConnectionLock, Boolean asyncClose)
   em System.Data.SqlClient.TdsParser.TryRun(RunBehavior runBehavior, SqlCommand cmdHandler, SqlDataReader dataStream, BulkCopySimpleResultSet bulkCopyHandler, TdsParserStateObject stateObj, Boolean& dataReady)
   em System.Data.SqlClient.SqlDataReader.TryConsumeMetaData()
   em System.Data.SqlClient.SqlDataReader.get_MetaData()
   em System.Data.SqlClient.SqlCommand.FinishExecuteReader(SqlDataReader ds, RunBehavior runBehavior, String resetOptionsString, Boolean isInternal, Boolean forDescribeParameterEncryption, Boolean shouldCacheForAlwaysEncrypted)
   em System.Data.SqlClient.SqlCommand.RunExecuteReaderTds(CommandBehavior cmdBehavior, RunBehavior runBehavior, Boolean returnStream, Boolean async, Int32 timeout, Task& task, Boolean asyncWrite, Boolean inRetry, SqlDataReader ds, Boolean describeParameterEncryptionRequest)
   em System.Data.SqlClient.SqlCommand.RunExecuteReader(CommandBehavior cmdBehavior, RunBehavior runBehavior, Boolean returnStream, String method, TaskCompletionSource`1 completion, Int32 timeout, Task& task, Boolean& usedCache, Boolean asyncWrite, Boolean inRetry)
   em System.Data.SqlClient.SqlCommand.RunExecuteReader(CommandBehavior cmdBehavior, RunBehavior runBehavior, Boolean returnStream, String method)
   em System.Data.SqlClient.SqlCommand.ExecuteReader(CommandBehavior behavior, String method)
   em System.Data.SqlClient.SqlCommand.ExecuteDbDataReader(CommandBehavior behavior)
   em System.Data.Common.DbCommand.System.Data.IDbCommand.ExecuteReader(CommandBehavior behavior)
   em System.Data.Common.DbDataAdapter.FillInternal(DataSet dataset, DataTable[] datatables, Int32 startRecord, Int32 maxRecords, String srcTable, IDbCommand command, CommandBehavior behavior)
   em System.Data.Common.DbDataAdapter.Fill(DataSet dataSet, Int32 startRecord, Int32 maxRecords, String srcTable, IDbCommand command, CommandBehavior behavior)
   em System.Data.Common.DbDataAdapter.Fill(DataSet dataSet, String srcTable)
   em MCONTROL_OEE.mod_OEE.ReadDBGETNIVEL3(ListBoxAdv lbNIVEL2ID, ListBoxAdv& lbNIVEL3, ListBoxAdv& lbNIVEL3ID, String& strERROR)
ClientConnectionId:1331c262-5f43-41a8-ab2c-8318dfe77703
Error Number:102,State:1,Class:15
04/12/2019 10:02:08 - Falha interna da função ReadDBGETNIVEL3
04/12/2019 10:02:08 - System.Data.SqlClient.SqlException (0x80131904): Sintaxe incorreta próxima a '#4'.
   em System.Data.SqlClient.SqlConnection.OnError(SqlException exception, Boolean breakConnection, Action`1 wrapCloseInAction)
   em System.Data.SqlClient.SqlInternalConnection.OnError(SqlException exception, Boolean breakConnection, Action`1 wrapCloseInAction)
   em System.Data.SqlClient.TdsParser.ThrowExceptionAndWarning(TdsParserStateObject stateObj, Boolean callerHasConnectionLock, Boolean asyncClose)
   em System.Data.SqlClient.TdsParser.TryRun(RunBehavior runBehavior, SqlCommand cmdHandler, SqlDataReader dataStream, BulkCopySimpleResultSet bulkCopyHandler, TdsParserStateObject stateObj, Boolean& dataReady)
   em System.Data.SqlClient.SqlDataReader.TryConsumeMetaData()
   em System.Data.SqlClient.SqlDataReader.get_MetaData()
   em System.Data.SqlClient.SqlCommand.FinishExecuteReader(SqlDataReader ds, RunBehavior runBehavior, String resetOptionsString, Boolean isInternal, Boolean forDescribeParameterEncryption, Boolean shouldCacheForAlwaysEncrypted)
   em System.Data.SqlClient.SqlCommand.RunExecuteReaderTds(CommandBehavior cmdBehavior, RunBehavior runBehavior, Boolean returnStream, Boolean async, Int32 timeout, Task& task, Boolean asyncWrite, Boolean inRetry, SqlDataReader ds, Boolean describeParameterEncryptionRequest)
   em System.Data.SqlClient.SqlCommand.RunExecuteReader(CommandBehavior cmdBehavior, RunBehavior runBehavior, Boolean returnStream, String method, TaskCompletionSource`1 completion, Int32 timeout, Task& task, Boolean& usedCache, Boolean asyncWrite, Boolean inRetry)
   em System.Data.SqlClient.SqlCommand.RunExecuteReader(CommandBehavior cmdBehavior, RunBehavior runBehavior, Boolean returnStream, String method)
   em System.Data.SqlClient.SqlCommand.ExecuteReader(CommandBehavior behavior, String method)
   em System.Data.SqlClient.SqlCommand.ExecuteDbDataReader(CommandBehavior behavior)
   em System.Data.Common.DbCommand.System.Data.IDbCommand.ExecuteReader(CommandBehavior behavior)
   em System.Data.Common.DbDataAdapter.FillInternal(DataSet dataset, DataTable[] datatables, Int32 startRecord, Int32 maxRecords, String srcTable, IDbCommand command, CommandBehavior behavior)
   em System.Data.Common.DbDataAdapter.Fill(DataSet dataSet, Int32 startRecord, Int32 maxRecords, String srcTable, IDbCommand command, CommandBehavior behavior)
   em System.Data.Common.DbDataAdapter.Fill(DataSet dataSet, String srcTable)
   em MCONTROL_OEE.mod_OEE.ReadDBGETNIVEL3(ListBoxAdv lbNIVEL2ID, ListBoxAdv& lbNIVEL3, ListBoxAdv& lbNIVEL3ID, String& strERROR) na C:\VOESTALPINE - DEV\MCONTROL_OEE\MCONTROL_OEE\mod_OEE.vb:linha 4233
ClientConnectionId:83adee6b-3258-4590-842a-dfed063f2d41
Error Number:102,State:1,Class:15
04/12/2019 10:04:11 - Falha interna da função ReadDBGETNIVEL3
04/12/2019 10:04:11 - System.Data.SqlClient.SqlException (0x80131904): Sintaxe incorreta próxima a '#4'.
   em System.Data.SqlClient.SqlConnection.OnError(SqlException exception, Boolean breakConnection, Action`1 wrapCloseInAction)
   em System.Data.SqlClient.SqlInternalConnection.OnError(SqlException exception, Boolean breakConnection, Action`1 wrapCloseInAction)
   em System.Data.SqlClient.TdsParser.ThrowExceptionAndWarning(TdsParserStateObject stateObj, Boolean callerHasConnectionLock, Boolean asyncClose)
   em System.Data.SqlClient.TdsParser.TryRun(RunBehavior runBehavior, SqlCommand cmdHandler, SqlDataReader dataStream, BulkCopySimpleResultSet bulkCopyHandler, TdsParserStateObject stateObj, Boolean& dataReady)
   em System.Data.SqlClient.SqlDataReader.TryConsumeMetaData()
   em System.Data.SqlClient.SqlDataReader.get_MetaData()
   em System.Data.SqlClient.SqlCommand.FinishExecuteReader(SqlDataReader ds, RunBehavior runBehavior, String resetOptionsString, Boolean isInternal, Boolean forDescribeParameterEncryption, Boolean shouldCacheForAlwaysEncrypted)
   em System.Data.SqlClient.SqlCommand.RunExecuteReaderTds(CommandBehavior cmdBehavior, RunBehavior runBehavior, Boolean returnStream, Boolean async, Int32 timeout, Task& task, Boolean asyncWrite, Boolean inRetry, SqlDataReader ds, Boolean describeParameterEncryptionRequest)
   em System.Data.SqlClient.SqlCommand.RunExecuteReader(CommandBehavior cmdBehavior, RunBehavior runBehavior, Boolean returnStream, String method, TaskCompletionSource`1 completion, Int32 timeout, Task& task, Boolean& usedCache, Boolean asyncWrite, Boolean inRetry)
   em System.Data.SqlClient.SqlCommand.RunExecuteReader(CommandBehavior cmdBehavior, RunBehavior runBehavior, Boolean returnStream, String method)
   em System.Data.SqlClient.SqlCommand.ExecuteReader(CommandBehavior behavior, String method)
   em System.Data.SqlClient.SqlCommand.ExecuteDbDataReader(CommandBehavior behavior)
   em System.Data.Common.DbCommand.System.Data.IDbCommand.ExecuteReader(CommandBehavior behavior)
   em System.Data.Common.DbDataAdapter.FillInternal(DataSet dataset, DataTable[] datatables, Int32 startRecord, Int32 maxRecords, String srcTable, IDbCommand command, CommandBehavior behavior)
   em System.Data.Common.DbDataAdapter.Fill(DataSet dataSet, Int32 startRecord, Int32 maxRecords, String srcTable, IDbCommand command, CommandBehavior behavior)
   em System.Data.Common.DbDataAdapter.Fill(DataSet dataSet, String srcTable)
   em MCONTROL_OEE.mod_OEE.ReadDBGETNIVEL3(ListBoxAdv lbNIVEL2ID, ListBoxAdv& lbNIVEL3, ListBoxAdv& lbNIVEL3ID, String& strERROR) na C:\VOESTALPINE - DEV\MCONTROL_OEE\MCONTROL_OEE\mod_OEE.vb:linha 4233
ClientConnectionId:684428ea-9d78-4c68-8786-c2e703c77a11
Error Number:102,State:1,Class:15
04/12/2019 18:39:34 - Falha interna da função ReadDBCHART_PARETO
04/12/2019 18:39:34 - System.FormatException: Cadeia de caracteres não foi reconhecida como DateTime válido.
   em System.DateTimeParse.Parse(String s, DateTimeFormatInfo dtfi, DateTimeStyles styles)
   em System.Convert.ToDateTime(String value)
   em MCONTROL_OEE.mod_OEE.ReadDBCHART_PARETO(String strDATAINICIAL, String strHORAINICIAL, String strDATAFINAL, String strHORAFINAL, ListBoxAdv lbMAQUINASID, ListBoxAdv lbNIVEL1ID, ListBoxAdv lbNIVEL2ID, ListBoxAdv lbNIVEL3ID, ListBoxAdv lbTURNOID, ChartXy& Chart, String& strERROR) na C:\VOESTALPINE - DEV\MCONTROL_OEE\MCONTROL_OEE\mod_OEE.vb:linha 4395
04/12/2019 18:48:31 - Falha interna da função ReadDBCHART_PARETO
04/12/2019 18:48:31 - System.FormatException: Cadeia de caracteres não foi reconhecida como DateTime válido.
   em System.DateTimeParse.Parse(String s, DateTimeFormatInfo dtfi, DateTimeStyles styles)
   em System.Convert.ToDateTime(String value)
   em MCONTROL_OEE.mod_OEE.ReadDBCHART_PARETO(String strDATAINICIAL, String strHORAINICIAL, String strDATAFINAL, String strHORAFINAL, ListBoxAdv lbMAQUINASID, ListBoxAdv lbNIVEL1ID, ListBoxAdv lbNIVEL2ID, ListBoxAdv lbNIVEL3ID, ListBoxAdv lbTURNOID, ChartXy& Chart, String& strERROR) na C:\VOESTALPINE - DEV\MCONTROL_OEE\MCONTROL_OEE\mod_OEE.vb:linha 4396
04/12/2019 18:49:51 - Falha interna da função ReadDBCHART_PARETO
04/12/2019 18:49:51 - System.FormatException: Cadeia de caracteres não foi reconhecida como DateTime válido.
   em System.DateTimeParse.Parse(String s, DateTimeFormatInfo dtfi, DateTimeStyles styles)
   em System.Convert.ToDateTime(String value)
   em MCONTROL_OEE.mod_OEE.ReadDBCHART_PARETO(String strDATAINICIAL, String strHORAINICIAL, String strDATAFINAL, String strHORAFINAL, ListBoxAdv lbMAQUINASID, ListBoxAdv lbNIVEL1ID, ListBoxAdv lbNIVEL2ID, ListBoxAdv lbNIVEL3ID, ListBoxAdv lbTURNOID, ChartXy& Chart, String& strERROR) na C:\VOESTALPINE - DEV\MCONTROL_OEE\MCONTROL_OEE\mod_OEE.vb:linha 4396
04/12/2019 19:00:45 - Falha interna da função ReadDBCHART_PARETO
04/12/2019 19:00:45 - System.FormatException: Cadeia de caracteres não foi reconhecida como DateTime válido.
   em System.DateTimeParse.Parse(String s, DateTimeFormatInfo dtfi, DateTimeStyles styles)
   em System.Convert.ToDateTime(String value)
   em MCONTROL_OEE.mod_OEE.ReadDBCHART_PARETO(String strDATAINICIAL, String strHORAINICIAL, String strDATAFINAL, String strHORAFINAL, ListBoxAdv lbMAQUINASID, ListBoxAdv lbNIVEL1ID, ListBoxAdv lbNIVEL2ID, ListBoxAdv lbNIVEL3ID, ListBoxAdv lbTURNOID, ChartXy& Chart, String& strERROR) na C:\VOESTALPINE - DEV\MCONTROL_OEE\MCONTROL_OEE\mod_OEE.vb:linha 4400
04/12/2019 19:02:53 - Falha interna da função ReadDBCHART_PARETO
04/12/2019 19:02:53 - System.FormatException: Cadeia de caracteres não foi reconhecida como DateTime válido.
   em System.DateTimeParse.Parse(String s, DateTimeFormatInfo dtfi, DateTimeStyles styles)
   em System.Convert.ToDateTime(String value)
   em MCONTROL_OEE.mod_OEE.ReadDBCHART_PARETO(String strDATAINICIAL, String strHORAINICIAL, String strDATAFINAL, String strHORAFINAL, ListBoxAdv lbMAQUINASID, ListBoxAdv lbNIVEL1ID, ListBoxAdv lbNIVEL2ID, ListBoxAdv lbNIVEL3ID, ListBoxAdv lbTURNOID, ChartXy& Chart, String& strERROR) na C:\VOESTALPINE - DEV\MCONTROL_OEE\MCONTROL_OEE\mod_OEE.vb:linha 4400
04/12/2019 19:03:38 - Falha interna da função ReadDBCHART_PARETO
04/12/2019 19:03:38 - System.FormatException: Cadeia de caracteres não foi reconhecida como DateTime válido.
   em System.DateTimeParse.Parse(String s, DateTimeFormatInfo dtfi, DateTimeStyles styles)
   em System.Convert.ToDateTime(String value)
   em MCONTROL_OEE.mod_OEE.ReadDBCHART_PARETO(String strDATAINICIAL, String strHORAINICIAL, String strDATAFINAL, String strHORAFINAL, ListBoxAdv lbMAQUINASID, ListBoxAdv lbNIVEL1ID, ListBoxAdv lbNIVEL2ID, ListBoxAdv lbNIVEL3ID, ListBoxAdv lbTURNOID, ChartXy& Chart, String& strERROR) na C:\VOESTALPINE - DEV\MCONTROL_OEE\MCONTROL_OEE\mod_OEE.vb:linha 4400
04/12/2019 19:04:26 - Falha interna da função ReadDBCHART_PARETO
04/12/2019 19:04:26 - System.FormatException: Cadeia de caracteres não foi reconhecida como DateTime válido.
   em System.DateTimeParse.Parse(String s, DateTimeFormatInfo dtfi, DateTimeStyles styles)
   em System.Convert.ToDateTime(String value)
   em MCONTROL_OEE.mod_OEE.ReadDBCHART_PARETO(String strDATAINICIAL, String strHORAINICIAL, String strDATAFINAL, String strHORAFINAL, ListBoxAdv lbMAQUINASID, ListBoxAdv lbNIVEL1ID, ListBoxAdv lbNIVEL2ID, ListBoxAdv lbNIVEL3ID, ListBoxAdv lbTURNOID, ChartXy& Chart, String& strERROR) na C:\VOESTALPINE - DEV\MCONTROL_OEE\MCONTROL_OEE\mod_OEE.vb:linha 4400
04/12/2019 21:38:08 - Falha interna da função ReadDBCHART_PARETO
04/12/2019 21:38:08 - System.FormatException: A cadeia de caracteres de entrada não estava em um formato correto.
   em System.Number.StringToNumber(String str, NumberStyles options, NumberBuffer& number, NumberFormatInfo info, Boolean parseDecimal)
   em System.Number.ParseDecimal(String value, NumberStyles options, NumberFormatInfo numfmt)
   em System.Convert.ToDecimal(String value)
   em MCONTROL_OEE.mod_OEE.ReadDBCHART_PARETO(String strDATAINICIAL, String strHORAINICIAL, String strDATAFINAL, String strHORAFINAL, ListBoxAdv lbMAQUINASID, ListBoxAdv lbNIVEL1ID, ListBoxAdv lbNIVEL2ID, ListBoxAdv lbNIVEL3ID, ListBoxAdv lbTURNOID, ChartXy& Chart, String& strERROR) na C:\VOESTALPINE - DEV\MCONTROL_OEE\MCONTROL_OEE\mod_OEE.vb:linha 4557
04/12/2019 21:38:18 - Falha interna da função ReadDBCHART_PARETO
04/12/2019 21:38:18 - System.FormatException: A cadeia de caracteres de entrada não estava em um formato correto.
   em System.Number.StringToNumber(String str, NumberStyles options, NumberBuffer& number, NumberFormatInfo info, Boolean parseDecimal)
   em System.Number.ParseDecimal(String value, NumberStyles options, NumberFormatInfo numfmt)
   em System.Convert.ToDecimal(String value)
   em MCONTROL_OEE.mod_OEE.ReadDBCHART_PARETO(String strDATAINICIAL, String strHORAINICIAL, String strDATAFINAL, String strHORAFINAL, ListBoxAdv lbMAQUINASID, ListBoxAdv lbNIVEL1ID, ListBoxAdv lbNIVEL2ID, ListBoxAdv lbNIVEL3ID, ListBoxAdv lbTURNOID, ChartXy& Chart, String& strERROR) na C:\VOESTALPINE - DEV\MCONTROL_OEE\MCONTROL_OEE\mod_OEE.vb:linha 4557