
12/12/2019 21:56:51 - Falha interna da função <b>mod_MAIN.FillavTreeMENUIMages</b>!
12/12/2019 21:56:51 - System.InvalidCastException: Não é possível converter um objeto do tipo 'System.Boolean' no tipo 'System.Drawing.Image'.
   em MCONTROL_OEE.mod_OEE.FilladvTreeMENUIMages(AdvTree advTree, String[,] strImagesAG, String& strErro) na C:\VOESTALPINE - DEV\MCONTROL_OEE\MCONTROL_OEE\mod_OEE.vb:linha 3037
12/12/2019 21:58:14 - Falha interna da função <b>mod_MAIN.FillavTreeMENUIMages</b>!
12/12/2019 21:58:14 - System.InvalidCastException: Não é possível converter um objeto do tipo 'System.Boolean' no tipo 'System.Drawing.Image'.
   em MCONTROL_OEE.mod_OEE.FilladvTreeMENUIMages(AdvTree advTree, String[,] strImagesAG, String& strErro) na C:\VOESTALPINE - DEV\MCONTROL_OEE\MCONTROL_OEE\mod_OEE.vb:linha 3037
12/12/2019 21:59:12 - Falha interna da função <b>mod_MAIN.FillavTreeMENUIMages</b>!
12/12/2019 21:59:12 - System.InvalidCastException: Não é possível converter um objeto do tipo 'System.Boolean' no tipo 'System.Drawing.Image'.
   em MCONTROL_OEE.mod_OEE.FilladvTreeMENUIMages(AdvTree advTree, String[,] strImagesAG, String& strErro) na C:\VOESTALPINE - DEV\MCONTROL_OEE\MCONTROL_OEE\mod_OEE.vb:linha 3037
12/12/2019 22:21:15 - Falha interna da função <b>RELEASEALLMENU</b>!
12/12/2019 22:21:15 - System.NullReferenceException: Referência de objeto não definida para uma instância de um objeto.
   em MCONTROL_OEE.mod_OEE.RELEASEALLMENU(String& strERROR) na C:\VOESTALPINE - DEV\MCONTROL_OEE\MCONTROL_OEE\mod_OEE.vb:linha 3821
12/12/2019 22:24:28 - Falha interna da função <b>RELEASEALLMENU</b>!
12/12/2019 22:24:28 - System.NullReferenceException: Referência de objeto não definida para uma instância de um objeto.
   em MCONTROL_OEE.mod_OEE.RELEASEALLMENU(String& strERROR) na C:\VOESTALPINE - DEV\MCONTROL_OEE\MCONTROL_OEE\mod_OEE.vb:linha 3821
12/12/2019 23:02:09 - Falha interna da função <b>MCONTROL_OEE.ReadDBGETVIEWERVERSION</b>
12/12/2019 23:02:09 - System.Data.SqlClient.SqlException (0x80131904): Não é possível abrir o banco de dados "sigmaV" solicitado pelo logon. Falha de logon.
Falha de logon do usuário 'ovViewers'.
   em System.Data.SqlClient.SqlInternalConnectionTds..ctor(DbConnectionPoolIdentity identity, SqlConnectionString connectionOptions, SqlCredential credential, Object providerInfo, String newPassword, SecureString newSecurePassword, Boolean redirectedUserInstance, SqlConnectionString userConnectionOptions, SessionData reconnectSessionData, DbConnectionPool pool, String accessToken, Boolean applyTransientFaultHandling, SqlAuthenticationProviderManager sqlAuthProviderManager)
   em System.Data.SqlClient.SqlConnectionFactory.CreateConnection(DbConnectionOptions options, DbConnectionPoolKey poolKey, Object poolGroupProviderInfo, DbConnectionPool pool, DbConnection owningConnection, DbConnectionOptions userOptions)
   em System.Data.ProviderBase.DbConnectionFactory.CreatePooledConnection(DbConnectionPool pool, DbConnection owningObject, DbConnectionOptions options, DbConnectionPoolKey poolKey, DbConnectionOptions userOptions)
   em System.Data.ProviderBase.DbConnectionPool.CreateObject(DbConnection owningObject, DbConnectionOptions userOptions, DbConnectionInternal oldConnection)
   em System.Data.ProviderBase.DbConnectionPool.UserCreateRequest(DbConnection owningObject, DbConnectionOptions userOptions, DbConnectionInternal oldConnection)
   em System.Data.ProviderBase.DbConnectionPool.TryGetConnection(DbConnection owningObject, UInt32 waitForMultipleObjectsTimeout, Boolean allowCreate, Boolean onlyOneCheckConnection, DbConnectionOptions userOptions, DbConnectionInternal& connection)
   em System.Data.ProviderBase.DbConnectionPool.TryGetConnection(DbConnection owningObject, TaskCompletionSource`1 retry, DbConnectionOptions userOptions, DbConnectionInternal& connection)
   em System.Data.ProviderBase.DbConnectionFactory.TryGetConnection(DbConnection owningConnection, TaskCompletionSource`1 retry, DbConnectionOptions userOptions, DbConnectionInternal oldConnection, DbConnectionInternal& connection)
   em System.Data.ProviderBase.DbConnectionInternal.TryOpenConnectionInternal(DbConnection outerConnection, DbConnectionFactory connectionFactory, TaskCompletionSource`1 retry, DbConnectionOptions userOptions)
   em System.Data.ProviderBase.DbConnectionClosed.TryOpenConnection(DbConnection outerConnection, DbConnectionFactory connectionFactory, TaskCompletionSource`1 retry, DbConnectionOptions userOptions)
   em System.Data.SqlClient.SqlConnection.TryOpenInner(TaskCompletionSource`1 retry)
   em System.Data.SqlClient.SqlConnection.TryOpen(TaskCompletionSource`1 retry)
   em System.Data.SqlClient.SqlConnection.Open()
   em MCONTROL_OEE.mod_OEE.ReadDBGETVIEWERVERSION(String strVERSION, String strBUILD, Boolean& bolNEW, String& strERROR) na C:\VOESTALPINE - DEV\MCONTROL_OEE\MCONTROL_OEE\mod_OEE.vb:linha 334
ClientConnectionId:f12c7448-dfcf-4f14-a9ba-d9c0d72afa00
Error Number:4060,State:1,Class:11