
03/12/2019 09:32:57 - Falha interna da função <b>mod_MAIN.FillavTreeMENUIMages</b>!
03/12/2019 09:32:57 - System.InvalidCastException: Não é possível converter um objeto do tipo 'System.Boolean' no tipo 'System.Drawing.Image'.
   em MCONTROL_OEE.mod_OEE.FilladvTreeMENUIMages(AdvTree advTree, String[,] strImagesAG, String& strErro) na C:\VOESTALPINE - DEV\MCONTROL_OEE\MCONTROL_OEE\mod_OEE.vb:linha 3031
03/12/2019 09:33:40 - Falha interna da função ReadDBGETSCHEDULE
03/12/2019 09:33:40 - System.Data.SqlClient.SqlException (0x80131904): Nome de objeto 'dbo.exe_MCONTROL_OEE_001005_Days' inválido.
   em System.Data.SqlClient.SqlConnection.OnError(SqlException exception, Boolean breakConnection, Action`1 wrapCloseInAction)
   em System.Data.SqlClient.SqlInternalConnection.OnError(SqlException exception, Boolean breakConnection, Action`1 wrapCloseInAction)
   em System.Data.SqlClient.TdsParser.ThrowExceptionAndWarning(TdsParserStateObject stateObj, Boolean callerHasConnectionLock, Boolean asyncClose)
   em System.Data.SqlClient.TdsParser.TryRun(RunBehavior runBehavior, SqlCommand cmdHandler, SqlDataReader dataStream, BulkCopySimpleResultSet bulkCopyHandler, TdsParserStateObject stateObj, Boolean& dataReady)
   em System.Data.SqlClient.SqlDataReader.TryConsumeMetaData()
   em System.Data.SqlClient.SqlDataReader.get_MetaData()
   em System.Data.SqlClient.SqlCommand.FinishExecuteReader(SqlDataReader ds, RunBehavior runBehavior, String resetOptionsString, Boolean isInternal, Boolean forDescribeParameterEncryption, Boolean shouldCacheForAlwaysEncrypted)
   em System.Data.SqlClient.SqlCommand.RunExecuteReaderTds(CommandBehavior cmdBehavior, RunBehavior runBehavior, Boolean returnStream, Boolean async, Int32 timeout, Task& task, Boolean asyncWrite, Boolean inRetry, SqlDataReader ds, Boolean describeParameterEncryptionRequest)
   em System.Data.SqlClient.SqlCommand.RunExecuteReader(CommandBehavior cmdBehavior, RunBehavior runBehavior, Boolean returnStream, String method, TaskCompletionSource`1 completion, Int32 timeout, Task& task, Boolean& usedCache, Boolean asyncWrite, Boolean inRetry)
   em System.Data.SqlClient.SqlCommand.RunExecuteReader(CommandBehavior cmdBehavior, RunBehavior runBehavior, Boolean returnStream, String method)
   em System.Data.SqlClient.SqlCommand.ExecuteReader(CommandBehavior behavior, String method)
   em System.Data.SqlClient.SqlCommand.ExecuteDbDataReader(CommandBehavior behavior)
   em System.Data.Common.DbCommand.System.Data.IDbCommand.ExecuteReader(CommandBehavior behavior)
   em System.Data.Common.DbDataAdapter.FillInternal(DataSet dataset, DataTable[] datatables, Int32 startRecord, Int32 maxRecords, String srcTable, IDbCommand command, CommandBehavior behavior)
   em System.Data.Common.DbDataAdapter.Fill(DataSet dataSet, Int32 startRecord, Int32 maxRecords, String srcTable, IDbCommand command, CommandBehavior behavior)
   em System.Data.Common.DbDataAdapter.Fill(DataSet dataSet, String srcTable)
   em MCONTROL_OEE.mod_OEE.ReadDBGETSCHEDULE(CalendarView& cvESCALA, Int32 intMAQUINAID, String strDATAINICIAL, String strDATAFINAL, String& strERROR) na C:\VOESTALPINE - DEV\MCONTROL_OEE\MCONTROL_OEE\mod_OEE.vb:linha 2603
ClientConnectionId:281f5812-2837-48ab-857d-b101feb62718
Error Number:208,State:1,Class:16
03/12/2019 10:00:11 - Falha interna da função <b>mod_MAIN.FillavTreeMENUIMages</b>!
03/12/2019 10:00:11 - System.InvalidCastException: Não é possível converter um objeto do tipo 'System.Boolean' no tipo 'System.Drawing.Image'.
   em MCONTROL_OEE.mod_OEE.FilladvTreeMENUIMages(AdvTree advTree, String[,] strImagesAG, String& strErro) na C:\VOESTALPINE - DEV\MCONTROL_OEE\MCONTROL_OEE\mod_OEE.vb:linha 3031
03/12/2019 10:00:55 - Falha interna da função <b>mod_MAIN.FillavTreeMENUIMages</b>!
03/12/2019 10:00:55 - System.InvalidCastException: Não é possível converter um objeto do tipo 'System.Boolean' no tipo 'System.Drawing.Image'.
   em MCONTROL_OEE.mod_OEE.FilladvTreeMENUIMages(AdvTree advTree, String[,] strImagesAG, String& strErro) na C:\VOESTALPINE - DEV\MCONTROL_OEE\MCONTROL_OEE\mod_OEE.vb:linha 3031