
05/05/2020 01:10:13 - Falha interna da função ReadDBGETDIASUTEISPERIODO
05/05/2020 01:10:13 - System.FormatException: Cadeia de caracteres não foi reconhecida como DateTime válido.
   em System.DateTimeParse.Parse(String s, DateTimeFormatInfo dtfi, DateTimeStyles styles)
   em System.Convert.ToDateTime(String value)
   em MCONTROL_OEE.mod_OEE.ReadDBGETDIASUTEISPERIODO(Int32& intDIASUTEIS, String strDATAINICIAL, String strHORAINICIAL, String strDATAFINAL, String strHORAFINAL, String& strERROR) na C:\VOESTALPINE - DEV\MCONTROL_OEE\MCONTROL_OEE\mod_OEE.vb:linha 9719
05/05/2020 11:59:21 - Falha interna da função WriteDBREPORTAPONTAMENTO
05/05/2020 11:59:21 - System.Data.SqlClient.SqlException (0x80131904): Invalid column name 'data_recebido <= convert(datetime, '29/02/2020 23:59:59',103) AND [id_maquinario'.
   em System.Data.SqlClient.SqlConnection.OnError(SqlException exception, Boolean breakConnection, Action`1 wrapCloseInAction)
   em System.Data.SqlClient.SqlInternalConnection.OnError(SqlException exception, Boolean breakConnection, Action`1 wrapCloseInAction)
   em System.Data.SqlClient.TdsParser.ThrowExceptionAndWarning(TdsParserStateObject stateObj, Boolean callerHasConnectionLock, Boolean asyncClose)
   em System.Data.SqlClient.TdsParser.TryRun(RunBehavior runBehavior, SqlCommand cmdHandler, SqlDataReader dataStream, BulkCopySimpleResultSet bulkCopyHandler, TdsParserStateObject stateObj, Boolean& dataReady)
   em System.Data.SqlClient.SqlDataReader.TryConsumeMetaData()
   em System.Data.SqlClient.SqlDataReader.get_MetaData()
   em System.Data.SqlClient.SqlCommand.FinishExecuteReader(SqlDataReader ds, RunBehavior runBehavior, String resetOptionsString, Boolean isInternal, Boolean forDescribeParameterEncryption, Boolean shouldCacheForAlwaysEncrypted)
   em System.Data.SqlClient.SqlCommand.RunExecuteReaderTds(CommandBehavior cmdBehavior, RunBehavior runBehavior, Boolean returnStream, Boolean async, Int32 timeout, Task& task, Boolean asyncWrite, Boolean inRetry, SqlDataReader ds, Boolean describeParameterEncryptionRequest)
   em System.Data.SqlClient.SqlCommand.RunExecuteReader(CommandBehavior cmdBehavior, RunBehavior runBehavior, Boolean returnStream, String method, TaskCompletionSource`1 completion, Int32 timeout, Task& task, Boolean& usedCache, Boolean asyncWrite, Boolean inRetry)
   em System.Data.SqlClient.SqlCommand.RunExecuteReader(CommandBehavior cmdBehavior, RunBehavior runBehavior, Boolean returnStream, String method)
   em System.Data.SqlClient.SqlCommand.ExecuteReader(CommandBehavior behavior, String method)
   em System.Data.SqlClient.SqlCommand.ExecuteDbDataReader(CommandBehavior behavior)
   em System.Data.Common.DbCommand.System.Data.IDbCommand.ExecuteReader(CommandBehavior behavior)
   em System.Data.Common.DbDataAdapter.FillInternal(DataSet dataset, DataTable[] datatables, Int32 startRecord, Int32 maxRecords, String srcTable, IDbCommand command, CommandBehavior behavior)
   em System.Data.Common.DbDataAdapter.Fill(DataSet dataSet, Int32 startRecord, Int32 maxRecords, String srcTable, IDbCommand command, CommandBehavior behavior)
   em System.Data.Common.DbDataAdapter.Fill(DataSet dataSet, String srcTable)
   em MCONTROL_OEE.mod_OEE.WriteDBREPORTAPONTAMENTO(Int32 intMACHINEID, Int32 intUSERID, String strDATAHOJE, Int32 intMES, Int32 intANO, Int32 intDIASUTEIS, Int32 intDIASUTEISHOJE, String& strERROR) na C:\VOESTALPINE - DEV\MCONTROL_OEE\MCONTROL_OEE\mod_OEE.vb:linha 8945
ClientConnectionId:ef7371c2-1069-496c-9be7-3ee1b86e2300
Error Number:207,State:1,Class:16
05/05/2020 11:59:36 - Falha interna da função WriteDBREPORTAPONTAMENTO
05/05/2020 11:59:36 - System.Data.SqlClient.SqlException (0x80131904): Invalid column name 'data_recebido <= convert(datetime, '29/02/2020 23:59:59',103) AND [id_maquinario'.
   em System.Data.SqlClient.SqlConnection.OnError(SqlException exception, Boolean breakConnection, Action`1 wrapCloseInAction)
   em System.Data.SqlClient.SqlInternalConnection.OnError(SqlException exception, Boolean breakConnection, Action`1 wrapCloseInAction)
   em System.Data.SqlClient.TdsParser.ThrowExceptionAndWarning(TdsParserStateObject stateObj, Boolean callerHasConnectionLock, Boolean asyncClose)
   em System.Data.SqlClient.TdsParser.TryRun(RunBehavior runBehavior, SqlCommand cmdHandler, SqlDataReader dataStream, BulkCopySimpleResultSet bulkCopyHandler, TdsParserStateObject stateObj, Boolean& dataReady)
   em System.Data.SqlClient.SqlDataReader.TryConsumeMetaData()
   em System.Data.SqlClient.SqlDataReader.get_MetaData()
   em System.Data.SqlClient.SqlCommand.FinishExecuteReader(SqlDataReader ds, RunBehavior runBehavior, String resetOptionsString, Boolean isInternal, Boolean forDescribeParameterEncryption, Boolean shouldCacheForAlwaysEncrypted)
   em System.Data.SqlClient.SqlCommand.RunExecuteReaderTds(CommandBehavior cmdBehavior, RunBehavior runBehavior, Boolean returnStream, Boolean async, Int32 timeout, Task& task, Boolean asyncWrite, Boolean inRetry, SqlDataReader ds, Boolean describeParameterEncryptionRequest)
   em System.Data.SqlClient.SqlCommand.RunExecuteReader(CommandBehavior cmdBehavior, RunBehavior runBehavior, Boolean returnStream, String method, TaskCompletionSource`1 completion, Int32 timeout, Task& task, Boolean& usedCache, Boolean asyncWrite, Boolean inRetry)
   em System.Data.SqlClient.SqlCommand.RunExecuteReader(CommandBehavior cmdBehavior, RunBehavior runBehavior, Boolean returnStream, String method)
   em System.Data.SqlClient.SqlCommand.ExecuteReader(CommandBehavior behavior, String method)
   em System.Data.SqlClient.SqlCommand.ExecuteDbDataReader(CommandBehavior behavior)
   em System.Data.Common.DbCommand.System.Data.IDbCommand.ExecuteReader(CommandBehavior behavior)
   em System.Data.Common.DbDataAdapter.FillInternal(DataSet dataset, DataTable[] datatables, Int32 startRecord, Int32 maxRecords, String srcTable, IDbCommand command, CommandBehavior behavior)
   em System.Data.Common.DbDataAdapter.Fill(DataSet dataSet, Int32 startRecord, Int32 maxRecords, String srcTable, IDbCommand command, CommandBehavior behavior)
   em System.Data.Common.DbDataAdapter.Fill(DataSet dataSet, String srcTable)
   em MCONTROL_OEE.mod_OEE.WriteDBREPORTAPONTAMENTO(Int32 intMACHINEID, Int32 intUSERID, String strDATAHOJE, Int32 intMES, Int32 intANO, Int32 intDIASUTEIS, Int32 intDIASUTEISHOJE, String& strERROR) na C:\VOESTALPINE - DEV\MCONTROL_OEE\MCONTROL_OEE\mod_OEE.vb:linha 8945
ClientConnectionId:a79aa136-2a0c-48bd-aa34-b897fdd7c8ef
Error Number:207,State:1,Class:16
05/05/2020 12:00:49 - Falha interna da função WriteDBREPORTAPONTAMENTO
05/05/2020 12:00:49 - System.Data.SqlClient.SqlException (0x80131904): Invalid column name 'data_recebido <= convert(datetime, '31/01/2020 23:59:59',103) AND [id_maquinario'.
   em System.Data.SqlClient.SqlConnection.OnError(SqlException exception, Boolean breakConnection, Action`1 wrapCloseInAction)
   em System.Data.SqlClient.SqlInternalConnection.OnError(SqlException exception, Boolean breakConnection, Action`1 wrapCloseInAction)
   em System.Data.SqlClient.TdsParser.ThrowExceptionAndWarning(TdsParserStateObject stateObj, Boolean callerHasConnectionLock, Boolean asyncClose)
   em System.Data.SqlClient.TdsParser.TryRun(RunBehavior runBehavior, SqlCommand cmdHandler, SqlDataReader dataStream, BulkCopySimpleResultSet bulkCopyHandler, TdsParserStateObject stateObj, Boolean& dataReady)
   em System.Data.SqlClient.SqlDataReader.TryConsumeMetaData()
   em System.Data.SqlClient.SqlDataReader.get_MetaData()
   em System.Data.SqlClient.SqlCommand.FinishExecuteReader(SqlDataReader ds, RunBehavior runBehavior, String resetOptionsString, Boolean isInternal, Boolean forDescribeParameterEncryption, Boolean shouldCacheForAlwaysEncrypted)
   em System.Data.SqlClient.SqlCommand.RunExecuteReaderTds(CommandBehavior cmdBehavior, RunBehavior runBehavior, Boolean returnStream, Boolean async, Int32 timeout, Task& task, Boolean asyncWrite, Boolean inRetry, SqlDataReader ds, Boolean describeParameterEncryptionRequest)
   em System.Data.SqlClient.SqlCommand.RunExecuteReader(CommandBehavior cmdBehavior, RunBehavior runBehavior, Boolean returnStream, String method, TaskCompletionSource`1 completion, Int32 timeout, Task& task, Boolean& usedCache, Boolean asyncWrite, Boolean inRetry)
   em System.Data.SqlClient.SqlCommand.RunExecuteReader(CommandBehavior cmdBehavior, RunBehavior runBehavior, Boolean returnStream, String method)
   em System.Data.SqlClient.SqlCommand.ExecuteReader(CommandBehavior behavior, String method)
   em System.Data.SqlClient.SqlCommand.ExecuteDbDataReader(CommandBehavior behavior)
   em System.Data.Common.DbCommand.System.Data.IDbCommand.ExecuteReader(CommandBehavior behavior)
   em System.Data.Common.DbDataAdapter.FillInternal(DataSet dataset, DataTable[] datatables, Int32 startRecord, Int32 maxRecords, String srcTable, IDbCommand command, CommandBehavior behavior)
   em System.Data.Common.DbDataAdapter.Fill(DataSet dataSet, Int32 startRecord, Int32 maxRecords, String srcTable, IDbCommand command, CommandBehavior behavior)
   em System.Data.Common.DbDataAdapter.Fill(DataSet dataSet, String srcTable)
   em MCONTROL_OEE.mod_OEE.WriteDBREPORTAPONTAMENTO(Int32 intMACHINEID, Int32 intUSERID, String strDATAHOJE, Int32 intMES, Int32 intANO, Int32 intDIASUTEIS, Int32 intDIASUTEISHOJE, String& strERROR) na C:\VOESTALPINE - DEV\MCONTROL_OEE\MCONTROL_OEE\mod_OEE.vb:linha 8945
ClientConnectionId:08b73786-fed2-487c-aadc-b0ef6817d3ef
Error Number:207,State:1,Class:16
05/05/2020 12:43:36 - Falha interna da função WriteDBREPORTAPONTAMENTO
05/05/2020 12:43:36 - System.Data.SqlClient.SqlException (0x80131904): Invalid column name 'data_recebido <= convert(datetime, '29/02/2020 23:59:59',103) AND [id_maquinario'.
   em System.Data.SqlClient.SqlConnection.OnError(SqlException exception, Boolean breakConnection, Action`1 wrapCloseInAction)
   em System.Data.SqlClient.SqlInternalConnection.OnError(SqlException exception, Boolean breakConnection, Action`1 wrapCloseInAction)
   em System.Data.SqlClient.TdsParser.ThrowExceptionAndWarning(TdsParserStateObject stateObj, Boolean callerHasConnectionLock, Boolean asyncClose)
   em System.Data.SqlClient.TdsParser.TryRun(RunBehavior runBehavior, SqlCommand cmdHandler, SqlDataReader dataStream, BulkCopySimpleResultSet bulkCopyHandler, TdsParserStateObject stateObj, Boolean& dataReady)
   em System.Data.SqlClient.SqlDataReader.TryConsumeMetaData()
   em System.Data.SqlClient.SqlDataReader.get_MetaData()
   em System.Data.SqlClient.SqlCommand.FinishExecuteReader(SqlDataReader ds, RunBehavior runBehavior, String resetOptionsString, Boolean isInternal, Boolean forDescribeParameterEncryption, Boolean shouldCacheForAlwaysEncrypted)
   em System.Data.SqlClient.SqlCommand.RunExecuteReaderTds(CommandBehavior cmdBehavior, RunBehavior runBehavior, Boolean returnStream, Boolean async, Int32 timeout, Task& task, Boolean asyncWrite, Boolean inRetry, SqlDataReader ds, Boolean describeParameterEncryptionRequest)
   em System.Data.SqlClient.SqlCommand.RunExecuteReader(CommandBehavior cmdBehavior, RunBehavior runBehavior, Boolean returnStream, String method, TaskCompletionSource`1 completion, Int32 timeout, Task& task, Boolean& usedCache, Boolean asyncWrite, Boolean inRetry)
   em System.Data.SqlClient.SqlCommand.RunExecuteReader(CommandBehavior cmdBehavior, RunBehavior runBehavior, Boolean returnStream, String method)
   em System.Data.SqlClient.SqlCommand.ExecuteReader(CommandBehavior behavior, String method)
   em System.Data.SqlClient.SqlCommand.ExecuteDbDataReader(CommandBehavior behavior)
   em System.Data.Common.DbCommand.System.Data.IDbCommand.ExecuteReader(CommandBehavior behavior)
   em System.Data.Common.DbDataAdapter.FillInternal(DataSet dataset, DataTable[] datatables, Int32 startRecord, Int32 maxRecords, String srcTable, IDbCommand command, CommandBehavior behavior)
   em System.Data.Common.DbDataAdapter.Fill(DataSet dataSet, Int32 startRecord, Int32 maxRecords, String srcTable, IDbCommand command, CommandBehavior behavior)
   em System.Data.Common.DbDataAdapter.Fill(DataSet dataSet, String srcTable)
   em MCONTROL_OEE.mod_OEE.WriteDBREPORTAPONTAMENTO(Int32 intMACHINEID, Int32 intUSERID, String strDATAHOJE, Int32 intMES, Int32 intANO, Int32 intDIASUTEIS, Int32 intDIASUTEISHOJE, String& strERROR) na C:\VOESTALPINE - DEV\MCONTROL_OEE\MCONTROL_OEE\mod_OEE.vb:linha 8945
ClientConnectionId:c6934e5f-e4ba-420e-99e6-57778be7aa5c
Error Number:207,State:1,Class:16
05/05/2020 13:15:50 - Falha interna da função WriteDBREPORTAPONTAMENTO_GRUPO
05/05/2020 13:15:50 - System.IndexOutOfRangeException: Não há linha na posição 0.
   em System.Data.RBTree`1.GetNodeByIndex(Int32 userIndex)
   em System.Data.DataRowCollection.get_Item(Int32 index)
   em MCONTROL_OEE.mod_OEE.WriteDBREPORTAMARRADO(Int32 intMAQUINAID, String strDATAINICIAL, String strHORAINICIAL, String strDATAFINAL, String strHORAFINAL, String& strERROR) na C:\VOESTALPINE - DEV\MCONTROL_OEE\MCONTROL_OEE\mod_OEE.vb:linha 11191
05/05/2020 13:16:50 - Falha interna da função WriteDBREPORTAPONTAMENTO_GRUPO
05/05/2020 13:16:50 - System.IndexOutOfRangeException: Não há linha na posição 0.
   em System.Data.RBTree`1.GetNodeByIndex(Int32 userIndex)
   em System.Data.DataRowCollection.get_Item(Int32 index)
   em MCONTROL_OEE.mod_OEE.WriteDBREPORTAMARRADO(Int32 intMAQUINAID, String strDATAINICIAL, String strHORAINICIAL, String strDATAFINAL, String strHORAFINAL, String& strERROR) na C:\VOESTALPINE - DEV\MCONTROL_OEE\MCONTROL_OEE\mod_OEE.vb:linha 11191