
17/07/2020 09:39:36 - Falha interna da função WriteDBREPORTAPONTAMENTO_GRUPO
17/07/2020 09:39:37 - System.InvalidCastException: Objeto não pode ser convertido de DBNull em outros tipos.
   em System.DBNull.System.IConvertible.ToDateTime(IFormatProvider provider)
   em System.Convert.ToDateTime(Object value)
   em MCONTROL_OEE.mod_OEE.WriteDBREPORTAPONTAMENTO_PARCIAL(Int32 intUSERID, String& strERROR) na D:\VOESTALPINE - DEV\MCONTROL_OEE\MCONTROL_OEE\mod_OEE.vb:linha 11495
17/07/2020 09:40:18 - Falha interna da função WriteDBREPORTAPONTAMENTO_GRUPO
17/07/2020 09:40:18 - System.InvalidCastException: Objeto não pode ser convertido de DBNull em outros tipos.
   em System.DBNull.System.IConvertible.ToDateTime(IFormatProvider provider)
   em System.Convert.ToDateTime(Object value)
   em MCONTROL_OEE.mod_OEE.WriteDBREPORTAPONTAMENTO_PARCIAL(Int32 intUSERID, String& strERROR) na D:\VOESTALPINE - DEV\MCONTROL_OEE\MCONTROL_OEE\mod_OEE.vb:linha 11495
17/07/2020 09:46:25 - Falha interna da função WriteDBREPORTAPONTAMENTO_GRUPO
17/07/2020 09:46:25 - System.InvalidCastException: Objeto não pode ser convertido de DBNull em outros tipos.
   em System.DBNull.System.IConvertible.ToDateTime(IFormatProvider provider)
   em System.Convert.ToDateTime(Object value)
   em MCONTROL_OEE.mod_OEE.WriteDBREPORTAPONTAMENTO_PARCIAL(Int32 intUSERID, String& strERROR) na D:\VOESTALPINE - DEV\MCONTROL_OEE\MCONTROL_OEE\mod_OEE.vb:linha 11495
17/07/2020 10:01:20 - Falha interna da função WriteDBREPORTAPONTAMENTO_GRUPO
17/07/2020 10:01:20 - System.Data.SqlClient.SqlException (0x80131904): There are fewer columns in the INSERT statement than values specified in the VALUES clause. The number of values in the VALUES clause must match the number of columns specified in the INSERT statement.
   em System.Data.SqlClient.SqlConnection.OnError(SqlException exception, Boolean breakConnection, Action`1 wrapCloseInAction)
   em System.Data.SqlClient.SqlInternalConnection.OnError(SqlException exception, Boolean breakConnection, Action`1 wrapCloseInAction)
   em System.Data.SqlClient.TdsParser.ThrowExceptionAndWarning(TdsParserStateObject stateObj, Boolean callerHasConnectionLock, Boolean asyncClose)
   em System.Data.SqlClient.TdsParser.TryRun(RunBehavior runBehavior, SqlCommand cmdHandler, SqlDataReader dataStream, BulkCopySimpleResultSet bulkCopyHandler, TdsParserStateObject stateObj, Boolean& dataReady)
   em System.Data.SqlClient.SqlCommand.RunExecuteNonQueryTds(String methodName, Boolean async, Int32 timeout, Boolean asyncWrite)
   em System.Data.SqlClient.SqlCommand.InternalExecuteNonQuery(TaskCompletionSource`1 completion, String methodName, Boolean sendToPipe, Int32 timeout, Boolean& usedCache, Boolean asyncWrite, Boolean inRetry)
   em System.Data.SqlClient.SqlCommand.ExecuteNonQuery()
   em MCONTROL_OEE.mod_OEE.WriteDBREPORTAPONTAMENTO_PARCIAL(Int32 intUSERID, String& strERROR)
ClientConnectionId:40cee5a5-70dd-4273-8e5e-54efa2bbb08a
Error Number:110,State:1,Class:15