
08/07/2020 08:44:35 - Falha interna da função ReadDBGETUSERONLINE
08/07/2020 08:44:35 - System.Data.SqlClient.SqlException (0x80131904): Invalid object name 'dbo.exe_MCONTROL_OEE_useronline'.
   em System.Data.SqlClient.SqlConnection.OnError(SqlException exception, Boolean breakConnection, Action`1 wrapCloseInAction)
   em System.Data.SqlClient.SqlInternalConnection.OnError(SqlException exception, Boolean breakConnection, Action`1 wrapCloseInAction)
   em System.Data.SqlClient.TdsParser.ThrowExceptionAndWarning(TdsParserStateObject stateObj, Boolean callerHasConnectionLock, Boolean asyncClose)
   em System.Data.SqlClient.TdsParser.TryRun(RunBehavior runBehavior, SqlCommand cmdHandler, SqlDataReader dataStream, BulkCopySimpleResultSet bulkCopyHandler, TdsParserStateObject stateObj, Boolean& dataReady)
   em System.Data.SqlClient.SqlDataReader.TryConsumeMetaData()
   em System.Data.SqlClient.SqlDataReader.get_MetaData()
   em System.Data.SqlClient.SqlCommand.FinishExecuteReader(SqlDataReader ds, RunBehavior runBehavior, String resetOptionsString, Boolean isInternal, Boolean forDescribeParameterEncryption, Boolean shouldCacheForAlwaysEncrypted)
   em System.Data.SqlClient.SqlCommand.RunExecuteReaderTds(CommandBehavior cmdBehavior, RunBehavior runBehavior, Boolean returnStream, Boolean async, Int32 timeout, Task& task, Boolean asyncWrite, Boolean inRetry, SqlDataReader ds, Boolean describeParameterEncryptionRequest)
   em System.Data.SqlClient.SqlCommand.RunExecuteReader(CommandBehavior cmdBehavior, RunBehavior runBehavior, Boolean returnStream, String method, TaskCompletionSource`1 completion, Int32 timeout, Task& task, Boolean& usedCache, Boolean asyncWrite, Boolean inRetry)
   em System.Data.SqlClient.SqlCommand.RunExecuteReader(CommandBehavior cmdBehavior, RunBehavior runBehavior, Boolean returnStream, String method)
   em System.Data.SqlClient.SqlCommand.ExecuteReader(CommandBehavior behavior, String method)
   em System.Data.SqlClient.SqlCommand.ExecuteDbDataReader(CommandBehavior behavior)
   em System.Data.Common.DbCommand.System.Data.IDbCommand.ExecuteReader(CommandBehavior behavior)
   em System.Data.Common.DbDataAdapter.FillInternal(DataSet dataset, DataTable[] datatables, Int32 startRecord, Int32 maxRecords, String srcTable, IDbCommand command, CommandBehavior behavior)
   em System.Data.Common.DbDataAdapter.Fill(DataSet dataSet, Int32 startRecord, Int32 maxRecords, String srcTable, IDbCommand command, CommandBehavior behavior)
   em System.Data.Common.DbDataAdapter.Fill(DataSet dataSet, String srcTable)
   em MCONTROL_OEE.mod_OEE.ReadDBGETUSERONLINE(AdvTree& advTree, Int32& intUSERID, String& strErro) na D:\VOESTALPINE - DEV\MCONTROL_OEE\MCONTROL_OEE\mod_OEE.vb:linha 12650
ClientConnectionId:4f4e9411-8018-4bc5-b460-48a95046e2e8
Error Number:208,State:1,Class:16
08/07/2020 09:25:13 - Falha interna da função ReadDBGETSTATUS
08/07/2020 09:25:13 - System.IndexOutOfRangeException: Não há linha na posição 0.
   em System.Data.RBTree`1.GetNodeByIndex(Int32 userIndex)
   em System.Data.DataRowCollection.get_Item(Int32 index)
   em MCONTROL_OEE.frm_ONLINE.ReadDBGETSTATUS(Int32 intMACHINEID, String& strSTATUS, Boolean& bolPARADA, Boolean& bolAGUARDANDO, Boolean& bolNOMOTIVO, Boolean& bolNOESCALA, Boolean& bolNOSTATUS, Boolean& bolPRODUZINDO, String& strTEMPO, String& strMOTIVO, String& strMOTIVO2, String& strERROR) na D:\VOESTALPINE - DEV\MCONTROL_OEE\MCONTROL_OEE\frm_ONLINE.vb:linha 294
08/07/2020 09:29:09 - Falha interna da função ReadDBGETSTATUS
08/07/2020 09:29:09 - System.IndexOutOfRangeException: Não há linha na posição 0.
   em System.Data.RBTree`1.GetNodeByIndex(Int32 userIndex)
   em System.Data.DataRowCollection.get_Item(Int32 index)
   em MCONTROL_OEE.frm_ONLINE.ReadDBGETSTATUS(Int32 intMACHINEID, String& strSTATUS, Boolean& bolPARADA, Boolean& bolAGUARDANDO, Boolean& bolNOMOTIVO, Boolean& bolNOESCALA, Boolean& bolNOSTATUS, Boolean& bolPRODUZINDO, String& strTEMPO, String& strMOTIVO, String& strMOTIVO2, String& strERROR) na D:\VOESTALPINE - DEV\MCONTROL_OEE\MCONTROL_OEE\frm_ONLINE.vb:linha 294
08/07/2020 09:30:40 - Falha interna da função ReadDBGETSTATUS
08/07/2020 09:30:40 - System.IndexOutOfRangeException: Não há linha na posição 0.
   em System.Data.RBTree`1.GetNodeByIndex(Int32 userIndex)
   em System.Data.DataRowCollection.get_Item(Int32 index)
   em MCONTROL_OEE.frm_ONLINE.ReadDBGETSTATUS(Int32 intMACHINEID, String& strSTATUS, Boolean& bolPARADA, Boolean& bolAGUARDANDO, Boolean& bolNOMOTIVO, Boolean& bolNOESCALA, Boolean& bolNOSTATUS, Boolean& bolPRODUZINDO, String& strTEMPO, String& strMOTIVO, String& strMOTIVO2, String& strERROR) na D:\VOESTALPINE - DEV\MCONTROL_OEE\MCONTROL_OEE\frm_ONLINE.vb:linha 294
08/07/2020 09:30:52 - Falha interna da função ReadDBGETSTATUS
08/07/2020 09:30:52 - System.IndexOutOfRangeException: Não há linha na posição 0.
   em System.Data.RBTree`1.GetNodeByIndex(Int32 userIndex)
   em System.Data.DataRowCollection.get_Item(Int32 index)
   em MCONTROL_OEE.frm_ONLINE.ReadDBGETSTATUS(Int32 intMACHINEID, String& strSTATUS, Boolean& bolPARADA, Boolean& bolAGUARDANDO, Boolean& bolNOMOTIVO, Boolean& bolNOESCALA, Boolean& bolNOSTATUS, Boolean& bolPRODUZINDO, String& strTEMPO, String& strMOTIVO, String& strMOTIVO2, String& strERROR) na D:\VOESTALPINE - DEV\MCONTROL_OEE\MCONTROL_OEE\frm_ONLINE.vb:linha 294
08/07/2020 13:22:17 - Falha interna da função ReadDBGETMAQUINASONLINE
08/07/2020 13:22:17 - System.IndexOutOfRangeException: Não é possível encontrar a tabela 0.
   em System.Data.DataTableCollection.get_Item(Int32 index)
   em MCONTROL_OEE.mod_OEE.ReadDBGETMAQUINASONLINE(AdvTree& advTree, Int32& intDEVICES, String& strErro) na D:\VOESTALPINE - DEV\MCONTROL_OEE\MCONTROL_OEE\mod_OEE.vb:linha 12595
08/07/2020 13:24:07 - Falha interna da função ReadDBGETMAQUINASONLINE
08/07/2020 13:24:07 - System.IndexOutOfRangeException: Não é possível encontrar a tabela 0.
   em System.Data.DataTableCollection.get_Item(Int32 index)
   em MCONTROL_OEE.mod_OEE.ReadDBGETMAQUINASONLINE(AdvTree& advTree, Int32& intDEVICES, String& strErro) na D:\VOESTALPINE - DEV\MCONTROL_OEE\MCONTROL_OEE\mod_OEE.vb:linha 12595
08/07/2020 13:29:15 - Falha interna da função ReadDBGETMAQUINASONLINE
08/07/2020 13:29:15 - System.IndexOutOfRangeException: Não é possível encontrar a tabela 0.
   em System.Data.DataTableCollection.get_Item(Int32 index)
   em MCONTROL_OEE.mod_OEE.ReadDBGETMAQUINASONLINE(AdvTree& advTree, Int32& intDEVICES, String& strErro) na D:\VOESTALPINE - DEV\MCONTROL_OEE\MCONTROL_OEE\mod_OEE.vb:linha 12595
08/07/2020 13:36:30 - Falha interna da função WriteDBSAVEUSERONLINE
08/07/2020 13:36:30 - System.Data.SqlClient.SqlException (0x80131904): Incorrect syntax near '*'.
   em System.Data.SqlClient.SqlConnection.OnError(SqlException exception, Boolean breakConnection, Action`1 wrapCloseInAction)
   em System.Data.SqlClient.SqlInternalConnection.OnError(SqlException exception, Boolean breakConnection, Action`1 wrapCloseInAction)
   em System.Data.SqlClient.TdsParser.ThrowExceptionAndWarning(TdsParserStateObject stateObj, Boolean callerHasConnectionLock, Boolean asyncClose)
   em System.Data.SqlClient.TdsParser.TryRun(RunBehavior runBehavior, SqlCommand cmdHandler, SqlDataReader dataStream, BulkCopySimpleResultSet bulkCopyHandler, TdsParserStateObject stateObj, Boolean& dataReady)
   em System.Data.SqlClient.SqlCommand.RunExecuteNonQueryTds(String methodName, Boolean async, Int32 timeout, Boolean asyncWrite)
   em System.Data.SqlClient.SqlCommand.InternalExecuteNonQuery(TaskCompletionSource`1 completion, String methodName, Boolean sendToPipe, Int32 timeout, Boolean& usedCache, Boolean asyncWrite, Boolean inRetry)
   em System.Data.SqlClient.SqlCommand.ExecuteNonQuery()
   em MCONTROL_OEE.mod_OEE.WriteDBSAVEUSERONLINE(AdvTree& advTree, Int32& intUSERID, String& strErro) na D:\VOESTALPINE - DEV\MCONTROL_OEE\MCONTROL_OEE\mod_OEE.vb:linha 12740
ClientConnectionId:1d67602f-eefc-4b70-8496-8f1d6f8ae00a
Error Number:102,State:1,Class:15
08/07/2020 13:36:56 - Falha interna da função WriteDBSAVEUSERONLINE
08/07/2020 13:36:56 - System.Data.SqlClient.SqlException (0x80131904): Incorrect syntax near '*'.
   em System.Data.SqlClient.SqlConnection.OnError(SqlException exception, Boolean breakConnection, Action`1 wrapCloseInAction)
   em System.Data.SqlClient.SqlInternalConnection.OnError(SqlException exception, Boolean breakConnection, Action`1 wrapCloseInAction)
   em System.Data.SqlClient.TdsParser.ThrowExceptionAndWarning(TdsParserStateObject stateObj, Boolean callerHasConnectionLock, Boolean asyncClose)
   em System.Data.SqlClient.TdsParser.TryRun(RunBehavior runBehavior, SqlCommand cmdHandler, SqlDataReader dataStream, BulkCopySimpleResultSet bulkCopyHandler, TdsParserStateObject stateObj, Boolean& dataReady)
   em System.Data.SqlClient.SqlCommand.RunExecuteNonQueryTds(String methodName, Boolean async, Int32 timeout, Boolean asyncWrite)
   em System.Data.SqlClient.SqlCommand.InternalExecuteNonQuery(TaskCompletionSource`1 completion, String methodName, Boolean sendToPipe, Int32 timeout, Boolean& usedCache, Boolean asyncWrite, Boolean inRetry)
   em System.Data.SqlClient.SqlCommand.ExecuteNonQuery()
   em MCONTROL_OEE.mod_OEE.WriteDBSAVEUSERONLINE(AdvTree& advTree, Int32& intUSERID, String& strErro)
ClientConnectionId:a5ef067a-8419-4586-87f9-6071dfe5d754
Error Number:102,State:1,Class:15
08/07/2020 13:37:04 - Falha interna da função WriteDBSAVEUSERONLINE
08/07/2020 13:37:04 - System.InvalidOperationException: ExecuteReader: propriedade CommandText não foi inicializada
   em System.Data.SqlClient.SqlCommand.ValidateCommand(String method, Boolean async)
   em System.Data.SqlClient.SqlCommand.RunExecuteReader(CommandBehavior cmdBehavior, RunBehavior runBehavior, Boolean returnStream, String method, TaskCompletionSource`1 completion, Int32 timeout, Task& task, Boolean& usedCache, Boolean asyncWrite, Boolean inRetry)
   em System.Data.SqlClient.SqlCommand.RunExecuteReader(CommandBehavior cmdBehavior, RunBehavior runBehavior, Boolean returnStream, String method)
   em System.Data.SqlClient.SqlCommand.ExecuteReader(CommandBehavior behavior, String method)
   em System.Data.SqlClient.SqlCommand.ExecuteDbDataReader(CommandBehavior behavior)
   em System.Data.Common.DbCommand.System.Data.IDbCommand.ExecuteReader(CommandBehavior behavior)
   em System.Data.Common.DbDataAdapter.FillInternal(DataSet dataset, DataTable[] datatables, Int32 startRecord, Int32 maxRecords, String srcTable, IDbCommand command, CommandBehavior behavior)
   em System.Data.Common.DbDataAdapter.Fill(DataSet dataSet, Int32 startRecord, Int32 maxRecords, String srcTable, IDbCommand command, CommandBehavior behavior)
   em System.Data.Common.DbDataAdapter.Fill(DataSet dataSet, String srcTable)
   em MCONTROL_OEE.mod_OEE.WriteDBSAVEUSERONLINE(AdvTree& advTree, Int32& intUSERID, String& strErro)
08/07/2020 13:43:19 - Falha interna da função WriteDBSAVEUSERONLINE
08/07/2020 13:43:19 - System.Data.SqlClient.SqlException (0x80131904): Invalid column name 'D1'.
   em System.Data.SqlClient.SqlConnection.OnError(SqlException exception, Boolean breakConnection, Action`1 wrapCloseInAction)
   em System.Data.SqlClient.SqlInternalConnection.OnError(SqlException exception, Boolean breakConnection, Action`1 wrapCloseInAction)
   em System.Data.SqlClient.TdsParser.ThrowExceptionAndWarning(TdsParserStateObject stateObj, Boolean callerHasConnectionLock, Boolean asyncClose)
   em System.Data.SqlClient.TdsParser.TryRun(RunBehavior runBehavior, SqlCommand cmdHandler, SqlDataReader dataStream, BulkCopySimpleResultSet bulkCopyHandler, TdsParserStateObject stateObj, Boolean& dataReady)
   em System.Data.SqlClient.SqlCommand.RunExecuteNonQueryTds(String methodName, Boolean async, Int32 timeout, Boolean asyncWrite)
   em System.Data.SqlClient.SqlCommand.InternalExecuteNonQuery(TaskCompletionSource`1 completion, String methodName, Boolean sendToPipe, Int32 timeout, Boolean& usedCache, Boolean asyncWrite, Boolean inRetry)
   em System.Data.SqlClient.SqlCommand.ExecuteNonQuery()
   em MCONTROL_OEE.mod_OEE.WriteDBSAVEUSERONLINE(AdvTree& advTree, Int32& intUSERID, String& strErro) na D:\VOESTALPINE - DEV\MCONTROL_OEE\MCONTROL_OEE\mod_OEE.vb:linha 12746
ClientConnectionId:4c6c2665-7a39-4352-8ad2-e64cb25aa3e1
Error Number:207,State:1,Class:16
08/07/2020 13:48:26 - Falha interna da função WriteDBSAVEUSERONLINE
08/07/2020 13:48:26 - System.Data.SqlClient.SqlException (0x80131904): Invalid column name 'D3'.
   em System.Data.SqlClient.SqlConnection.OnError(SqlException exception, Boolean breakConnection, Action`1 wrapCloseInAction)
   em System.Data.SqlClient.SqlInternalConnection.OnError(SqlException exception, Boolean breakConnection, Action`1 wrapCloseInAction)
   em System.Data.SqlClient.TdsParser.ThrowExceptionAndWarning(TdsParserStateObject stateObj, Boolean callerHasConnectionLock, Boolean asyncClose)
   em System.Data.SqlClient.TdsParser.TryRun(RunBehavior runBehavior, SqlCommand cmdHandler, SqlDataReader dataStream, BulkCopySimpleResultSet bulkCopyHandler, TdsParserStateObject stateObj, Boolean& dataReady)
   em System.Data.SqlClient.SqlCommand.RunExecuteNonQueryTds(String methodName, Boolean async, Int32 timeout, Boolean asyncWrite)
   em System.Data.SqlClient.SqlCommand.InternalExecuteNonQuery(TaskCompletionSource`1 completion, String methodName, Boolean sendToPipe, Int32 timeout, Boolean& usedCache, Boolean asyncWrite, Boolean inRetry)
   em System.Data.SqlClient.SqlCommand.ExecuteNonQuery()
   em MCONTROL_OEE.mod_OEE.WriteDBSAVEUSERONLINE(AdvTree& advTree, Int32& intUSERID, String& strErro) na D:\VOESTALPINE - DEV\MCONTROL_OEE\MCONTROL_OEE\mod_OEE.vb:linha 12746
ClientConnectionId:fe791e7d-825b-4f5a-ac61-7ae7c83e828d
Error Number:207,State:1,Class:16
08/07/2020 13:50:52 - Falha interna da função ReadDBGETUSERONLINE
08/07/2020 13:50:52 - System.InvalidCastException: A conversão da cadeia de caracteres 'D10' no tipo 'Double' não é válida. ---> System.FormatException: A cadeia de caracteres de entrada não estava em um formato correto.
   em Microsoft.VisualBasic.CompilerServices.Conversions.ParseDouble(String Value, NumberFormatInfo NumberFormat)
   em Microsoft.VisualBasic.CompilerServices.Conversions.ToDouble(String Value, NumberFormatInfo NumberFormat)
   --- Fim do rastreamento de pilha de exceções internas ---
   em Microsoft.VisualBasic.CompilerServices.Conversions.ToDouble(String Value, NumberFormatInfo NumberFormat)
   em Microsoft.VisualBasic.CompilerServices.Operators.CompareObject2(Object Left, Object Right, Boolean TextCompare)
   em Microsoft.VisualBasic.CompilerServices.Operators.ConditionalCompareObjectEqual(Object Left, Object Right, Boolean TextCompare)
   em MCONTROL_OEE.mod_OEE.ReadDBGETUSERONLINE(AdvTree& advTree, Int32& intUSERID, String& strErro) na D:\VOESTALPINE - DEV\MCONTROL_OEE\MCONTROL_OEE\mod_OEE.vb:linha 12699
08/07/2020 13:51:46 - Falha interna da função ReadDBGETUSERONLINE
08/07/2020 13:51:46 - System.InvalidCastException: A conversão da cadeia de caracteres 'D10' no tipo 'Double' não é válida. ---> System.FormatException: A cadeia de caracteres de entrada não estava em um formato correto.
   em Microsoft.VisualBasic.CompilerServices.Conversions.ParseDouble(String Value, NumberFormatInfo NumberFormat)
   em Microsoft.VisualBasic.CompilerServices.Conversions.ToDouble(String Value, NumberFormatInfo NumberFormat)
   --- Fim do rastreamento de pilha de exceções internas ---
   em Microsoft.VisualBasic.CompilerServices.Conversions.ToDouble(String Value, NumberFormatInfo NumberFormat)
   em Microsoft.VisualBasic.CompilerServices.Operators.CompareObject2(Object Left, Object Right, Boolean TextCompare)
   em Microsoft.VisualBasic.CompilerServices.Operators.ConditionalCompareObjectEqual(Object Left, Object Right, Boolean TextCompare)
   em MCONTROL_OEE.mod_OEE.ReadDBGETUSERONLINE(AdvTree& advTree, Int32& intUSERID, String& strErro) na D:\VOESTALPINE - DEV\MCONTROL_OEE\MCONTROL_OEE\mod_OEE.vb:linha 12699
08/07/2020 13:52:31 - Falha interna da função ReadDBGETUSERONLINE
08/07/2020 13:52:31 - System.ArgumentOutOfRangeException: O índice estava fora do intervalo. Ele deve ser não-negativo e menor que o tamanho da coleção.
Nome do parâmetro: index
   em System.Collections.CollectionBase.System.Collections.IList.get_Item(Int32 index)
   em DevComponents.AdvTree.NodeCollection.get_Item(Int32 index)
   em MCONTROL_OEE.mod_OEE.ReadDBGETUSERONLINE(AdvTree& advTree, Int32& intUSERID, String& strErro) na D:\VOESTALPINE - DEV\MCONTROL_OEE\MCONTROL_OEE\mod_OEE.vb:linha 12697