
28/06/2020 09:47:17 - Falha interna da função ReadDBGETOPPRODUTO
28/06/2020 09:47:18 - System.ArgumentException: A coluna 'opstatus' não pertence à tabela OP.
   em System.Data.DataRow.GetDataColumn(String columnName)
   em System.Data.DataRow.get_Item(String columnName)
   em MCONTROL_OEE.frm_ONLINE.ReadDBGETOPPRODUTO(String& strOP, String& strPRODUTO, String& strERROR) na D:\VOESTALPINE - DEV\MCONTROL_OEE\MCONTROL_OEE\frm_ONLINE.vb:linha 178
28/06/2020 09:47:23 - Falha interna da função ReadDBGETOPPRODUTO
28/06/2020 09:47:23 - System.ArgumentException: A coluna 'opstatus' não pertence à tabela OP.
   em System.Data.DataRow.GetDataColumn(String columnName)
   em System.Data.DataRow.get_Item(String columnName)
   em MCONTROL_OEE.frm_ONLINE.ReadDBGETOPPRODUTO(String& strOP, String& strPRODUTO, String& strERROR) na D:\VOESTALPINE - DEV\MCONTROL_OEE\MCONTROL_OEE\frm_ONLINE.vb:linha 178
28/06/2020 09:47:29 - Falha interna da função ReadDBGETOPPRODUTO
28/06/2020 09:47:29 - System.ArgumentException: A coluna 'opstatus' não pertence à tabela OP.
   em System.Data.DataRow.GetDataColumn(String columnName)
   em System.Data.DataRow.get_Item(String columnName)
   em MCONTROL_OEE.frm_ONLINE.ReadDBGETOPPRODUTO(String& strOP, String& strPRODUTO, String& strERROR) na D:\VOESTALPINE - DEV\MCONTROL_OEE\MCONTROL_OEE\frm_ONLINE.vb:linha 178
28/06/2020 09:47:35 - Falha interna da função ReadDBGETOPPRODUTO
28/06/2020 09:47:35 - System.ArgumentException: A coluna 'opstatus' não pertence à tabela OP.
   em System.Data.DataRow.GetDataColumn(String columnName)
   em System.Data.DataRow.get_Item(String columnName)
   em MCONTROL_OEE.frm_ONLINE.ReadDBGETOPPRODUTO(String& strOP, String& strPRODUTO, String& strERROR) na D:\VOESTALPINE - DEV\MCONTROL_OEE\MCONTROL_OEE\frm_ONLINE.vb:linha 178
28/06/2020 09:47:41 - Falha interna da função ReadDBGETOPPRODUTO
28/06/2020 09:47:41 - System.ArgumentException: A coluna 'opstatus' não pertence à tabela OP.
   em System.Data.DataRow.GetDataColumn(String columnName)
   em System.Data.DataRow.get_Item(String columnName)
   em MCONTROL_OEE.frm_ONLINE.ReadDBGETOPPRODUTO(String& strOP, String& strPRODUTO, String& strERROR) na D:\VOESTALPINE - DEV\MCONTROL_OEE\MCONTROL_OEE\frm_ONLINE.vb:linha 178
28/06/2020 09:47:46 - Falha interna da função ReadDBGETOPPRODUTO
28/06/2020 09:47:46 - System.ArgumentException: A coluna 'opstatus' não pertence à tabela OP.
   em System.Data.DataRow.GetDataColumn(String columnName)
   em System.Data.DataRow.get_Item(String columnName)
   em MCONTROL_OEE.frm_ONLINE.ReadDBGETOPPRODUTO(String& strOP, String& strPRODUTO, String& strERROR) na D:\VOESTALPINE - DEV\MCONTROL_OEE\MCONTROL_OEE\frm_ONLINE.vb:linha 178
28/06/2020 09:47:52 - Falha interna da função ReadDBGETOPPRODUTO
28/06/2020 09:47:52 - System.ArgumentException: A coluna 'opstatus' não pertence à tabela OP.
   em System.Data.DataRow.GetDataColumn(String columnName)
   em System.Data.DataRow.get_Item(String columnName)
   em MCONTROL_OEE.frm_ONLINE.ReadDBGETOPPRODUTO(String& strOP, String& strPRODUTO, String& strERROR) na D:\VOESTALPINE - DEV\MCONTROL_OEE\MCONTROL_OEE\frm_ONLINE.vb:linha 178
28/06/2020 19:10:02 - Falha interna da função WriteDBREPORTAPONTAMENTO_GRUPO
28/06/2020 19:10:02 - System.Data.SqlClient.SqlException (0x80131904): Incorrect syntax near ','.
   em System.Data.SqlClient.SqlConnection.OnError(SqlException exception, Boolean breakConnection, Action`1 wrapCloseInAction)
   em System.Data.SqlClient.SqlInternalConnection.OnError(SqlException exception, Boolean breakConnection, Action`1 wrapCloseInAction)
   em System.Data.SqlClient.TdsParser.ThrowExceptionAndWarning(TdsParserStateObject stateObj, Boolean callerHasConnectionLock, Boolean asyncClose)
   em System.Data.SqlClient.TdsParser.TryRun(RunBehavior runBehavior, SqlCommand cmdHandler, SqlDataReader dataStream, BulkCopySimpleResultSet bulkCopyHandler, TdsParserStateObject stateObj, Boolean& dataReady)
   em System.Data.SqlClient.SqlCommand.RunExecuteNonQueryTds(String methodName, Boolean async, Int32 timeout, Boolean asyncWrite)
   em System.Data.SqlClient.SqlCommand.InternalExecuteNonQuery(TaskCompletionSource`1 completion, String methodName, Boolean sendToPipe, Int32 timeout, Boolean& usedCache, Boolean asyncWrite, Boolean inRetry)
   em System.Data.SqlClient.SqlCommand.ExecuteNonQuery()
   em MCONTROL_OEE.mod_OEE.WriteDBREPORTAMARRADO(Int32 intMAQUINAID, String strDATAINICIAL, String strHORAINICIAL, String strDATAFINAL, String strHORAFINAL, String& strERROR) na D:\VOESTALPINE - DEV\MCONTROL_OEE\MCONTROL_OEE\mod_OEE.vb:linha 11395
ClientConnectionId:184f379d-52cd-4a5d-ae9f-0839803b052f
Error Number:102,State:1,Class:15
28/06/2020 19:33:55 - Falha interna da função ReadDBCHECKTEMPOCALENDARIO
28/06/2020 19:33:55 - System.FormatException: A cadeia de caracteres não foi reconhecida como um DateTime válido. Há uma palavra desconhecida que começa no índice 2.
   em System.DateTimeParse.Parse(String s, DateTimeFormatInfo dtfi, DateTimeStyles styles)
   em System.Convert.ToDateTime(String value, IFormatProvider provider)
   em System.String.System.IConvertible.ToDateTime(IFormatProvider provider)
   em System.Convert.ToDateTime(Object value)
   em MCONTROL_OEE.mod_OEE.ReadDBCHECKTEMPOCALENDARIO(DataGridViewX& advtPARADAS, String strDATAINICIAL, String strDATAFINAL, Boolean& bolFOUND, String& strERROR) na D:\VOESTALPINE - DEV\MCONTROL_OEE\MCONTROL_OEE\mod_OEE.vb:linha 11307
28/06/2020 19:34:58 - Falha interna da função ReadDBCHECKTEMPOCALENDARIO
28/06/2020 19:34:58 - System.FormatException: A cadeia de caracteres não foi reconhecida como um DateTime válido. Há uma palavra desconhecida que começa no índice 2.
   em System.DateTimeParse.Parse(String s, DateTimeFormatInfo dtfi, DateTimeStyles styles)
   em System.Convert.ToDateTime(String value, IFormatProvider provider)
   em System.String.System.IConvertible.ToDateTime(IFormatProvider provider)
   em System.Convert.ToDateTime(Object value)
   em MCONTROL_OEE.mod_OEE.ReadDBCHECKTEMPOCALENDARIO(DataGridViewX& advtPARADAS, String strDATAINICIAL, String strDATAFINAL, Boolean& bolFOUND, String& strERROR) na D:\VOESTALPINE - DEV\MCONTROL_OEE\MCONTROL_OEE\mod_OEE.vb:linha 11307
28/06/2020 19:47:02 - Falha interna da função ReadDBGETPARADAS
28/06/2020 19:47:02 - System.Data.SqlClient.SqlException (0x80131904): Invalid column name 'F04'.
   em System.Data.SqlClient.SqlConnection.OnError(SqlException exception, Boolean breakConnection, Action`1 wrapCloseInAction)
   em System.Data.SqlClient.SqlInternalConnection.OnError(SqlException exception, Boolean breakConnection, Action`1 wrapCloseInAction)
   em System.Data.SqlClient.TdsParser.ThrowExceptionAndWarning(TdsParserStateObject stateObj, Boolean callerHasConnectionLock, Boolean asyncClose)
   em System.Data.SqlClient.TdsParser.TryRun(RunBehavior runBehavior, SqlCommand cmdHandler, SqlDataReader dataStream, BulkCopySimpleResultSet bulkCopyHandler, TdsParserStateObject stateObj, Boolean& dataReady)
   em System.Data.SqlClient.SqlDataReader.TryConsumeMetaData()
   em System.Data.SqlClient.SqlDataReader.get_MetaData()
   em System.Data.SqlClient.SqlCommand.FinishExecuteReader(SqlDataReader ds, RunBehavior runBehavior, String resetOptionsString, Boolean isInternal, Boolean forDescribeParameterEncryption, Boolean shouldCacheForAlwaysEncrypted)
   em System.Data.SqlClient.SqlCommand.RunExecuteReaderTds(CommandBehavior cmdBehavior, RunBehavior runBehavior, Boolean returnStream, Boolean async, Int32 timeout, Task& task, Boolean asyncWrite, Boolean inRetry, SqlDataReader ds, Boolean describeParameterEncryptionRequest)
   em System.Data.SqlClient.SqlCommand.RunExecuteReader(CommandBehavior cmdBehavior, RunBehavior runBehavior, Boolean returnStream, String method, TaskCompletionSource`1 completion, Int32 timeout, Task& task, Boolean& usedCache, Boolean asyncWrite, Boolean inRetry)
   em System.Data.SqlClient.SqlCommand.RunExecuteReader(CommandBehavior cmdBehavior, RunBehavior runBehavior, Boolean returnStream, String method)
   em System.Data.SqlClient.SqlCommand.ExecuteReader(CommandBehavior behavior, String method)
   em System.Data.SqlClient.SqlCommand.ExecuteDbDataReader(CommandBehavior behavior)
   em System.Data.Common.DbCommand.System.Data.IDbCommand.ExecuteReader(CommandBehavior behavior)
   em System.Data.Common.DbDataAdapter.FillInternal(DataSet dataset, DataTable[] datatables, Int32 startRecord, Int32 maxRecords, String srcTable, IDbCommand command, CommandBehavior behavior)
   em System.Data.Common.DbDataAdapter.Fill(DataSet dataSet, Int32 startRecord, Int32 maxRecords, String srcTable, IDbCommand command, CommandBehavior behavior)
   em System.Data.Common.DbDataAdapter.Fill(DataSet dataSet, String srcTable)
   em MCONTROL_OEE.mod_OEE.ReadDBGETPARADAS(String strDataInicial, String strHORAINICIAL, String strDataFinal, String strHORAFINAL, ListBoxAdv lblMAQUINAID, DataGridViewX& dgvPARADAS, Int32 intMOTIVON1ID, Int32 intMOTIVON2ID, Int32 intMOTIVON3ID, Boolean bolSEMMOTIVOS, String& strERROR) na D:\VOESTALPINE - DEV\MCONTROL_OEE\MCONTROL_OEE\mod_OEE.vb:linha 1558
ClientConnectionId:70c16a80-1de3-4ba0-8afa-e714f95f548e
Error Number:207,State:1,Class:16
28/06/2020 20:06:29 - Falha interna da função ReadDBGETPARADAS
28/06/2020 20:06:29 - System.ArgumentException: A coluna 'MachineId' não pertence à tabela Paradas.
   em System.Data.DataRow.GetDataColumn(String columnName)
   em System.Data.DataRow.get_Item(String columnName)
   em MCONTROL_OEE.mod_OEE.ReadDBGETPARADAS(String strDataInicial, String strHORAINICIAL, String strDataFinal, String strHORAFINAL, ListBoxAdv lblMAQUINAID, DataGridViewX& dgvPARADAS, Int32 intMOTIVON1ID, Int32 intMOTIVON2ID, Int32 intMOTIVON3ID, Boolean bolSEMMOTIVOS, String& strERROR)
28/06/2020 20:08:36 - Falha interna da função ReadDBCHECKTEMPOCALENDARIO
28/06/2020 20:08:36 - System.Data.SqlClient.SqlException (0x80131904): Invalid object name 'dbo.exe_MCONTROL_OEE_10000863_Days'.
   em System.Data.SqlClient.SqlConnection.OnError(SqlException exception, Boolean breakConnection, Action`1 wrapCloseInAction)
   em System.Data.SqlClient.SqlInternalConnection.OnError(SqlException exception, Boolean breakConnection, Action`1 wrapCloseInAction)
   em System.Data.SqlClient.TdsParser.ThrowExceptionAndWarning(TdsParserStateObject stateObj, Boolean callerHasConnectionLock, Boolean asyncClose)
   em System.Data.SqlClient.TdsParser.TryRun(RunBehavior runBehavior, SqlCommand cmdHandler, SqlDataReader dataStream, BulkCopySimpleResultSet bulkCopyHandler, TdsParserStateObject stateObj, Boolean& dataReady)
   em System.Data.SqlClient.SqlDataReader.TryConsumeMetaData()
   em System.Data.SqlClient.SqlDataReader.get_MetaData()
   em System.Data.SqlClient.SqlCommand.FinishExecuteReader(SqlDataReader ds, RunBehavior runBehavior, String resetOptionsString, Boolean isInternal, Boolean forDescribeParameterEncryption, Boolean shouldCacheForAlwaysEncrypted)
   em System.Data.SqlClient.SqlCommand.RunExecuteReaderTds(CommandBehavior cmdBehavior, RunBehavior runBehavior, Boolean returnStream, Boolean async, Int32 timeout, Task& task, Boolean asyncWrite, Boolean inRetry, SqlDataReader ds, Boolean describeParameterEncryptionRequest)
   em System.Data.SqlClient.SqlCommand.RunExecuteReader(CommandBehavior cmdBehavior, RunBehavior runBehavior, Boolean returnStream, String method, TaskCompletionSource`1 completion, Int32 timeout, Task& task, Boolean& usedCache, Boolean asyncWrite, Boolean inRetry)
   em System.Data.SqlClient.SqlCommand.RunExecuteReader(CommandBehavior cmdBehavior, RunBehavior runBehavior, Boolean returnStream, String method)
   em System.Data.SqlClient.SqlCommand.ExecuteReader(CommandBehavior behavior, String method)
   em System.Data.SqlClient.SqlCommand.ExecuteDbDataReader(CommandBehavior behavior)
   em System.Data.Common.DbCommand.System.Data.IDbCommand.ExecuteReader(CommandBehavior behavior)
   em System.Data.Common.DbDataAdapter.FillInternal(DataSet dataset, DataTable[] datatables, Int32 startRecord, Int32 maxRecords, String srcTable, IDbCommand command, CommandBehavior behavior)
   em System.Data.Common.DbDataAdapter.Fill(DataSet dataSet, Int32 startRecord, Int32 maxRecords, String srcTable, IDbCommand command, CommandBehavior behavior)
   em System.Data.Common.DbDataAdapter.Fill(DataSet dataSet, String srcTable)
   em MCONTROL_OEE.mod_OEE.ReadDBCHECKTEMPOCALENDARIO(DataGridViewX& advtPARADAS, String strDATAINICIAL, String strDATAFINAL, Boolean& bolFOUND, String& strERROR)
ClientConnectionId:c1e7ee57-b53f-4ecc-84af-3e9027fc0a9a
Error Number:208,State:1,Class:16
28/06/2020 20:12:31 - Falha interna da função ReadDBCHECKTEMPOCALENDARIO
28/06/2020 20:12:31 - System.Data.SqlClient.SqlException (0x80131904): Invalid object name 'dbo.exe_MCONTROL_OEE_10000863_Days'.
   em System.Data.SqlClient.SqlConnection.OnError(SqlException exception, Boolean breakConnection, Action`1 wrapCloseInAction)
   em System.Data.SqlClient.SqlInternalConnection.OnError(SqlException exception, Boolean breakConnection, Action`1 wrapCloseInAction)
   em System.Data.SqlClient.TdsParser.ThrowExceptionAndWarning(TdsParserStateObject stateObj, Boolean callerHasConnectionLock, Boolean asyncClose)
   em System.Data.SqlClient.TdsParser.TryRun(RunBehavior runBehavior, SqlCommand cmdHandler, SqlDataReader dataStream, BulkCopySimpleResultSet bulkCopyHandler, TdsParserStateObject stateObj, Boolean& dataReady)
   em System.Data.SqlClient.SqlDataReader.TryConsumeMetaData()
   em System.Data.SqlClient.SqlDataReader.get_MetaData()
   em System.Data.SqlClient.SqlCommand.FinishExecuteReader(SqlDataReader ds, RunBehavior runBehavior, String resetOptionsString, Boolean isInternal, Boolean forDescribeParameterEncryption, Boolean shouldCacheForAlwaysEncrypted)
   em System.Data.SqlClient.SqlCommand.RunExecuteReaderTds(CommandBehavior cmdBehavior, RunBehavior runBehavior, Boolean returnStream, Boolean async, Int32 timeout, Task& task, Boolean asyncWrite, Boolean inRetry, SqlDataReader ds, Boolean describeParameterEncryptionRequest)
   em System.Data.SqlClient.SqlCommand.RunExecuteReader(CommandBehavior cmdBehavior, RunBehavior runBehavior, Boolean returnStream, String method, TaskCompletionSource`1 completion, Int32 timeout, Task& task, Boolean& usedCache, Boolean asyncWrite, Boolean inRetry)
   em System.Data.SqlClient.SqlCommand.RunExecuteReader(CommandBehavior cmdBehavior, RunBehavior runBehavior, Boolean returnStream, String method)
   em System.Data.SqlClient.SqlCommand.ExecuteReader(CommandBehavior behavior, String method)
   em System.Data.SqlClient.SqlCommand.ExecuteDbDataReader(CommandBehavior behavior)
   em System.Data.Common.DbCommand.System.Data.IDbCommand.ExecuteReader(CommandBehavior behavior)
   em System.Data.Common.DbDataAdapter.FillInternal(DataSet dataset, DataTable[] datatables, Int32 startRecord, Int32 maxRecords, String srcTable, IDbCommand command, CommandBehavior behavior)
   em System.Data.Common.DbDataAdapter.Fill(DataSet dataSet, Int32 startRecord, Int32 maxRecords, String srcTable, IDbCommand command, CommandBehavior behavior)
   em System.Data.Common.DbDataAdapter.Fill(DataSet dataSet, String srcTable)
   em MCONTROL_OEE.mod_OEE.ReadDBCHECKTEMPOCALENDARIO(DataGridViewX& advtPARADAS, String strDATAINICIAL, String strDATAFINAL, Boolean& bolFOUND, String& strERROR) na D:\VOESTALPINE - DEV\MCONTROL_OEE\MCONTROL_OEE\mod_OEE.vb:linha 11306
ClientConnectionId:15e86f1a-4fe1-40e1-a5f1-c8c223eb1e8c
Error Number:208,State:1,Class:16
28/06/2020 20:22:58 - Falha interna da função ReadDBCHECKTEMPOCALENDARIO
28/06/2020 20:22:58 - System.FormatException: A cadeia de caracteres não foi reconhecida como um DateTime válido. Há uma palavra desconhecida que começa no índice 2.
   em System.DateTimeParse.Parse(String s, DateTimeFormatInfo dtfi, DateTimeStyles styles)
   em System.Convert.ToDateTime(String value, IFormatProvider provider)
   em System.String.System.IConvertible.ToDateTime(IFormatProvider provider)
   em System.Convert.ToDateTime(Object value)
   em MCONTROL_OEE.mod_OEE.ReadDBCHECKTEMPOCALENDARIO(DataGridViewX& advtPARADAS, String strDATAINICIAL, String strDATAFINAL, Boolean& bolFOUND, String& strERROR) na D:\VOESTALPINE - DEV\MCONTROL_OEE\MCONTROL_OEE\mod_OEE.vb:linha 11308
28/06/2020 20:38:02 - Falha interna da função ReadDBGETPARADAS
28/06/2020 20:38:02 - System.Data.SqlClient.SqlException (0x80131904): Ocorreu um erro no nível de transporte durante o recebimento de resultados do servidor. (provider: TCP Provider, error: 0 - O tempo limite do semáforo expirou.) ---> System.ComponentModel.Win32Exception (0x80004005): O tempo limite do semáforo expirou
   em System.Data.SqlClient.SqlConnection.OnError(SqlException exception, Boolean breakConnection, Action`1 wrapCloseInAction)
   em System.Data.SqlClient.SqlInternalConnection.OnError(SqlException exception, Boolean breakConnection, Action`1 wrapCloseInAction)
   em System.Data.SqlClient.TdsParser.ThrowExceptionAndWarning(TdsParserStateObject stateObj, Boolean callerHasConnectionLock, Boolean asyncClose)
   em System.Data.SqlClient.TdsParserStateObject.ReadSniError(TdsParserStateObject stateObj, UInt32 error)
   em System.Data.SqlClient.TdsParserStateObject.ReadSniSyncOverAsync()
   em System.Data.SqlClient.TdsParserStateObject.TryReadNetworkPacket()
   em System.Data.SqlClient.TdsParserStateObject.TryPrepareBuffer()
   em System.Data.SqlClient.TdsParserStateObject.TryReadByte(Byte& value)
   em System.Data.SqlClient.TdsParser.TryRun(RunBehavior runBehavior, SqlCommand cmdHandler, SqlDataReader dataStream, BulkCopySimpleResultSet bulkCopyHandler, TdsParserStateObject stateObj, Boolean& dataReady)
   em System.Data.SqlClient.SqlDataReader.TryConsumeMetaData()
   em System.Data.SqlClient.SqlDataReader.get_MetaData()
   em System.Data.SqlClient.SqlCommand.FinishExecuteReader(SqlDataReader ds, RunBehavior runBehavior, String resetOptionsString, Boolean isInternal, Boolean forDescribeParameterEncryption, Boolean shouldCacheForAlwaysEncrypted)
   em System.Data.SqlClient.SqlCommand.RunExecuteReaderTds(CommandBehavior cmdBehavior, RunBehavior runBehavior, Boolean returnStream, Boolean async, Int32 timeout, Task& task, Boolean asyncWrite, Boolean inRetry, SqlDataReader ds, Boolean describeParameterEncryptionRequest)
   em System.Data.SqlClient.SqlCommand.RunExecuteReader(CommandBehavior cmdBehavior, RunBehavior runBehavior, Boolean returnStream, String method, TaskCompletionSource`1 completion, Int32 timeout, Task& task, Boolean& usedCache, Boolean asyncWrite, Boolean inRetry)
   em System.Data.SqlClient.SqlCommand.RunExecuteReader(CommandBehavior cmdBehavior, RunBehavior runBehavior, Boolean returnStream, String method)
   em System.Data.SqlClient.SqlCommand.ExecuteReader(CommandBehavior behavior, String method)
   em System.Data.SqlClient.SqlCommand.ExecuteDbDataReader(CommandBehavior behavior)
   em System.Data.Common.DbCommand.System.Data.IDbCommand.ExecuteReader(CommandBehavior behavior)
   em System.Data.Common.DbDataAdapter.FillInternal(DataSet dataset, DataTable[] datatables, Int32 startRecord, Int32 maxRecords, String srcTable, IDbCommand command, CommandBehavior behavior)
   em System.Data.Common.DbDataAdapter.Fill(DataSet dataSet, Int32 startRecord, Int32 maxRecords, String srcTable, IDbCommand command, CommandBehavior behavior)
   em System.Data.Common.DbDataAdapter.Fill(DataSet dataSet, String srcTable)
   em MCONTROL_OEE.mod_OEE.ReadDBGETPARADAS(String strDataInicial, String strHORAINICIAL, String strDataFinal, String strHORAFINAL, ListBoxAdv lblMAQUINAID, DataGridViewX& dgvPARADAS, Int32 intMOTIVON1ID, Int32 intMOTIVON2ID, Int32 intMOTIVON3ID, Boolean bolSEMMOTIVOS, String& strERROR) na D:\VOESTALPINE - DEV\MCONTROL_OEE\MCONTROL_OEE\mod_OEE.vb:linha 1559
ClientConnectionId:f6f209e9-d810-41d5-9b46-2b9a96be823c
Error Number:121,State:0,Class:20