
21/07/2020 10:32:32 - Falha interna da função WriteDBREPORTAPONTAMENTO
21/07/2020 10:32:33 - System.ArgumentException: A coluna 'date_shift' não pertence à tabela DAHoje.
   em System.Data.DataRow.GetDataColumn(String columnName)
   em System.Data.DataRow.get_Item(String columnName)
   em MCONTROL_OEE.mod_OEE.WriteDBREPORTAPONTAMENTO(Int32 intMACHINEID, Int32 intUSERID, Int32 intMES, Int32 intANO, String& strERROR)
21/07/2020 10:43:44 - Falha interna da função WriteDBREPORTAPONTAMENTO
21/07/2020 10:43:44 - System.Data.SqlClient.SqlException (0x80131904): Could not find stored procedure 'False'.
   em System.Data.SqlClient.SqlConnection.OnError(SqlException exception, Boolean breakConnection, Action`1 wrapCloseInAction)
   em System.Data.SqlClient.SqlInternalConnection.OnError(SqlException exception, Boolean breakConnection, Action`1 wrapCloseInAction)
   em System.Data.SqlClient.TdsParser.ThrowExceptionAndWarning(TdsParserStateObject stateObj, Boolean callerHasConnectionLock, Boolean asyncClose)
   em System.Data.SqlClient.TdsParser.TryRun(RunBehavior runBehavior, SqlCommand cmdHandler, SqlDataReader dataStream, BulkCopySimpleResultSet bulkCopyHandler, TdsParserStateObject stateObj, Boolean& dataReady)
   em System.Data.SqlClient.SqlDataReader.TryConsumeMetaData()
   em System.Data.SqlClient.SqlDataReader.get_MetaData()
   em System.Data.SqlClient.SqlCommand.FinishExecuteReader(SqlDataReader ds, RunBehavior runBehavior, String resetOptionsString, Boolean isInternal, Boolean forDescribeParameterEncryption, Boolean shouldCacheForAlwaysEncrypted)
   em System.Data.SqlClient.SqlCommand.RunExecuteReaderTds(CommandBehavior cmdBehavior, RunBehavior runBehavior, Boolean returnStream, Boolean async, Int32 timeout, Task& task, Boolean asyncWrite, Boolean inRetry, SqlDataReader ds, Boolean describeParameterEncryptionRequest)
   em System.Data.SqlClient.SqlCommand.RunExecuteReader(CommandBehavior cmdBehavior, RunBehavior runBehavior, Boolean returnStream, String method, TaskCompletionSource`1 completion, Int32 timeout, Task& task, Boolean& usedCache, Boolean asyncWrite, Boolean inRetry)
   em System.Data.SqlClient.SqlCommand.RunExecuteReader(CommandBehavior cmdBehavior, RunBehavior runBehavior, Boolean returnStream, String method)
   em System.Data.SqlClient.SqlCommand.ExecuteReader(CommandBehavior behavior, String method)
   em System.Data.SqlClient.SqlCommand.ExecuteDbDataReader(CommandBehavior behavior)
   em System.Data.Common.DbCommand.System.Data.IDbCommand.ExecuteReader(CommandBehavior behavior)
   em System.Data.Common.DbDataAdapter.FillInternal(DataSet dataset, DataTable[] datatables, Int32 startRecord, Int32 maxRecords, String srcTable, IDbCommand command, CommandBehavior behavior)
   em System.Data.Common.DbDataAdapter.Fill(DataSet dataSet, Int32 startRecord, Int32 maxRecords, String srcTable, IDbCommand command, CommandBehavior behavior)
   em System.Data.Common.DbDataAdapter.Fill(DataSet dataSet, String srcTable)
   em MCONTROL_OEE.mod_OEE.WriteDBREPORTAPONTAMENTO(Int32 intMACHINEID, Int32 intUSERID, Int32 intMES, Int32 intANO, String& strERROR)
ClientConnectionId:ad1cac76-9e74-4b9c-bfc1-1c3363b40d6d
Error Number:2812,State:62,Class:16
21/07/2020 11:32:55 - Falha interna da função WriteDBREPORTAPONTAMENTO_GRUPO
21/07/2020 11:32:55 - System.IndexOutOfRangeException: Não há linha na posição 7.
   em System.Data.RBTree`1.GetNodeByIndex(Int32 userIndex)
   em System.Data.DataRowCollection.get_Item(Int32 index)
   em MCONTROL_OEE.mod_OEE.WriteDBREPORTAPONTAMENTO_GRUPO(Int32 intUSERID, Int32 intMES, Int32 intANO, String& strERROR)
21/07/2020 11:35:09 - Falha interna da função WriteDBREPORTAPONTAMENTO_GRUPO
21/07/2020 11:35:09 - System.IndexOutOfRangeException: Não há linha na posição 7.
   em System.Data.RBTree`1.GetNodeByIndex(Int32 userIndex)
   em System.Data.DataRowCollection.get_Item(Int32 index)
   em MCONTROL_OEE.mod_OEE.WriteDBREPORTAPONTAMENTO_GRUPO(Int32 intUSERID, Int32 intMES, Int32 intANO, String& strERROR)
21/07/2020 16:36:31 - Falha interna da função WriteDBREPORTAPONTAMENTOLIVRE
21/07/2020 16:36:31 - System.DivideByZeroException: Tentativa de divisão por zero.
   em System.Decimal.FCallDivide(Decimal& d1, Decimal& d2)
   em System.Decimal.Divide(Decimal d1, Decimal d2)
   em MCONTROL_OEE.mod_OEE.WriteDBREPORTAPONTAMENTOLIVRE(ListBoxAdv lbMAQUINA, ListBoxAdv lbMAQUINAID, Int32 intUSERID, String strDATAINICIAL, String strHORAINICIAL, String strDATAFINAL, String strHORAFINAL, Int32 intDIASUTEIS, String& strERROR)
21/07/2020 16:36:55 - Falha interna da função WriteDBREPORTAPONTAMENTOLIVRE
21/07/2020 16:36:55 - System.DivideByZeroException: Tentativa de divisão por zero.
   em System.Decimal.FCallDivide(Decimal& d1, Decimal& d2)
   em System.Decimal.Divide(Decimal d1, Decimal d2)
   em MCONTROL_OEE.mod_OEE.WriteDBREPORTAPONTAMENTOLIVRE(ListBoxAdv lbMAQUINA, ListBoxAdv lbMAQUINAID, Int32 intUSERID, String strDATAINICIAL, String strHORAINICIAL, String strDATAFINAL, String strHORAFINAL, Int32 intDIASUTEIS, String& strERROR)