
11/12/2020 11:25:27 - Falha interna da função WriteDBREPORTAPONTAMENTO
11/12/2020 11:25:27 - System.IndexOutOfRangeException: Não há linha na posição 0.
   em System.Data.RBTree`1.GetNodeByIndex(Int32 userIndex)
   em System.Data.DataRowCollection.get_Item(Int32 index)
   em MCONTROL_OEE.mod_OEE.WriteDBREPORTAPONTAMENTO(Int32 intMACHINEID, Int32 intUSERID, Int32 intMES, Int32 intANO, String& strERROR) na D:\VOESTALPINE - DEV\MCONTROL_OEE\MCONTROL_OEE\mod_OEE.vb:linha 6167
11/12/2020 11:28:46 - Falha interna da função WriteDBREPORTAPONTAMENTO
11/12/2020 11:28:46 - System.IndexOutOfRangeException: Não há linha na posição 0.
   em System.Data.RBTree`1.GetNodeByIndex(Int32 userIndex)
   em System.Data.DataRowCollection.get_Item(Int32 index)
   em MCONTROL_OEE.mod_OEE.WriteDBREPORTAPONTAMENTO(Int32 intMACHINEID, Int32 intUSERID, Int32 intMES, Int32 intANO, String& strERROR) na D:\VOESTALPINE - DEV\MCONTROL_OEE\MCONTROL_OEE\mod_OEE.vb:linha 6167
11/12/2020 11:29:47 - Falha interna da função WriteDBREPORTAPONTAMENTO
11/12/2020 11:29:47 - System.IndexOutOfRangeException: Não há linha na posição 0.
   em System.Data.RBTree`1.GetNodeByIndex(Int32 userIndex)
   em System.Data.DataRowCollection.get_Item(Int32 index)
   em MCONTROL_OEE.mod_OEE.WriteDBREPORTAPONTAMENTO(Int32 intMACHINEID, Int32 intUSERID, Int32 intMES, Int32 intANO, String& strERROR) na D:\VOESTALPINE - DEV\MCONTROL_OEE\MCONTROL_OEE\mod_OEE.vb:linha 6167
11/12/2020 11:30:19 - Falha interna da função WriteDBREPORTAPONTAMENTO
11/12/2020 11:30:19 - System.IndexOutOfRangeException: Não há linha na posição 0.
   em System.Data.RBTree`1.GetNodeByIndex(Int32 userIndex)
   em System.Data.DataRowCollection.get_Item(Int32 index)
   em MCONTROL_OEE.mod_OEE.WriteDBREPORTAPONTAMENTO(Int32 intMACHINEID, Int32 intUSERID, Int32 intMES, Int32 intANO, String& strERROR) na D:\VOESTALPINE - DEV\MCONTROL_OEE\MCONTROL_OEE\mod_OEE.vb:linha 6167