
18/06/2020 09:39:37 - Falha interna da função ReadDBGETCOMMSTATUS
18/06/2020 09:39:37 - System.Data.SqlClient.SqlException (0x80131904): Tempo Limite de Execução Expirado.  O período de tempo limite terminou antes da conclusão da operação ou o servidor não está respondendo. ---> System.ComponentModel.Win32Exception (0x80004005): O tempo limite de espera foi atingido
   em System.Data.SqlClient.SqlInternalConnection.OnError(SqlException exception, Boolean breakConnection, Action`1 wrapCloseInAction)
   em System.Data.SqlClient.TdsParser.ThrowExceptionAndWarning(TdsParserStateObject stateObj, Boolean callerHasConnectionLock, Boolean asyncClose)
   em System.Data.SqlClient.TdsParserStateObject.ReadSniError(TdsParserStateObject stateObj, UInt32 error)
   em System.Data.SqlClient.TdsParserStateObject.ReadSniSyncOverAsync()
   em System.Data.SqlClient.TdsParserStateObject.TryReadNetworkPacket()
   em System.Data.SqlClient.TdsParserStateObject.TryPrepareBuffer()
   em System.Data.SqlClient.TdsParserStateObject.TryReadByte(Byte& value)
   em System.Data.SqlClient.TdsParser.TryRun(RunBehavior runBehavior, SqlCommand cmdHandler, SqlDataReader dataStream, BulkCopySimpleResultSet bulkCopyHandler, TdsParserStateObject stateObj, Boolean& dataReady)
   em System.Data.SqlClient.SqlDataReader.TryConsumeMetaData()
   em System.Data.SqlClient.SqlDataReader.get_MetaData()
   em System.Data.SqlClient.SqlCommand.FinishExecuteReader(SqlDataReader ds, RunBehavior runBehavior, String resetOptionsString, Boolean isInternal, Boolean forDescribeParameterEncryption, Boolean shouldCacheForAlwaysEncrypted)
   em System.Data.SqlClient.SqlCommand.RunExecuteReaderTds(CommandBehavior cmdBehavior, RunBehavior runBehavior, Boolean returnStream, Boolean async, Int32 timeout, Task& task, Boolean asyncWrite, Boolean inRetry, SqlDataReader ds, Boolean describeParameterEncryptionRequest)
   em System.Data.SqlClient.SqlCommand.RunExecuteReader(CommandBehavior cmdBehavior, RunBehavior runBehavior, Boolean returnStream, String method, TaskCompletionSource`1 completion, Int32 timeout, Task& task, Boolean& usedCache, Boolean asyncWrite, Boolean inRetry)
   em System.Data.SqlClient.SqlCommand.RunExecuteReader(CommandBehavior cmdBehavior, RunBehavior runBehavior, Boolean returnStream, String method)
   em System.Data.SqlClient.SqlCommand.ExecuteReader(CommandBehavior behavior, String method)
   em System.Data.SqlClient.SqlCommand.ExecuteDbDataReader(CommandBehavior behavior)
   em System.Data.Common.DbCommand.System.Data.IDbCommand.ExecuteReader(CommandBehavior behavior)
   em System.Data.Common.DbDataAdapter.FillInternal(DataSet dataset, DataTable[] datatables, Int32 startRecord, Int32 maxRecords, String srcTable, IDbCommand command, CommandBehavior behavior)
   em System.Data.Common.DbDataAdapter.Fill(DataSet dataSet, Int32 startRecord, Int32 maxRecords, String srcTable, IDbCommand command, CommandBehavior behavior)
   em System.Data.Common.DbDataAdapter.Fill(DataSet dataSet, String srcTable)
   em MCONTROL_OEE.frm_ONLINE.ReadDBGETCOMMSTATUS(Int32 intBABELID, Boolean& bolCOMMOK, String& strERROR) na D:\VOESTALPINE - DEV\MCONTROL_OEE\MCONTROL_OEE\frm_ONLINE.vb:linha 327
ClientConnectionId:0ac5784b-3f1b-47a9-81fd-043260aeb812
Error Number:-2,State:0,Class:11
18/06/2020 09:48:00 - Falha interna da função ReadDBGETSTATUS
18/06/2020 09:48:00 - System.Data.SqlClient.SqlException (0x80131904): Ocorreu um erro no nível de transporte durante o recebimento de resultados do servidor. (provider: TCP Provider, error: 0 - O tempo limite do semáforo expirou.) ---> System.ComponentModel.Win32Exception (0x80004005): O tempo limite do semáforo expirou
   em System.Data.SqlClient.SqlConnection.OnError(SqlException exception, Boolean breakConnection, Action`1 wrapCloseInAction)
   em System.Data.SqlClient.SqlInternalConnection.OnError(SqlException exception, Boolean breakConnection, Action`1 wrapCloseInAction)
   em System.Data.SqlClient.TdsParser.ThrowExceptionAndWarning(TdsParserStateObject stateObj, Boolean callerHasConnectionLock, Boolean asyncClose)
   em System.Data.SqlClient.TdsParserStateObject.ReadSniError(TdsParserStateObject stateObj, UInt32 error)
   em System.Data.SqlClient.TdsParserStateObject.ReadSniSyncOverAsync()
   em System.Data.SqlClient.TdsParserStateObject.TryReadNetworkPacket()
   em System.Data.SqlClient.TdsParserStateObject.TryPrepareBuffer()
   em System.Data.SqlClient.TdsParserStateObject.TryReadByte(Byte& value)
   em System.Data.SqlClient.TdsParser.TryRun(RunBehavior runBehavior, SqlCommand cmdHandler, SqlDataReader dataStream, BulkCopySimpleResultSet bulkCopyHandler, TdsParserStateObject stateObj, Boolean& dataReady)
   em System.Data.SqlClient.SqlDataReader.TryConsumeMetaData()
   em System.Data.SqlClient.SqlDataReader.get_MetaData()
   em System.Data.SqlClient.SqlCommand.FinishExecuteReader(SqlDataReader ds, RunBehavior runBehavior, String resetOptionsString, Boolean isInternal, Boolean forDescribeParameterEncryption, Boolean shouldCacheForAlwaysEncrypted)
   em System.Data.SqlClient.SqlCommand.RunExecuteReaderTds(CommandBehavior cmdBehavior, RunBehavior runBehavior, Boolean returnStream, Boolean async, Int32 timeout, Task& task, Boolean asyncWrite, Boolean inRetry, SqlDataReader ds, Boolean describeParameterEncryptionRequest)
   em System.Data.SqlClient.SqlCommand.RunExecuteReader(CommandBehavior cmdBehavior, RunBehavior runBehavior, Boolean returnStream, String method, TaskCompletionSource`1 completion, Int32 timeout, Task& task, Boolean& usedCache, Boolean asyncWrite, Boolean inRetry)
   em System.Data.SqlClient.SqlCommand.RunExecuteReader(CommandBehavior cmdBehavior, RunBehavior runBehavior, Boolean returnStream, String method)
   em System.Data.SqlClient.SqlCommand.ExecuteReader(CommandBehavior behavior, String method)
   em System.Data.SqlClient.SqlCommand.ExecuteDbDataReader(CommandBehavior behavior)
   em System.Data.Common.DbCommand.System.Data.IDbCommand.ExecuteReader(CommandBehavior behavior)
   em System.Data.Common.DbDataAdapter.FillInternal(DataSet dataset, DataTable[] datatables, Int32 startRecord, Int32 maxRecords, String srcTable, IDbCommand command, CommandBehavior behavior)
   em System.Data.Common.DbDataAdapter.Fill(DataSet dataSet, Int32 startRecord, Int32 maxRecords, String srcTable, IDbCommand command, CommandBehavior behavior)
   em System.Data.Common.DbDataAdapter.Fill(DataSet dataSet, String srcTable)
   em MCONTROL_OEE.frm_ONLINE.ReadDBGETSTATUS(Int32 intMACHINEID, String& strSTATUS, Boolean& bolPARADA, Boolean& bolAGUARDANDO, Boolean& bolNOMOTIVO, Boolean& bolNOESCALA, Boolean& bolNOSTATUS, Boolean& bolPRODUZINDO, String& strTEMPO, String& strMOTIVO, String& strMOTIVO2, String& strERROR) na D:\VOESTALPINE - DEV\MCONTROL_OEE\MCONTROL_OEE\frm_ONLINE.vb:linha 230
ClientConnectionId:eac30f76-d8b2-48c9-ba50-a6e0c6ffdf35
Error Number:121,State:0,Class:20