
19/06/2021 10:41:45 - Falha interna da função WriteDBREPORTAPONTAMENTO_GRUPO
19/06/2021 10:41:45 - System.IndexOutOfRangeException: Não há linha na posição 0.
   em System.Data.RBTree`1.GetNodeByIndex(Int32 userIndex)
   em System.Data.DataRowCollection.get_Item(Int32 index)
   em MCONTROL_OEE.mod_OEE.WriteDBREPORTAPONTAMENTO_GRUPO(Int32 intUSERID, Int32 intMES, Int32 intANO, String& strERROR) na D:\DEV_VOESTALPINE_NEW\MCONTROL_OEE\MCONTROL_OEE\mod_OEE.vb:linha 6834
19/06/2021 10:56:48 - Falha interna da função WriteDBREPORTAPONTAMENTO_GRUPO
19/06/2021 10:56:48 - System.IndexOutOfRangeException: Não há linha na posição 0.
   em System.Data.RBTree`1.GetNodeByIndex(Int32 userIndex)
   em System.Data.DataRowCollection.get_Item(Int32 index)
   em MCONTROL_OEE.mod_OEE.WriteDBREPORTAPONTAMENTO_PARCIAL(Int32 intUSERID, String& strERROR) na D:\DEV_VOESTALPINE_NEW\MCONTROL_OEE\MCONTROL_OEE\mod_OEE.vb:linha 7245
19/06/2021 17:47:23 - Falha interna da função GetDevices
19/06/2021 17:47:24 - System.Data.SqlClient.SqlException (0x80131904): Invalid object name 'dbo.exe_MCONTROL_OEE_idreferences'.
   em System.Data.SqlClient.SqlConnection.OnError(SqlException exception, Boolean breakConnection, Action`1 wrapCloseInAction)
   em System.Data.SqlClient.SqlInternalConnection.OnError(SqlException exception, Boolean breakConnection, Action`1 wrapCloseInAction)
   em System.Data.SqlClient.TdsParser.ThrowExceptionAndWarning(TdsParserStateObject stateObj, Boolean callerHasConnectionLock, Boolean asyncClose)
   em System.Data.SqlClient.TdsParser.TryRun(RunBehavior runBehavior, SqlCommand cmdHandler, SqlDataReader dataStream, BulkCopySimpleResultSet bulkCopyHandler, TdsParserStateObject stateObj, Boolean& dataReady)
   em System.Data.SqlClient.SqlDataReader.TryConsumeMetaData()
   em System.Data.SqlClient.SqlDataReader.get_MetaData()
   em System.Data.SqlClient.SqlCommand.FinishExecuteReader(SqlDataReader ds, RunBehavior runBehavior, String resetOptionsString, Boolean isInternal, Boolean forDescribeParameterEncryption, Boolean shouldCacheForAlwaysEncrypted)
   em System.Data.SqlClient.SqlCommand.RunExecuteReaderTds(CommandBehavior cmdBehavior, RunBehavior runBehavior, Boolean returnStream, Boolean async, Int32 timeout, Task& task, Boolean asyncWrite, Boolean inRetry, SqlDataReader ds, Boolean describeParameterEncryptionRequest)
   em System.Data.SqlClient.SqlCommand.RunExecuteReader(CommandBehavior cmdBehavior, RunBehavior runBehavior, Boolean returnStream, String method, TaskCompletionSource`1 completion, Int32 timeout, Task& task, Boolean& usedCache, Boolean asyncWrite, Boolean inRetry)
   em System.Data.SqlClient.SqlCommand.RunExecuteReader(CommandBehavior cmdBehavior, RunBehavior runBehavior, Boolean returnStream, String method)
   em System.Data.SqlClient.SqlCommand.ExecuteReader(CommandBehavior behavior, String method)
   em System.Data.SqlClient.SqlCommand.ExecuteDbDataReader(CommandBehavior behavior)
   em System.Data.Common.DbCommand.System.Data.IDbCommand.ExecuteReader(CommandBehavior behavior)
   em System.Data.Common.DbDataAdapter.FillInternal(DataSet dataset, DataTable[] datatables, Int32 startRecord, Int32 maxRecords, String srcTable, IDbCommand command, CommandBehavior behavior)
   em System.Data.Common.DbDataAdapter.Fill(DataSet dataSet, Int32 startRecord, Int32 maxRecords, String srcTable, IDbCommand command, CommandBehavior behavior)
   em System.Data.Common.DbDataAdapter.Fill(DataSet dataSet, String srcTable)
   em MCONTROL_OEE.mod_OEE.ReadDBGETDEVICES_BABEL(DataGridViewX& dgvDevices, String& strErro) na D:\DEV_VOESTALPINE_NEW\MCONTROL_OEE\MCONTROL_OEE\mod_OEE.vb:linha 14719
ClientConnectionId:b113a82d-68c2-452e-9ab1-ebe99b94e932
Error Number:208,State:1,Class:16
19/06/2021 17:48:28 - Falha interna da função GetDevices
19/06/2021 17:48:28 - System.IndexOutOfRangeException: Não há linha na posição 1.
   em System.Data.RBTree`1.GetNodeByIndex(Int32 userIndex)
   em System.Data.DataRowCollection.get_Item(Int32 index)
   em MCONTROL_OEE.mod_OEE.ReadDBGETDEVICES_BABEL(DataGridViewX& dgvDevices, String& strErro) na D:\DEV_VOESTALPINE_NEW\MCONTROL_OEE\MCONTROL_OEE\mod_OEE.vb:linha 14721
19/06/2021 18:59:25 - Falha interna da função CheckMAQUINABABEL
19/06/2021 18:59:25 - System.InvalidCastException: A conversão da cadeia de caracteres 'C5' no tipo 'Double' não é válida. ---> System.FormatException: A cadeia de caracteres de entrada não estava em um formato correto.
   em Microsoft.VisualBasic.CompilerServices.Conversions.ParseDouble(String Value, NumberFormatInfo NumberFormat)
   em Microsoft.VisualBasic.CompilerServices.Conversions.ToDouble(String Value, NumberFormatInfo NumberFormat)
   --- Fim do rastreamento de pilha de exceções internas ---
   em Microsoft.VisualBasic.CompilerServices.Conversions.ToDouble(String Value, NumberFormatInfo NumberFormat)
   em Microsoft.VisualBasic.CompilerServices.Operators.CompareObject2(Object Left, Object Right, Boolean TextCompare)
   em Microsoft.VisualBasic.CompilerServices.Operators.ConditionalCompareObjectEqual(Object Left, Object Right, Boolean TextCompare)
   em MCONTROL_OEE.mod_OEE.CheckMAQUINABABEL(ComboBox _cbMAQUINAID, ComboBox& _cbMAQUINA, Int32 _intDEVICEID, String& _strERROR) na D:\DEV_VOESTALPINE_NEW\MCONTROL_OEE\MCONTROL_OEE\mod_OEE.vb:linha 14844