
20/06/2021 08:36:29 - Falha interna da função WriteDBADDNEWBABEL
20/06/2021 08:36:29 - System.InvalidOperationException: ExecuteNonQuery: propriedade Connection não foi inicializada.
   em System.Data.SqlClient.SqlCommand.ValidateCommand(String method, Boolean async)
   em System.Data.SqlClient.SqlCommand.InternalExecuteNonQuery(TaskCompletionSource`1 completion, String methodName, Boolean sendToPipe, Int32 timeout, Boolean& usedCache, Boolean asyncWrite, Boolean inRetry)
   em System.Data.SqlClient.SqlCommand.ExecuteNonQuery()
   em MCONTROL_OEE.mod_OEE.WriteDBADDNEWBABEL(Boolean _bolENABLED, Int32 _intDEVICEID, String _strDEVICENAME, String _strSAPID, Int32 _intMAQUINAID, Int32 _intONTIME, Int32 _intOFFTIME, String& _strERROR) na D:\DEV_VOESTALPINE_NEW\MCONTROL_OEE\MCONTROL_OEE\mod_OEE.vb:linha 15022
20/06/2021 08:51:08 - Falha interna da função WriteDBADDNEWBABEL
20/06/2021 08:51:08 - System.Data.SqlClient.SqlException (0x80131904): Invalid column name 'downloadConcluded'.
Invalid column name 'readWriteConcluded'.
   em System.Data.SqlClient.SqlConnection.OnError(SqlException exception, Boolean breakConnection, Action`1 wrapCloseInAction)
   em System.Data.SqlClient.SqlInternalConnection.OnError(SqlException exception, Boolean breakConnection, Action`1 wrapCloseInAction)
   em System.Data.SqlClient.TdsParser.ThrowExceptionAndWarning(TdsParserStateObject stateObj, Boolean callerHasConnectionLock, Boolean asyncClose)
   em System.Data.SqlClient.TdsParser.TryRun(RunBehavior runBehavior, SqlCommand cmdHandler, SqlDataReader dataStream, BulkCopySimpleResultSet bulkCopyHandler, TdsParserStateObject stateObj, Boolean& dataReady)
   em System.Data.SqlClient.SqlCommand.RunExecuteNonQueryTds(String methodName, Boolean async, Int32 timeout, Boolean asyncWrite)
   em System.Data.SqlClient.SqlCommand.InternalExecuteNonQuery(TaskCompletionSource`1 completion, String methodName, Boolean sendToPipe, Int32 timeout, Boolean& usedCache, Boolean asyncWrite, Boolean inRetry)
   em System.Data.SqlClient.SqlCommand.ExecuteNonQuery()
   em MCONTROL_OEE.mod_OEE.WriteDBADDNEWBABEL(Boolean _bolENABLED, Int32 _intDEVICEID, String _strDEVICENAME, String _strSAPID, Int32 _intMAQUINAID, Int32 _intONTIME, Int32 _intOFFTIME, String& _strERROR) na D:\DEV_VOESTALPINE_NEW\MCONTROL_OEE\MCONTROL_OEE\mod_OEE.vb:linha 15156
ClientConnectionId:476809b9-47f9-40b5-af1b-a66bab6257d9
Error Number:207,State:1,Class:16
20/06/2021 09:33:07 - Falha interna da função WriteDBDELETEBABEL
20/06/2021 09:33:07 - System.Data.SqlClient.SqlException (0x80131904): Invalid object name 'dbo.cfg_deviceControl'.
   em System.Data.SqlClient.SqlConnection.OnError(SqlException exception, Boolean breakConnection, Action`1 wrapCloseInAction)
   em System.Data.SqlClient.SqlInternalConnection.OnError(SqlException exception, Boolean breakConnection, Action`1 wrapCloseInAction)
   em System.Data.SqlClient.TdsParser.ThrowExceptionAndWarning(TdsParserStateObject stateObj, Boolean callerHasConnectionLock, Boolean asyncClose)
   em System.Data.SqlClient.TdsParser.TryRun(RunBehavior runBehavior, SqlCommand cmdHandler, SqlDataReader dataStream, BulkCopySimpleResultSet bulkCopyHandler, TdsParserStateObject stateObj, Boolean& dataReady)
   em System.Data.SqlClient.SqlCommand.RunExecuteNonQueryTds(String methodName, Boolean async, Int32 timeout, Boolean asyncWrite)
   em System.Data.SqlClient.SqlCommand.InternalExecuteNonQuery(TaskCompletionSource`1 completion, String methodName, Boolean sendToPipe, Int32 timeout, Boolean& usedCache, Boolean asyncWrite, Boolean inRetry)
   em System.Data.SqlClient.SqlCommand.ExecuteNonQuery()
   em MCONTROL_OEE.mod_OEE.WriteDBDELETEBABEL(Int32 _intDEVICEID, String& _strERROR) na D:\DEV_VOESTALPINE_NEW\MCONTROL_OEE\MCONTROL_OEE\mod_OEE.vb:linha 14931
ClientConnectionId:f4cea96b-0b0b-46fc-80fb-a1dbd2a7f638
Error Number:208,State:1,Class:16
20/06/2021 23:45:40 - Falha interna da função ReadDBGETPARADAS
20/06/2021 23:45:40 - System.FormatException: Cadeia de caracteres não foi reconhecida como DateTime válido.
   em System.DateTimeParse.Parse(String s, DateTimeFormatInfo dtfi, DateTimeStyles styles)
   em System.Convert.ToDateTime(String value)
   em MCONTROL_OEE.mod_OEE.ReadDBGETPARADAS(String strDataInicial, String strHORAINICIAL, String strDataFinal, String strHORAFINAL, ListBoxAdv lblMAQUINAID, DataGridViewX& dgvPARADAS, Int32 intMOTIVON1ID, Int32 intMOTIVON2ID, Int32 intMOTIVON3ID, Boolean bolSEMMOTIVOS, String& strERROR) na D:\DEV_VOESTALPINE_NEW\MCONTROL_OEE\MCONTROL_OEE\mod_OEE.vb:linha 1624
20/06/2021 23:50:41 - Falha interna da função WriteDBREPORTTEMPOCALENDARIO
20/06/2021 23:50:42 - System.IndexOutOfRangeException: O índice estava fora dos limites da matriz.
   em MCONTROL_OEE.mod_OEE.WriteDBREPORTTEMPOCALENDARIO(ListBoxAdv lbMAQUINA, ListBoxAdv lbMAQUINAID, String strDATAINICIALORIGINAL, String strDATAFINALORIGINAL, String& strERROR) na D:\DEV_VOESTALPINE_NEW\MCONTROL_OEE\MCONTROL_OEE\mod_OEE.vb:linha 12321
20/06/2021 23:58:55 - Falha interna da função WriteDBREPORTPRODUTIVIDADE_GRUPO_MENSAL
20/06/2021 23:58:55 - System.FormatException: Cadeia de caracteres não foi reconhecida como DateTime válido.
   em System.DateTimeParse.Parse(String s, DateTimeFormatInfo dtfi, DateTimeStyles styles)
   em System.Convert.ToDateTime(String value)
   em MCONTROL_OEE.mod_OEE.WriteDBREPORTPRODUTIVIDADE_GRUPO_LIVRE(ListBoxAdv lbMAQUINA, ListBoxAdv lbMAQUINAID, String strDATAINICIAL, String strHORAINICIAL, String strDATAFINAL, String strHORAFINAL, String& strERROR)
20/06/2021 23:59:25 - Falha interna da função WriteDBREPORTPRODUTIVIDADE_GRUPO_DIARIO
20/06/2021 23:59:25 - System.NullReferenceException: Referência de objeto não definida para uma instância de um objeto.
   em MCONTROL_OEE.mod_OEE.WriteDBREPORTPRODUTIVIDADE_GRUPO_DIARIO(String& strERROR)